{"C:\\BitesBay\\bitesbay-backend\\controllers\\billingInfoController.js": {"path":"C:\\BitesBay\\bitesbay-backend\\controllers\\billingInfoController.js","statementMap":{"0":{"start":{"line":1,"column":20},"end":{"line":1,"column":60}},"1":{"start":{"line":4,"column":24},"end":{"line":51,"column":1}},"2":{"start":{"line":5,"column":2},"end":{"line":50,"column":3}},"3":{"start":{"line":16,"column":8},"end":{"line":16,"column":16}},"4":{"start":{"line":18,"column":4},"end":{"line":23,"column":5}},"5":{"start":{"line":19,"column":6},"end":{"line":22,"column":9}},"6":{"start":{"line":25,"column":24},"end":{"line":35,"column":6}},"7":{"start":{"line":37,"column":4},"end":{"line":37,"column":29}},"8":{"start":{"line":39,"column":4},"end":{"line":43,"column":7}},"9":{"start":{"line":45,"column":4},"end":{"line":45,"column":55}},"10":{"start":{"line":46,"column":4},"end":{"line":49,"column":7}},"11":{"start":{"line":54,"column":32},"end":{"line":80,"column":1}},"12":{"start":{"line":55,"column":2},"end":{"line":79,"column":3}},"13":{"start":{"line":56,"column":25},"end":{"line":56,"column":35}},"14":{"start":{"line":57,"column":27},"end":{"line":57,"column":36}},"15":{"start":{"line":59,"column":4},"end":{"line":64,"column":5}},"16":{"start":{"line":60,"column":6},"end":{"line":63,"column":9}},"17":{"start":{"line":66,"column":27},"end":{"line":66,"column":95}},"18":{"start":{"line":68,"column":4},"end":{"line":72,"column":7}},"19":{"start":{"line":74,"column":4},"end":{"line":74,"column":66}},"20":{"start":{"line":75,"column":4},"end":{"line":78,"column":7}},"21":{"start":{"line":83,"column":34},"end":{"line":109,"column":1}},"22":{"start":{"line":84,"column":2},"end":{"line":108,"column":3}},"23":{"start":{"line":85,"column":28},"end":{"line":85,"column":38}},"24":{"start":{"line":86,"column":27},"end":{"line":86,"column":36}},"25":{"start":{"line":88,"column":4},"end":{"line":93,"column":5}},"26":{"start":{"line":89,"column":6},"end":{"line":92,"column":9}},"27":{"start":{"line":95,"column":27},"end":{"line":95,"column":100}},"28":{"start":{"line":97,"column":4},"end":{"line":101,"column":7}},"29":{"start":{"line":103,"column":4},"end":{"line":103,"column":68}},"30":{"start":{"line":104,"column":4},"end":{"line":107,"column":7}},"31":{"start":{"line":112,"column":36},"end":{"line":143,"column":1}},"32":{"start":{"line":113,"column":2},"end":{"line":142,"column":3}},"33":{"start":{"line":114,"column":28},"end":{"line":114,"column":38}},"34":{"start":{"line":116,"column":4},"end":{"line":121,"column":5}},"35":{"start":{"line":117,"column":6},"end":{"line":120,"column":9}},"36":{"start":{"line":123,"column":24},"end":{"line":123,"column":66}},"37":{"start":{"line":125,"column":4},"end":{"line":130,"column":5}},"38":{"start":{"line":126,"column":6},"end":{"line":129,"column":9}},"39":{"start":{"line":132,"column":4},"end":{"line":135,"column":7}},"40":{"start":{"line":137,"column":4},"end":{"line":137,"column":72}},"41":{"start":{"line":138,"column":4},"end":{"line":141,"column":7}},"42":{"start":{"line":146,"column":28},"end":{"line":190,"column":1}},"43":{"start":{"line":147,"column":2},"end":{"line":189,"column":3}},"44":{"start":{"line":148,"column":28},"end":{"line":148,"column":38}},"45":{"start":{"line":149,"column":23},"end":{"line":149,"column":31}},"46":{"start":{"line":151,"column":4},"end":{"line":156,"column":5}},"47":{"start":{"line":152,"column":6},"end":{"line":155,"column":9}},"48":{"start":{"line":158,"column":4},"end":{"line":163,"column":5}},"49":{"start":{"line":159,"column":6},"end":{"line":162,"column":9}},"50":{"start":{"line":165,"column":24},"end":{"line":169,"column":5}},"51":{"start":{"line":171,"column":4},"end":{"line":176,"column":5}},"52":{"start":{"line":172,"column":6},"end":{"line":175,"column":9}},"53":{"start":{"line":178,"column":4},"end":{"line":182,"column":7}},"54":{"start":{"line":184,"column":4},"end":{"line":184,"column":59}},"55":{"start":{"line":185,"column":4},"end":{"line":188,"column":7}},"56":{"start":{"line":192,"column":0},"end":{"line":198,"column":2}}},"fnMap":{"0":{"name":"(anonymous_0)","decl":{"start":{"line":4,"column":24},"end":{"line":4,"column":25}},"loc":{"start":{"line":4,"column":44},"end":{"line":51,"column":1}},"line":4},"1":{"name":"(anonymous_1)","decl":{"start":{"line":54,"column":32},"end":{"line":54,"column":33}},"loc":{"start":{"line":54,"column":52},"end":{"line":80,"column":1}},"line":54},"2":{"name":"(anonymous_2)","decl":{"start":{"line":83,"column":34},"end":{"line":83,"column":35}},"loc":{"start":{"line":83,"column":54},"end":{"line":109,"column":1}},"line":83},"3":{"name":"(anonymous_3)","decl":{"start":{"line":112,"column":36},"end":{"line":112,"column":37}},"loc":{"start":{"line":112,"column":56},"end":{"line":143,"column":1}},"line":112},"4":{"name":"(anonymous_4)","decl":{"start":{"line":146,"column":28},"end":{"line":146,"column":29}},"loc":{"start":{"line":146,"column":48},"end":{"line":190,"column":1}},"line":146}},"branchMap":{"0":{"loc":{"start":{"line":15,"column":6},"end":{"line":15,"column":20}},"type":"default-arg","locations":[{"start":{"line":15,"column":16},"end":{"line":15,"column":20}}],"line":15},"1":{"loc":{"start":{"line":18,"column":4},"end":{"line":23,"column":5}},"type":"if","locations":[{"start":{"line":18,"column":4},"end":{"line":23,"column":5}},{"start":{},"end":{}}],"line":18},"2":{"loc":{"start":{"line":18,"column":8},"end":{"line":18,"column":122}},"type":"binary-expr","locations":[{"start":{"line":18,"column":8},"end":{"line":18,"column":17}},{"start":{"line":18,"column":21},"end":{"line":18,"column":34}},{"start":{"line":18,"column":38},"end":{"line":18,"column":50}},{"start":{"line":18,"column":54},"end":{"line":18,"column":68}},{"start":{"line":18,"column":72},"end":{"line":18,"column":84}},{"start":{"line":18,"column":88},"end":{"line":18,"column":100}},{"start":{"line":18,"column":104},"end":{"line":18,"column":112}},{"start":{"line":18,"column":116},"end":{"line":18,"column":122}}],"line":18},"3":{"loc":{"start":{"line":57,"column":12},"end":{"line":57,"column":22}},"type":"default-arg","locations":[{"start":{"line":57,"column":20},"end":{"line":57,"column":22}}],"line":57},"4":{"loc":{"start":{"line":59,"column":4},"end":{"line":64,"column":5}},"type":"if","locations":[{"start":{"line":59,"column":4},"end":{"line":64,"column":5}},{"start":{},"end":{}}],"line":59},"5":{"loc":{"start":{"line":86,"column":12},"end":{"line":86,"column":22}},"type":"default-arg","locations":[{"start":{"line":86,"column":20},"end":{"line":86,"column":22}}],"line":86},"6":{"loc":{"start":{"line":88,"column":4},"end":{"line":93,"column":5}},"type":"if","locations":[{"start":{"line":88,"column":4},"end":{"line":93,"column":5}},{"start":{},"end":{}}],"line":88},"7":{"loc":{"start":{"line":116,"column":4},"end":{"line":121,"column":5}},"type":"if","locations":[{"start":{"line":116,"column":4},"end":{"line":121,"column":5}},{"start":{},"end":{}}],"line":116},"8":{"loc":{"start":{"line":125,"column":4},"end":{"line":130,"column":5}},"type":"if","locations":[{"start":{"line":125,"column":4},"end":{"line":130,"column":5}},{"start":{},"end":{}}],"line":125},"9":{"loc":{"start":{"line":151,"column":4},"end":{"line":156,"column":5}},"type":"if","locations":[{"start":{"line":151,"column":4},"end":{"line":156,"column":5}},{"start":{},"end":{}}],"line":151},"10":{"loc":{"start":{"line":151,"column":8},"end":{"line":151,"column":31}},"type":"binary-expr","locations":[{"start":{"line":151,"column":8},"end":{"line":151,"column":20}},{"start":{"line":151,"column":24},"end":{"line":151,"column":31}}],"line":151},"11":{"loc":{"start":{"line":158,"column":4},"end":{"line":163,"column":5}},"type":"if","locations":[{"start":{"line":158,"column":4},"end":{"line":163,"column":5}},{"start":{},"end":{}}],"line":158},"12":{"loc":{"start":{"line":171,"column":4},"end":{"line":176,"column":5}},"type":"if","locations":[{"start":{"line":171,"column":4},"end":{"line":176,"column":5}},{"start":{},"end":{}}],"line":171}},"s":{"0":2,"1":2,"2":0,"3":0,"4":0,"5":0,"6":0,"7":0,"8":0,"9":0,"10":0,"11":2,"12":0,"13":0,"14":0,"15":0,"16":0,"17":0,"18":0,"19":0,"20":0,"21":2,"22":0,"23":0,"24":0,"25":0,"26":0,"27":0,"28":0,"29":0,"30":0,"31":2,"32":0,"33":0,"34":0,"35":0,"36":0,"37":0,"38":0,"39":0,"40":0,"41":0,"42":2,"43":0,"44":0,"45":0,"46":0,"47":0,"48":0,"49":0,"50":0,"51":0,"52":0,"53":0,"54":0,"55":0,"56":2},"f":{"0":0,"1":0,"2":0,"3":0,"4":0},"b":{"0":[0],"1":[0,0],"2":[0,0,0,0,0,0,0,0],"3":[0],"4":[0,0],"5":[0],"6":[0,0],"7":[0,0],"8":[0,0],"9":[0,0],"10":[0,0],"11":[0,0],"12":[0,0]},"_coverageSchema":"1a1c01bbd47fc00a2c39e90264f33305004495a9","hash":"58c52243af7a015756c160982069152ff9bc979b"}
,"C:\\BitesBay\\bitesbay-backend\\controllers\\cartController.js": {"path":"C:\\BitesBay\\bitesbay-backend\\controllers\\cartController.js","statementMap":{"0":{"start":{"line":2,"column":13},"end":{"line":2,"column":46}},"1":{"start":{"line":3,"column":15},"end":{"line":3,"column":50}},"2":{"start":{"line":4,"column":18},"end":{"line":4,"column":47}},"3":{"start":{"line":7,"column":0},"end":{"line":48,"column":2}},"4":{"start":{"line":8,"column":1},"end":{"line":47,"column":2}},"5":{"start":{"line":9,"column":22},"end":{"line":9,"column":32}},"6":{"start":{"line":10,"column":48},"end":{"line":10,"column":56}},"7":{"start":{"line":14,"column":3},"end":{"line":19,"column":4}},"8":{"start":{"line":15,"column":5},"end":{"line":18,"column":8}},"9":{"start":{"line":23,"column":16},"end":{"line":23,"column":57}},"10":{"start":{"line":24,"column":3},"end":{"line":26,"column":4}},"11":{"start":{"line":25,"column":5},"end":{"line":25,"column":65}},"12":{"start":{"line":30,"column":18},"end":{"line":30,"column":63}},"13":{"start":{"line":31,"column":3},"end":{"line":33,"column":4}},"14":{"start":{"line":32,"column":5},"end":{"line":32,"column":67}},"15":{"start":{"line":38,"column":3},"end":{"line":38,"column":79}},"16":{"start":{"line":41,"column":3},"end":{"line":43,"column":60}},"17":{"start":{"line":45,"column":3},"end":{"line":45,"column":52}},"18":{"start":{"line":46,"column":3},"end":{"line":46,"column":57}},"19":{"start":{"line":51,"column":0},"end":{"line":64,"column":2}},"20":{"start":{"line":52,"column":1},"end":{"line":63,"column":2}},"21":{"start":{"line":53,"column":22},"end":{"line":53,"column":32}},"22":{"start":{"line":54,"column":16},"end":{"line":54,"column":54}},"23":{"start":{"line":55,"column":3},"end":{"line":59,"column":6}},"24":{"start":{"line":61,"column":3},"end":{"line":61,"column":49}},"25":{"start":{"line":62,"column":3},"end":{"line":62,"column":57}},"26":{"start":{"line":67,"column":0},"end":{"line":80,"column":2}},"27":{"start":{"line":68,"column":1},"end":{"line":79,"column":2}},"28":{"start":{"line":69,"column":22},"end":{"line":69,"column":32}},"29":{"start":{"line":70,"column":38},"end":{"line":70,"column":46}},"30":{"start":{"line":71,"column":3},"end":{"line":73,"column":4}},"31":{"start":{"line":72,"column":5},"end":{"line":72,"column":79}},"32":{"start":{"line":74,"column":3},"end":{"line":74,"column":70}},"33":{"start":{"line":75,"column":3},"end":{"line":75,"column":67}},"34":{"start":{"line":77,"column":3},"end":{"line":77,"column":53}},"35":{"start":{"line":78,"column":3},"end":{"line":78,"column":57}},"36":{"start":{"line":83,"column":0},"end":{"line":96,"column":2}},"37":{"start":{"line":84,"column":1},"end":{"line":95,"column":2}},"38":{"start":{"line":85,"column":22},"end":{"line":85,"column":32}},"39":{"start":{"line":86,"column":28},"end":{"line":86,"column":36}},"40":{"start":{"line":87,"column":3},"end":{"line":89,"column":4}},"41":{"start":{"line":88,"column":5},"end":{"line":88,"column":79}},"42":{"start":{"line":90,"column":3},"end":{"line":90,"column":60}},"43":{"start":{"line":91,"column":3},"end":{"line":91,"column":67}},"44":{"start":{"line":93,"column":3},"end":{"line":93,"column":53}},"45":{"start":{"line":94,"column":3},"end":{"line":94,"column":57}},"46":{"start":{"line":99,"column":0},"end":{"line":112,"column":2}},"47":{"start":{"line":100,"column":1},"end":{"line":111,"column":2}},"48":{"start":{"line":101,"column":22},"end":{"line":101,"column":32}},"49":{"start":{"line":102,"column":28},"end":{"line":102,"column":36}},"50":{"start":{"line":103,"column":3},"end":{"line":105,"column":4}},"51":{"start":{"line":104,"column":5},"end":{"line":104,"column":79}},"52":{"start":{"line":106,"column":3},"end":{"line":106,"column":52}},"53":{"start":{"line":107,"column":3},"end":{"line":107,"column":71}},"54":{"start":{"line":109,"column":3},"end":{"line":109,"column":52}},"55":{"start":{"line":110,"column":3},"end":{"line":110,"column":57}},"56":{"start":{"line":115,"column":0},"end":{"line":129,"column":2}},"57":{"start":{"line":116,"column":1},"end":{"line":128,"column":2}},"58":{"start":{"line":117,"column":22},"end":{"line":117,"column":32}},"59":{"start":{"line":118,"column":18},"end":{"line":118,"column":51}},"60":{"start":{"line":119,"column":3},"end":{"line":124,"column":6}},"61":{"start":{"line":126,"column":3},"end":{"line":126,"column":51}},"62":{"start":{"line":127,"column":3},"end":{"line":127,"column":57}}},"fnMap":{"0":{"name":"(anonymous_0)","decl":{"start":{"line":7,"column":20},"end":{"line":7,"column":21}},"loc":{"start":{"line":7,"column":40},"end":{"line":48,"column":1}},"line":7},"1":{"name":"(anonymous_1)","decl":{"start":{"line":51,"column":18},"end":{"line":51,"column":19}},"loc":{"start":{"line":51,"column":38},"end":{"line":64,"column":1}},"line":51},"2":{"name":"(anonymous_2)","decl":{"start":{"line":67,"column":22},"end":{"line":67,"column":23}},"loc":{"start":{"line":67,"column":42},"end":{"line":80,"column":1}},"line":67},"3":{"name":"(anonymous_3)","decl":{"start":{"line":83,"column":22},"end":{"line":83,"column":23}},"loc":{"start":{"line":83,"column":42},"end":{"line":96,"column":1}},"line":83},"4":{"name":"(anonymous_4)","decl":{"start":{"line":99,"column":21},"end":{"line":99,"column":22}},"loc":{"start":{"line":99,"column":41},"end":{"line":112,"column":1}},"line":99},"5":{"name":"(anonymous_5)","decl":{"start":{"line":115,"column":20},"end":{"line":115,"column":21}},"loc":{"start":{"line":115,"column":40},"end":{"line":129,"column":1}},"line":115}},"branchMap":{"0":{"loc":{"start":{"line":14,"column":3},"end":{"line":19,"column":4}},"type":"if","locations":[{"start":{"line":14,"column":3},"end":{"line":19,"column":4}},{"start":{},"end":{}}],"line":14},"1":{"loc":{"start":{"line":14,"column":7},"end":{"line":14,"column":66}},"type":"binary-expr","locations":[{"start":{"line":14,"column":7},"end":{"line":14,"column":14}},{"start":{"line":14,"column":18},"end":{"line":14,"column":23}},{"start":{"line":14,"column":27},"end":{"line":14,"column":36}},{"start":{"line":14,"column":40},"end":{"line":14,"column":53}},{"start":{"line":14,"column":57},"end":{"line":14,"column":66}}],"line":14},"2":{"loc":{"start":{"line":24,"column":3},"end":{"line":26,"column":4}},"type":"if","locations":[{"start":{"line":24,"column":3},"end":{"line":26,"column":4}},{"start":{},"end":{}}],"line":24},"3":{"loc":{"start":{"line":31,"column":3},"end":{"line":33,"column":4}},"type":"if","locations":[{"start":{"line":31,"column":3},"end":{"line":33,"column":4}},{"start":{},"end":{}}],"line":31},"4":{"loc":{"start":{"line":71,"column":3},"end":{"line":73,"column":4}},"type":"if","locations":[{"start":{"line":71,"column":3},"end":{"line":73,"column":4}},{"start":{},"end":{}}],"line":71},"5":{"loc":{"start":{"line":71,"column":7},"end":{"line":71,"column":23}},"type":"binary-expr","locations":[{"start":{"line":71,"column":7},"end":{"line":71,"column":14}},{"start":{"line":71,"column":18},"end":{"line":71,"column":23}}],"line":71},"6":{"loc":{"start":{"line":87,"column":3},"end":{"line":89,"column":4}},"type":"if","locations":[{"start":{"line":87,"column":3},"end":{"line":89,"column":4}},{"start":{},"end":{}}],"line":87},"7":{"loc":{"start":{"line":87,"column":7},"end":{"line":87,"column":23}},"type":"binary-expr","locations":[{"start":{"line":87,"column":7},"end":{"line":87,"column":14}},{"start":{"line":87,"column":18},"end":{"line":87,"column":23}}],"line":87},"8":{"loc":{"start":{"line":103,"column":3},"end":{"line":105,"column":4}},"type":"if","locations":[{"start":{"line":103,"column":3},"end":{"line":105,"column":4}},{"start":{},"end":{}}],"line":103},"9":{"loc":{"start":{"line":103,"column":7},"end":{"line":103,"column":23}},"type":"binary-expr","locations":[{"start":{"line":103,"column":7},"end":{"line":103,"column":14}},{"start":{"line":103,"column":18},"end":{"line":103,"column":23}}],"line":103},"10":{"loc":{"start":{"line":120,"column":14},"end":{"line":122,"column":32}},"type":"cond-expr","locations":[{"start":{"line":121,"column":9},"end":{"line":121,"column":39}},{"start":{"line":122,"column":9},"end":{"line":122,"column":32}}],"line":120}},"s":{"0":2,"1":2,"2":2,"3":2,"4":0,"5":0,"6":0,"7":0,"8":0,"9":0,"10":0,"11":0,"12":0,"13":0,"14":0,"15":0,"16":0,"17":0,"18":0,"19":2,"20":0,"21":0,"22":0,"23":0,"24":0,"25":0,"26":2,"27":0,"28":0,"29":0,"30":0,"31":0,"32":0,"33":0,"34":0,"35":0,"36":2,"37":0,"38":0,"39":0,"40":0,"41":0,"42":0,"43":0,"44":0,"45":0,"46":2,"47":0,"48":0,"49":0,"50":0,"51":0,"52":0,"53":0,"54":0,"55":0,"56":2,"57":0,"58":0,"59":0,"60":0,"61":0,"62":0},"f":{"0":0,"1":0,"2":0,"3":0,"4":0,"5":0},"b":{"0":[0,0],"1":[0,0,0,0,0],"2":[0,0],"3":[0,0],"4":[0,0],"5":[0,0],"6":[0,0],"7":[0,0],"8":[0,0],"9":[0,0],"10":[0,0]},"_coverageSchema":"1a1c01bbd47fc00a2c39e90264f33305004495a9","hash":"3cecc53687b8676803f5d2c002f290b9817c67ed"}
,"C:\\BitesBay\\bitesbay-backend\\controllers\\contactController.js": {"path":"C:\\BitesBay\\bitesbay-backend\\controllers\\contactController.js","statementMap":{"0":{"start":{"line":1,"column":19},"end":{"line":1,"column":40}},"1":{"start":{"line":2,"column":23},"end":{"line":2,"column":64}},"2":{"start":{"line":4,"column":20},"end":{"line":10,"column":2}},"3":{"start":{"line":12,"column":0},"end":{"line":43,"column":2}},"4":{"start":{"line":13,"column":35},"end":{"line":13,"column":43}},"5":{"start":{"line":15,"column":2},"end":{"line":15,"column":66}},"6":{"start":{"line":17,"column":2},"end":{"line":42,"column":3}},"7":{"start":{"line":19,"column":23},"end":{"line":19,"column":67}},"8":{"start":{"line":20,"column":4},"end":{"line":20,"column":28}},"9":{"start":{"line":23,"column":24},"end":{"line":31,"column":5}},"10":{"start":{"line":33,"column":4},"end":{"line":33,"column":44}},"11":{"start":{"line":34,"column":4},"end":{"line":34,"column":43}},"12":{"start":{"line":36,"column":4},"end":{"line":38,"column":73}},"13":{"start":{"line":40,"column":4},"end":{"line":40,"column":35}},"14":{"start":{"line":41,"column":4},"end":{"line":41,"column":73}}},"fnMap":{"0":{"name":"(anonymous_0)","decl":{"start":{"line":12,"column":27},"end":{"line":12,"column":28}},"loc":{"start":{"line":12,"column":47},"end":{"line":43,"column":1}},"line":12}},"branchMap":{},"s":{"0":2,"1":2,"2":2,"3":2,"4":0,"5":0,"6":0,"7":0,"8":0,"9":0,"10":0,"11":0,"12":0,"13":0,"14":0},"f":{"0":0},"b":{},"_coverageSchema":"1a1c01bbd47fc00a2c39e90264f33305004495a9","hash":"11be9d7c75f48341ab9f50399dc48057275e4649"}
,"C:\\BitesBay\\bitesbay-backend\\controllers\\expressOrderController.js": {"path":"C:\\BitesBay\\bitesbay-backend\\controllers\\expressOrderController.js","statementMap":{"0":{"start":{"line":7,"column":4},"end":{"line":7,"column":41}},"1":{"start":{"line":14,"column":2},"end":{"line":19,"column":3}},"2":{"start":{"line":15,"column":25},"end":{"line":15,"column":61}},"3":{"start":{"line":16,"column":4},"end":{"line":16,"column":50}},"4":{"start":{"line":18,"column":4},"end":{"line":18,"column":56}},"5":{"start":{"line":26,"column":2},"end":{"line":32,"column":3}},"6":{"start":{"line":27,"column":25},"end":{"line":27,"column":35}},"7":{"start":{"line":28,"column":26},"end":{"line":28,"column":64}},"8":{"start":{"line":29,"column":4},"end":{"line":29,"column":39}},"9":{"start":{"line":31,"column":4},"end":{"line":31,"column":56}},"10":{"start":{"line":39,"column":2},"end":{"line":39,"column":75}},"11":{"start":{"line":40,"column":2},"end":{"line":47,"column":3}},"12":{"start":{"line":41,"column":24},"end":{"line":41,"column":34}},"13":{"start":{"line":42,"column":18},"end":{"line":42,"column":52}},"14":{"start":{"line":43,"column":4},"end":{"line":43,"column":31}},"15":{"start":{"line":45,"column":4},"end":{"line":45,"column":49}},"16":{"start":{"line":46,"column":4},"end":{"line":46,"column":56}},"17":{"start":{"line":50,"column":0},"end":{"line":54,"column":2}}},"fnMap":{"0":{"name":"handleInitiate","decl":{"start":{"line":13,"column":15},"end":{"line":13,"column":29}},"loc":{"start":{"line":13,"column":40},"end":{"line":20,"column":1}},"line":13},"1":{"name":"handleViewVendor","decl":{"start":{"line":25,"column":15},"end":{"line":25,"column":31}},"loc":{"start":{"line":25,"column":42},"end":{"line":33,"column":1}},"line":25},"2":{"name":"handleConfirm","decl":{"start":{"line":38,"column":15},"end":{"line":38,"column":28}},"loc":{"start":{"line":38,"column":39},"end":{"line":48,"column":1}},"line":38}},"branchMap":{},"s":{"0":2,"1":0,"2":0,"3":0,"4":0,"5":0,"6":0,"7":0,"8":0,"9":0,"10":0,"11":0,"12":0,"13":0,"14":0,"15":0,"16":0,"17":2},"f":{"0":0,"1":0,"2":0},"b":{},"_coverageSchema":"1a1c01bbd47fc00a2c39e90264f33305004495a9","hash":"b72d9a1c7346f8abcad7e9be32652a03e0124983"}
,"C:\\BitesBay\\bitesbay-backend\\controllers\\favouritesController.js": {"path":"C:\\BitesBay\\bitesbay-backend\\controllers\\favouritesController.js","statementMap":{"0":{"start":{"line":1,"column":13},"end":{"line":1,"column":46}},"1":{"start":{"line":2,"column":15},"end":{"line":2,"column":47}},"2":{"start":{"line":3,"column":16},"end":{"line":3,"column":49}},"3":{"start":{"line":4,"column":15},"end":{"line":4,"column":50}},"4":{"start":{"line":6,"column":0},"end":{"line":68,"column":2}},"5":{"start":{"line":7,"column":2},"end":{"line":67,"column":3}},"6":{"start":{"line":8,"column":47},"end":{"line":8,"column":57}},"7":{"start":{"line":10,"column":4},"end":{"line":12,"column":5}},"8":{"start":{"line":11,"column":6},"end":{"line":11,"column":62}},"9":{"start":{"line":14,"column":17},"end":{"line":14,"column":44}},"10":{"start":{"line":15,"column":4},"end":{"line":15,"column":73}},"11":{"start":{"line":15,"column":15},"end":{"line":15,"column":73}},"12":{"start":{"line":18,"column":19},"end":{"line":18,"column":50}},"13":{"start":{"line":19,"column":4},"end":{"line":21,"column":5}},"14":{"start":{"line":20,"column":6},"end":{"line":20,"column":66}},"15":{"start":{"line":24,"column":30},"end":{"line":28,"column":5}},"16":{"start":{"line":25,"column":15},"end":{"line":27,"column":67}},"17":{"start":{"line":30,"column":4},"end":{"line":39,"column":5}},"18":{"start":{"line":32,"column":6},"end":{"line":36,"column":8}},"19":{"start":{"line":33,"column":17},"end":{"line":35,"column":71}},"20":{"start":{"line":37,"column":6},"end":{"line":37,"column":24}},"21":{"start":{"line":38,"column":6},"end":{"line":38,"column":69}},"22":{"start":{"line":41,"column":24},"end":{"line":41,"column":60}},"23":{"start":{"line":42,"column":19},"end":{"line":42,"column":51}},"24":{"start":{"line":43,"column":6},"end":{"line":43,"column":75}},"25":{"start":{"line":43,"column":17},"end":{"line":43,"column":75}},"26":{"start":{"line":46,"column":24},"end":{"line":46,"column":96}},"27":{"start":{"line":47,"column":22},"end":{"line":49,"column":7}},"28":{"start":{"line":48,"column":15},"end":{"line":48,"column":68}},"29":{"start":{"line":51,"column":6},"end":{"line":53,"column":7}},"30":{"start":{"line":52,"column":8},"end":{"line":52,"column":88}},"31":{"start":{"line":56,"column":6},"end":{"line":60,"column":9}},"32":{"start":{"line":61,"column":6},"end":{"line":61,"column":24}},"33":{"start":{"line":62,"column":6},"end":{"line":62,"column":67}},"34":{"start":{"line":65,"column":4},"end":{"line":65,"column":52}},"35":{"start":{"line":66,"column":4},"end":{"line":66,"column":74}},"36":{"start":{"line":71,"column":0},"end":{"line":116,"column":2}},"37":{"start":{"line":72,"column":2},"end":{"line":115,"column":3}},"38":{"start":{"line":73,"column":23},"end":{"line":73,"column":33}},"39":{"start":{"line":75,"column":17},"end":{"line":75,"column":51}},"40":{"start":{"line":76,"column":4},"end":{"line":76,"column":73}},"41":{"start":{"line":76,"column":15},"end":{"line":76,"column":73}},"42":{"start":{"line":78,"column":4},"end":{"line":78,"column":52}},"43":{"start":{"line":80,"column":23},"end":{"line":108,"column":5}},"44":{"start":{"line":82,"column":8},"end":{"line":106,"column":9}},"45":{"start":{"line":83,"column":24},"end":{"line":83,"column":64}},"46":{"start":{"line":84,"column":23},"end":{"line":84,"column":62}},"47":{"start":{"line":85,"column":10},"end":{"line":88,"column":11}},"48":{"start":{"line":86,"column":12},"end":{"line":86,"column":64}},"49":{"start":{"line":87,"column":12},"end":{"line":87,"column":24}},"50":{"start":{"line":91,"column":25},"end":{"line":91,"column":67}},"51":{"start":{"line":92,"column":10},"end":{"line":95,"column":11}},"52":{"start":{"line":93,"column":12},"end":{"line":93,"column":68}},"53":{"start":{"line":94,"column":12},"end":{"line":94,"column":24}},"54":{"start":{"line":97,"column":10},"end":{"line":102,"column":12}},"55":{"start":{"line":104,"column":10},"end":{"line":104,"column":59}},"56":{"start":{"line":105,"column":10},"end":{"line":105,"column":22}},"57":{"start":{"line":110,"column":4},"end":{"line":110,"column":68}},"58":{"start":{"line":111,"column":4},"end":{"line":111,"column":69}},"59":{"start":{"line":113,"column":4},"end":{"line":113,"column":50}},"60":{"start":{"line":114,"column":4},"end":{"line":114,"column":74}},"61":{"start":{"line":119,"column":0},"end":{"line":156,"column":2}},"62":{"start":{"line":120,"column":2},"end":{"line":155,"column":3}},"63":{"start":{"line":121,"column":30},"end":{"line":121,"column":40}},"64":{"start":{"line":123,"column":4},"end":{"line":125,"column":5}},"65":{"start":{"line":124,"column":6},"end":{"line":124,"column":73}},"66":{"start":{"line":127,"column":17},"end":{"line":127,"column":51}},"67":{"start":{"line":128,"column":4},"end":{"line":128,"column":73}},"68":{"start":{"line":128,"column":15},"end":{"line":128,"column":73}},"69":{"start":{"line":130,"column":31},"end":{"line":147,"column":5}},"70":{"start":{"line":132,"column":22},"end":{"line":132,"column":62}},"71":{"start":{"line":133,"column":21},"end":{"line":133,"column":75}},"72":{"start":{"line":134,"column":8},"end":{"line":134,"column":31}},"73":{"start":{"line":134,"column":19},"end":{"line":134,"column":31}},"74":{"start":{"line":137,"column":23},"end":{"line":137,"column":65}},"75":{"start":{"line":138,"column":8},"end":{"line":138,"column":33}},"76":{"start":{"line":138,"column":21},"end":{"line":138,"column":33}},"77":{"start":{"line":140,"column":8},"end":{"line":145,"column":10}},"78":{"start":{"line":149,"column":4},"end":{"line":151,"column":7}},"79":{"start":{"line":153,"column":4},"end":{"line":153,"column":55}},"80":{"start":{"line":154,"column":4},"end":{"line":154,"column":74}}},"fnMap":{"0":{"name":"(anonymous_0)","decl":{"start":{"line":6,"column":26},"end":{"line":6,"column":27}},"loc":{"start":{"line":6,"column":46},"end":{"line":68,"column":1}},"line":6},"1":{"name":"(anonymous_1)","decl":{"start":{"line":25,"column":6},"end":{"line":25,"column":7}},"loc":{"start":{"line":25,"column":15},"end":{"line":27,"column":67}},"line":25},"2":{"name":"(anonymous_2)","decl":{"start":{"line":33,"column":8},"end":{"line":33,"column":9}},"loc":{"start":{"line":33,"column":17},"end":{"line":35,"column":71}},"line":33},"3":{"name":"(anonymous_3)","decl":{"start":{"line":48,"column":8},"end":{"line":48,"column":9}},"loc":{"start":{"line":48,"column":15},"end":{"line":48,"column":68}},"line":48},"4":{"name":"(anonymous_4)","decl":{"start":{"line":71,"column":24},"end":{"line":71,"column":25}},"loc":{"start":{"line":71,"column":44},"end":{"line":116,"column":1}},"line":71},"5":{"name":"(anonymous_5)","decl":{"start":{"line":81,"column":26},"end":{"line":81,"column":27}},"loc":{"start":{"line":81,"column":41},"end":{"line":107,"column":7}},"line":81},"6":{"name":"(anonymous_6)","decl":{"start":{"line":119,"column":29},"end":{"line":119,"column":30}},"loc":{"start":{"line":119,"column":49},"end":{"line":156,"column":1}},"line":119},"7":{"name":"(anonymous_7)","decl":{"start":{"line":131,"column":26},"end":{"line":131,"column":27}},"loc":{"start":{"line":131,"column":41},"end":{"line":146,"column":7}},"line":131}},"branchMap":{"0":{"loc":{"start":{"line":10,"column":4},"end":{"line":12,"column":5}},"type":"if","locations":[{"start":{"line":10,"column":4},"end":{"line":12,"column":5}},{"start":{},"end":{}}],"line":10},"1":{"loc":{"start":{"line":15,"column":4},"end":{"line":15,"column":73}},"type":"if","locations":[{"start":{"line":15,"column":4},"end":{"line":15,"column":73}},{"start":{},"end":{}}],"line":15},"2":{"loc":{"start":{"line":19,"column":4},"end":{"line":21,"column":5}},"type":"if","locations":[{"start":{"line":19,"column":4},"end":{"line":21,"column":5}},{"start":{},"end":{}}],"line":19},"3":{"loc":{"start":{"line":25,"column":15},"end":{"line":27,"column":67}},"type":"binary-expr","locations":[{"start":{"line":25,"column":15},"end":{"line":25,"column":25}},{"start":{"line":25,"column":29},"end":{"line":25,"column":61}},{"start":{"line":26,"column":15},"end":{"line":26,"column":32}},{"start":{"line":27,"column":15},"end":{"line":27,"column":27}},{"start":{"line":27,"column":31},"end":{"line":27,"column":67}}],"line":25},"4":{"loc":{"start":{"line":30,"column":4},"end":{"line":39,"column":5}},"type":"if","locations":[{"start":{"line":30,"column":4},"end":{"line":39,"column":5}},{"start":{},"end":{}}],"line":30},"5":{"loc":{"start":{"line":33,"column":19},"end":{"line":35,"column":70}},"type":"binary-expr","locations":[{"start":{"line":33,"column":19},"end":{"line":33,"column":29}},{"start":{"line":33,"column":33},"end":{"line":33,"column":65}},{"start":{"line":34,"column":18},"end":{"line":34,"column":35}},{"start":{"line":35,"column":18},"end":{"line":35,"column":30}},{"start":{"line":35,"column":34},"end":{"line":35,"column":70}}],"line":33},"6":{"loc":{"start":{"line":41,"column":24},"end":{"line":41,"column":60}},"type":"cond-expr","locations":[{"start":{"line":41,"column":44},"end":{"line":41,"column":50}},{"start":{"line":41,"column":53},"end":{"line":41,"column":60}}],"line":41},"7":{"loc":{"start":{"line":43,"column":6},"end":{"line":43,"column":75}},"type":"if","locations":[{"start":{"line":43,"column":6},"end":{"line":43,"column":75}},{"start":{},"end":{}}],"line":43},"8":{"loc":{"start":{"line":46,"column":24},"end":{"line":46,"column":96}},"type":"binary-expr","locations":[{"start":{"line":46,"column":24},"end":{"line":46,"column":90}},{"start":{"line":46,"column":94},"end":{"line":46,"column":96}}],"line":46},"9":{"loc":{"start":{"line":46,"column":31},"end":{"line":46,"column":89}},"type":"cond-expr","locations":[{"start":{"line":46,"column":51},"end":{"line":46,"column":68}},{"start":{"line":46,"column":71},"end":{"line":46,"column":89}}],"line":46},"10":{"loc":{"start":{"line":48,"column":15},"end":{"line":48,"column":68}},"type":"binary-expr","locations":[{"start":{"line":48,"column":15},"end":{"line":48,"column":18}},{"start":{"line":48,"column":22},"end":{"line":48,"column":32}},{"start":{"line":48,"column":36},"end":{"line":48,"column":68}}],"line":48},"11":{"loc":{"start":{"line":51,"column":6},"end":{"line":53,"column":7}},"type":"if","locations":[{"start":{"line":51,"column":6},"end":{"line":53,"column":7}},{"start":{},"end":{}}],"line":51},"12":{"loc":{"start":{"line":76,"column":4},"end":{"line":76,"column":73}},"type":"if","locations":[{"start":{"line":76,"column":4},"end":{"line":76,"column":73}},{"start":{},"end":{}}],"line":76},"13":{"loc":{"start":{"line":83,"column":24},"end":{"line":83,"column":64}},"type":"cond-expr","locations":[{"start":{"line":83,"column":48},"end":{"line":83,"column":54}},{"start":{"line":83,"column":57},"end":{"line":83,"column":64}}],"line":83},"14":{"loc":{"start":{"line":85,"column":10},"end":{"line":88,"column":11}},"type":"if","locations":[{"start":{"line":85,"column":10},"end":{"line":88,"column":11}},{"start":{},"end":{}}],"line":85},"15":{"loc":{"start":{"line":92,"column":10},"end":{"line":95,"column":11}},"type":"if","locations":[{"start":{"line":92,"column":10},"end":{"line":95,"column":11}},{"start":{},"end":{}}],"line":92},"16":{"loc":{"start":{"line":123,"column":4},"end":{"line":125,"column":5}},"type":"if","locations":[{"start":{"line":123,"column":4},"end":{"line":125,"column":5}},{"start":{},"end":{}}],"line":123},"17":{"loc":{"start":{"line":128,"column":4},"end":{"line":128,"column":73}},"type":"if","locations":[{"start":{"line":128,"column":4},"end":{"line":128,"column":73}},{"start":{},"end":{}}],"line":128},"18":{"loc":{"start":{"line":132,"column":22},"end":{"line":132,"column":62}},"type":"cond-expr","locations":[{"start":{"line":132,"column":46},"end":{"line":132,"column":52}},{"start":{"line":132,"column":55},"end":{"line":132,"column":62}}],"line":132},"19":{"loc":{"start":{"line":134,"column":8},"end":{"line":134,"column":31}},"type":"if","locations":[{"start":{"line":134,"column":8},"end":{"line":134,"column":31}},{"start":{},"end":{}}],"line":134},"20":{"loc":{"start":{"line":138,"column":8},"end":{"line":138,"column":33}},"type":"if","locations":[{"start":{"line":138,"column":8},"end":{"line":138,"column":33}},{"start":{},"end":{}}],"line":138}},"s":{"0":2,"1":2,"2":2,"3":2,"4":2,"5":0,"6":0,"7":0,"8":0,"9":0,"10":0,"11":0,"12":0,"13":0,"14":0,"15":0,"16":0,"17":0,"18":0,"19":0,"20":0,"21":0,"22":0,"23":0,"24":0,"25":0,"26":0,"27":0,"28":0,"29":0,"30":0,"31":0,"32":0,"33":0,"34":0,"35":0,"36":2,"37":0,"38":0,"39":0,"40":0,"41":0,"42":0,"43":0,"44":0,"45":0,"46":0,"47":0,"48":0,"49":0,"50":0,"51":0,"52":0,"53":0,"54":0,"55":0,"56":0,"57":0,"58":0,"59":0,"60":0,"61":2,"62":0,"63":0,"64":0,"65":0,"66":0,"67":0,"68":0,"69":0,"70":0,"71":0,"72":0,"73":0,"74":0,"75":0,"76":0,"77":0,"78":0,"79":0,"80":0},"f":{"0":0,"1":0,"2":0,"3":0,"4":0,"5":0,"6":0,"7":0},"b":{"0":[0,0],"1":[0,0],"2":[0,0],"3":[0,0,0,0,0],"4":[0,0],"5":[0,0,0,0,0],"6":[0,0],"7":[0,0],"8":[0,0],"9":[0,0],"10":[0,0,0],"11":[0,0],"12":[0,0],"13":[0,0],"14":[0,0],"15":[0,0],"16":[0,0],"17":[0,0],"18":[0,0],"19":[0,0],"20":[0,0]},"_coverageSchema":"1a1c01bbd47fc00a2c39e90264f33305004495a9","hash":"04819e444f2b39c1553860b0123f27f156270bb8"}
,"C:\\BitesBay\\bitesbay-backend\\controllers\\featureController.js": {"path":"C:\\BitesBay\\bitesbay-backend\\controllers\\featureController.js","statementMap":{"0":{"start":{"line":1,"column":16},"end":{"line":1,"column":52}},"1":{"start":{"line":3,"column":0},"end":{"line":11,"column":2}},"2":{"start":{"line":4,"column":2},"end":{"line":10,"column":3}},"3":{"start":{"line":5,"column":21},"end":{"line":5,"column":67}},"4":{"start":{"line":6,"column":4},"end":{"line":6,"column":48}},"5":{"start":{"line":8,"column":4},"end":{"line":8,"column":47}},"6":{"start":{"line":9,"column":4},"end":{"line":9,"column":82}},"7":{"start":{"line":13,"column":0},"end":{"line":28,"column":2}},"8":{"start":{"line":14,"column":2},"end":{"line":27,"column":3}},"9":{"start":{"line":15,"column":44},"end":{"line":15,"column":52}},"10":{"start":{"line":16,"column":4},"end":{"line":18,"column":5}},"11":{"start":{"line":17,"column":6},"end":{"line":17,"column":83}},"12":{"start":{"line":19,"column":20},"end":{"line":19,"column":73}},"13":{"start":{"line":20,"column":4},"end":{"line":20,"column":59}},"14":{"start":{"line":22,"column":4},"end":{"line":22,"column":48}},"15":{"start":{"line":23,"column":4},"end":{"line":25,"column":5}},"16":{"start":{"line":24,"column":6},"end":{"line":24,"column":89}},"17":{"start":{"line":26,"column":4},"end":{"line":26,"column":82}}},"fnMap":{"0":{"name":"(anonymous_0)","decl":{"start":{"line":3,"column":23},"end":{"line":3,"column":24}},"loc":{"start":{"line":3,"column":43},"end":{"line":11,"column":1}},"line":3},"1":{"name":"(anonymous_1)","decl":{"start":{"line":13,"column":24},"end":{"line":13,"column":25}},"loc":{"start":{"line":13,"column":44},"end":{"line":28,"column":1}},"line":13}},"branchMap":{"0":{"loc":{"start":{"line":16,"column":4},"end":{"line":18,"column":5}},"type":"if","locations":[{"start":{"line":16,"column":4},"end":{"line":18,"column":5}},{"start":{},"end":{}}],"line":16},"1":{"loc":{"start":{"line":23,"column":4},"end":{"line":25,"column":5}},"type":"if","locations":[{"start":{"line":23,"column":4},"end":{"line":25,"column":5}},{"start":{},"end":{}}],"line":23}},"s":{"0":2,"1":2,"2":0,"3":0,"4":0,"5":0,"6":0,"7":2,"8":0,"9":0,"10":0,"11":0,"12":0,"13":0,"14":0,"15":0,"16":0,"17":0},"f":{"0":0,"1":0},"b":{"0":[0,0],"1":[0,0]},"_coverageSchema":"1a1c01bbd47fc00a2c39e90264f33305004495a9","hash":"109e58e6e880fefb211fe866e8d667ed985df7f8"}
,"C:\\BitesBay\\bitesbay-backend\\controllers\\foodController.js": {"path":"C:\\BitesBay\\bitesbay-backend\\controllers\\foodController.js","statementMap":{"0":{"start":{"line":53,"column":16},"end":{"line":53,"column":49}},"1":{"start":{"line":54,"column":15},"end":{"line":54,"column":47}},"2":{"start":{"line":55,"column":13},"end":{"line":55,"column":46}},"3":{"start":{"line":58,"column":0},"end":{"line":82,"column":2}},"4":{"start":{"line":59,"column":27},"end":{"line":59,"column":36}},"5":{"start":{"line":60,"column":2},"end":{"line":60,"column":34}},"6":{"start":{"line":60,"column":14},"end":{"line":60,"column":34}},"7":{"start":{"line":62,"column":2},"end":{"line":81,"column":3}},"8":{"start":{"line":63,"column":18},"end":{"line":63,"column":40}},"9":{"start":{"line":65,"column":19},"end":{"line":67,"column":23}},"10":{"start":{"line":69,"column":25},"end":{"line":69,"column":95}},"11":{"start":{"line":70,"column":24},"end":{"line":70,"column":93}},"12":{"start":{"line":72,"column":21},"end":{"line":74,"column":6}},"13":{"start":{"line":73,"column":6},"end":{"line":73,"column":66}},"14":{"start":{"line":76,"column":19},"end":{"line":76,"column":87}},"15":{"start":{"line":76,"column":43},"end":{"line":76,"column":86}},"16":{"start":{"line":78,"column":4},"end":{"line":78,"column":21}},"17":{"start":{"line":80,"column":4},"end":{"line":80,"column":74}},"18":{"start":{"line":85,"column":0},"end":{"line":104,"column":2}},"19":{"start":{"line":86,"column":20},"end":{"line":86,"column":29}},"20":{"start":{"line":88,"column":2},"end":{"line":103,"column":3}},"21":{"start":{"line":89,"column":30},"end":{"line":92,"column":6}},"22":{"start":{"line":94,"column":21},"end":{"line":96,"column":6}},"23":{"start":{"line":95,"column":6},"end":{"line":95,"column":66}},"24":{"start":{"line":98,"column":19},"end":{"line":98,"column":100}},"25":{"start":{"line":98,"column":43},"end":{"line":98,"column":86}},"26":{"start":{"line":100,"column":4},"end":{"line":100,"column":21}},"27":{"start":{"line":102,"column":4},"end":{"line":102,"column":90}},"28":{"start":{"line":107,"column":0},"end":{"line":117,"column":2}},"29":{"start":{"line":108,"column":2},"end":{"line":116,"column":3}},"30":{"start":{"line":109,"column":17},"end":{"line":109,"column":102}},"31":{"start":{"line":110,"column":4},"end":{"line":113,"column":5}},"32":{"start":{"line":111,"column":6},"end":{"line":111,"column":53}},"33":{"start":{"line":112,"column":6},"end":{"line":112,"column":24}},"34":{"start":{"line":115,"column":4},"end":{"line":115,"column":59}}},"fnMap":{"0":{"name":"(anonymous_0)","decl":{"start":{"line":58,"column":22},"end":{"line":58,"column":23}},"loc":{"start":{"line":58,"column":42},"end":{"line":82,"column":1}},"line":58},"1":{"name":"(anonymous_1)","decl":{"start":{"line":72,"column":62},"end":{"line":72,"column":63}},"loc":{"start":{"line":72,"column":70},"end":{"line":74,"column":5}},"line":72},"2":{"name":"(anonymous_2)","decl":{"start":{"line":76,"column":33},"end":{"line":76,"column":34}},"loc":{"start":{"line":76,"column":43},"end":{"line":76,"column":86}},"line":76},"3":{"name":"(anonymous_3)","decl":{"start":{"line":85,"column":26},"end":{"line":85,"column":27}},"loc":{"start":{"line":85,"column":46},"end":{"line":104,"column":1}},"line":85},"4":{"name":"(anonymous_4)","decl":{"start":{"line":94,"column":52},"end":{"line":94,"column":53}},"loc":{"start":{"line":94,"column":60},"end":{"line":96,"column":5}},"line":94},"5":{"name":"(anonymous_5)","decl":{"start":{"line":98,"column":33},"end":{"line":98,"column":34}},"loc":{"start":{"line":98,"column":43},"end":{"line":98,"column":86}},"line":98},"6":{"name":"(anonymous_6)","decl":{"start":{"line":107,"column":31},"end":{"line":107,"column":32}},"loc":{"start":{"line":107,"column":51},"end":{"line":117,"column":1}},"line":107}},"branchMap":{"0":{"loc":{"start":{"line":60,"column":2},"end":{"line":60,"column":34}},"type":"if","locations":[{"start":{"line":60,"column":2},"end":{"line":60,"column":34}},{"start":{},"end":{}}],"line":60},"1":{"loc":{"start":{"line":65,"column":19},"end":{"line":67,"column":23}},"type":"cond-expr","locations":[{"start":{"line":66,"column":8},"end":{"line":66,"column":52}},{"start":{"line":67,"column":8},"end":{"line":67,"column":23}}],"line":65},"2":{"loc":{"start":{"line":73,"column":13},"end":{"line":73,"column":65}},"type":"binary-expr","locations":[{"start":{"line":73,"column":13},"end":{"line":73,"column":19}},{"start":{"line":73,"column":23},"end":{"line":73,"column":65}}],"line":73},"3":{"loc":{"start":{"line":76,"column":44},"end":{"line":76,"column":62}},"type":"binary-expr","locations":[{"start":{"line":76,"column":44},"end":{"line":76,"column":57}},{"start":{"line":76,"column":61},"end":{"line":76,"column":62}}],"line":76},"4":{"loc":{"start":{"line":76,"column":67},"end":{"line":76,"column":85}},"type":"binary-expr","locations":[{"start":{"line":76,"column":67},"end":{"line":76,"column":80}},{"start":{"line":76,"column":84},"end":{"line":76,"column":85}}],"line":76},"5":{"loc":{"start":{"line":95,"column":13},"end":{"line":95,"column":65}},"type":"binary-expr","locations":[{"start":{"line":95,"column":13},"end":{"line":95,"column":19}},{"start":{"line":95,"column":23},"end":{"line":95,"column":65}}],"line":95},"6":{"loc":{"start":{"line":98,"column":44},"end":{"line":98,"column":62}},"type":"binary-expr","locations":[{"start":{"line":98,"column":44},"end":{"line":98,"column":57}},{"start":{"line":98,"column":61},"end":{"line":98,"column":62}}],"line":98},"7":{"loc":{"start":{"line":98,"column":67},"end":{"line":98,"column":85}},"type":"binary-expr","locations":[{"start":{"line":98,"column":67},"end":{"line":98,"column":80}},{"start":{"line":98,"column":84},"end":{"line":98,"column":85}}],"line":98},"8":{"loc":{"start":{"line":109,"column":17},"end":{"line":109,"column":102}},"type":"binary-expr","locations":[{"start":{"line":109,"column":17},"end":{"line":109,"column":58}},{"start":{"line":109,"column":62},"end":{"line":109,"column":102}}],"line":109},"9":{"loc":{"start":{"line":110,"column":4},"end":{"line":113,"column":5}},"type":"if","locations":[{"start":{"line":110,"column":4},"end":{"line":113,"column":5}},{"start":{},"end":{}}],"line":110},"10":{"loc":{"start":{"line":111,"column":26},"end":{"line":111,"column":47}},"type":"binary-expr","locations":[{"start":{"line":111,"column":26},"end":{"line":111,"column":42}},{"start":{"line":111,"column":46},"end":{"line":111,"column":47}}],"line":111}},"s":{"0":0,"1":0,"2":0,"3":0,"4":0,"5":0,"6":0,"7":0,"8":0,"9":0,"10":0,"11":0,"12":0,"13":0,"14":0,"15":0,"16":0,"17":0,"18":0,"19":0,"20":0,"21":0,"22":0,"23":0,"24":0,"25":0,"26":0,"27":0,"28":0,"29":0,"30":0,"31":0,"32":0,"33":0,"34":0},"f":{"0":0,"1":0,"2":0,"3":0,"4":0,"5":0,"6":0},"b":{"0":[0,0],"1":[0,0],"2":[0,0],"3":[0,0],"4":[0,0],"5":[0,0],"6":[0,0],"7":[0,0],"8":[0,0],"9":[0,0],"10":[0,0]}}
,"C:\\BitesBay\\bitesbay-backend\\controllers\\foodCourtController.js": {"path":"C:\\BitesBay\\bitesbay-backend\\controllers\\foodCourtController.js","statementMap":{"0":{"start":{"line":1,"column":17},"end":{"line":1,"column":36}},"1":{"start":{"line":2,"column":15},"end":{"line":2,"column":34}},"2":{"start":{"line":3,"column":29},"end":{"line":3,"column":52}},"3":{"start":{"line":5,"column":16},"end":{"line":5,"column":46}},"4":{"start":{"line":9,"column":0},"end":{"line":62,"column":2}},"5":{"start":{"line":10,"column":2},"end":{"line":61,"column":3}},"6":{"start":{"line":11,"column":55},"end":{"line":11,"column":63}},"7":{"start":{"line":14,"column":25},"end":{"line":14,"column":71}},"8":{"start":{"line":15,"column":4},"end":{"line":19,"column":5}},"9":{"start":{"line":16,"column":6},"end":{"line":18,"column":9}},"10":{"start":{"line":22,"column":28},"end":{"line":24,"column":6}},"11":{"start":{"line":25,"column":4},"end":{"line":29,"column":5}},"12":{"start":{"line":26,"column":6},"end":{"line":28,"column":78}},"13":{"start":{"line":32,"column":27},"end":{"line":32,"column":58}},"14":{"start":{"line":35,"column":25},"end":{"line":43,"column":6}},"15":{"start":{"line":45,"column":4},"end":{"line":45,"column":30}},"16":{"start":{"line":47,"column":4},"end":{"line":55,"column":7}},"17":{"start":{"line":57,"column":4},"end":{"line":60,"column":7}}},"fnMap":{"0":{"name":"(anonymous_0)","decl":{"start":{"line":9,"column":26},"end":{"line":9,"column":27}},"loc":{"start":{"line":9,"column":46},"end":{"line":62,"column":1}},"line":9}},"branchMap":{"0":{"loc":{"start":{"line":15,"column":4},"end":{"line":19,"column":5}},"type":"if","locations":[{"start":{"line":15,"column":4},"end":{"line":19,"column":5}},{"start":{},"end":{}}],"line":15},"1":{"loc":{"start":{"line":25,"column":4},"end":{"line":29,"column":5}},"type":"if","locations":[{"start":{"line":25,"column":4},"end":{"line":29,"column":5}},{"start":{},"end":{}}],"line":25}},"s":{"0":2,"1":2,"2":2,"3":2,"4":2,"5":0,"6":0,"7":0,"8":0,"9":0,"10":0,"11":0,"12":0,"13":0,"14":0,"15":0,"16":0,"17":0},"f":{"0":0},"b":{"0":[0,0],"1":[0,0]},"_coverageSchema":"1a1c01bbd47fc00a2c39e90264f33305004495a9","hash":"db84cd62f642d4b81dd08d4ec3da2279858d0660"}
,"C:\\BitesBay\\bitesbay-backend\\controllers\\inventoryController.js": {"path":"C:\\BitesBay\\bitesbay-backend\\controllers\\inventoryController.js","statementMap":{"0":{"start":{"line":1,"column":15},"end":{"line":1,"column":50}},"1":{"start":{"line":2,"column":15},"end":{"line":2,"column":47}},"2":{"start":{"line":3,"column":16},"end":{"line":3,"column":49}},"3":{"start":{"line":4,"column":12},"end":{"line":4,"column":41}},"4":{"start":{"line":5,"column":24},"end":{"line":5,"column":70}},"5":{"start":{"line":6,"column":38},"end":{"line":6,"column":78}},"6":{"start":{"line":8,"column":31},"end":{"line":10,"column":1}},"7":{"start":{"line":9,"column":2},"end":{"line":9,"column":59}},"8":{"start":{"line":12,"column":22},"end":{"line":17,"column":1}},"9":{"start":{"line":13,"column":14},"end":{"line":13,"column":24}},"10":{"start":{"line":14,"column":21},"end":{"line":14,"column":55}},"11":{"start":{"line":15,"column":19},"end":{"line":15,"column":58}},"12":{"start":{"line":16,"column":2},"end":{"line":16,"column":34}},"13":{"start":{"line":19,"column":0},"end":{"line":142,"column":2}},"14":{"start":{"line":20,"column":2},"end":{"line":141,"column":3}},"15":{"start":{"line":21,"column":64},"end":{"line":21,"column":72}},"16":{"start":{"line":22,"column":4},"end":{"line":22,"column":47}},"17":{"start":{"line":24,"column":4},"end":{"line":26,"column":5}},"18":{"start":{"line":25,"column":6},"end":{"line":25,"column":74}},"19":{"start":{"line":28,"column":31},"end":{"line":28,"column":60}},"20":{"start":{"line":29,"column":4},"end":{"line":31,"column":5}},"21":{"start":{"line":30,"column":6},"end":{"line":30,"column":68}},"22":{"start":{"line":33,"column":4},"end":{"line":35,"column":5}},"23":{"start":{"line":34,"column":6},"end":{"line":34,"column":78}},"24":{"start":{"line":37,"column":4},"end":{"line":39,"column":5}},"25":{"start":{"line":38,"column":6},"end":{"line":38,"column":76}},"26":{"start":{"line":41,"column":19},"end":{"line":41,"column":50}},"27":{"start":{"line":42,"column":4},"end":{"line":42,"column":78}},"28":{"start":{"line":42,"column":17},"end":{"line":42,"column":78}},"29":{"start":{"line":44,"column":37},"end":{"line":44,"column":52}},"30":{"start":{"line":45,"column":17},"end":{"line":48,"column":6}},"31":{"start":{"line":50,"column":4},"end":{"line":50,"column":78}},"32":{"start":{"line":50,"column":17},"end":{"line":50,"column":78}},"33":{"start":{"line":52,"column":4},"end":{"line":132,"column":5}},"34":{"start":{"line":53,"column":19},"end":{"line":53,"column":48}},"35":{"start":{"line":54,"column":6},"end":{"line":55,"column":74}},"36":{"start":{"line":55,"column":8},"end":{"line":55,"column":74}},"37":{"start":{"line":57,"column":6},"end":{"line":62,"column":7}},"38":{"start":{"line":58,"column":8},"end":{"line":61,"column":11}},"39":{"start":{"line":65,"column":29},"end":{"line":67,"column":7}},"40":{"start":{"line":66,"column":15},"end":{"line":66,"column":45}},"41":{"start":{"line":68,"column":30},"end":{"line":68,"column":74}},"42":{"start":{"line":71,"column":6},"end":{"line":75,"column":7}},"43":{"start":{"line":72,"column":8},"end":{"line":72,"column":44}},"44":{"start":{"line":74,"column":8},"end":{"line":74,"column":58}},"45":{"start":{"line":77,"column":6},"end":{"line":77,"column":45}},"46":{"start":{"line":80,"column":8},"end":{"line":81,"column":32}},"47":{"start":{"line":80,"column":43},"end":{"line":80,"column":73}},"48":{"start":{"line":84,"column":6},"end":{"line":89,"column":9}},"49":{"start":{"line":92,"column":26},"end":{"line":94,"column":7}},"50":{"start":{"line":93,"column":19},"end":{"line":93,"column":51}},"51":{"start":{"line":95,"column":6},"end":{"line":107,"column":7}},"52":{"start":{"line":97,"column":8},"end":{"line":97,"column":44}},"53":{"start":{"line":101,"column":8},"end":{"line":106,"column":11}},"54":{"start":{"line":108,"column":11},"end":{"line":132,"column":5}},"55":{"start":{"line":109,"column":19},"end":{"line":109,"column":49}},"56":{"start":{"line":110,"column":6},"end":{"line":111,"column":75}},"57":{"start":{"line":111,"column":8},"end":{"line":111,"column":75}},"58":{"start":{"line":113,"column":6},"end":{"line":118,"column":7}},"59":{"start":{"line":114,"column":8},"end":{"line":117,"column":11}},"60":{"start":{"line":120,"column":21},"end":{"line":120,"column":52}},"61":{"start":{"line":121,"column":30},"end":{"line":123,"column":7}},"62":{"start":{"line":122,"column":15},"end":{"line":122,"column":45}},"63":{"start":{"line":124,"column":6},"end":{"line":128,"column":7}},"64":{"start":{"line":125,"column":8},"end":{"line":125,"column":45}},"65":{"start":{"line":127,"column":8},"end":{"line":127,"column":70}},"66":{"start":{"line":130,"column":6},"end":{"line":130,"column":46}},"67":{"start":{"line":134,"column":4},"end":{"line":134,"column":24}},"68":{"start":{"line":135,"column":4},"end":{"line":135,"column":24}},"69":{"start":{"line":137,"column":4},"end":{"line":137,"column":79}},"70":{"start":{"line":139,"column":4},"end":{"line":139,"column":52}},"71":{"start":{"line":140,"column":4},"end":{"line":140,"column":70}},"72":{"start":{"line":144,"column":0},"end":{"line":219,"column":2}},"73":{"start":{"line":145,"column":2},"end":{"line":218,"column":3}},"74":{"start":{"line":146,"column":41},"end":{"line":146,"column":49}},"75":{"start":{"line":147,"column":4},"end":{"line":147,"column":47}},"76":{"start":{"line":149,"column":4},"end":{"line":151,"column":5}},"77":{"start":{"line":150,"column":6},"end":{"line":150,"column":74}},"78":{"start":{"line":153,"column":19},"end":{"line":153,"column":50}},"79":{"start":{"line":154,"column":4},"end":{"line":154,"column":78}},"80":{"start":{"line":154,"column":17},"end":{"line":154,"column":78}},"81":{"start":{"line":156,"column":17},"end":{"line":156,"column":46}},"82":{"start":{"line":157,"column":4},"end":{"line":158,"column":72}},"83":{"start":{"line":158,"column":6},"end":{"line":158,"column":72}},"84":{"start":{"line":160,"column":4},"end":{"line":165,"column":5}},"85":{"start":{"line":161,"column":6},"end":{"line":164,"column":9}},"86":{"start":{"line":167,"column":27},"end":{"line":169,"column":5}},"87":{"start":{"line":168,"column":13},"end":{"line":168,"column":43}},"88":{"start":{"line":170,"column":4},"end":{"line":172,"column":5}},"89":{"start":{"line":171,"column":6},"end":{"line":171,"column":79}},"90":{"start":{"line":175,"column":28},"end":{"line":175,"column":51}},"91":{"start":{"line":177,"column":4},"end":{"line":177,"column":40}},"92":{"start":{"line":178,"column":4},"end":{"line":178,"column":43}},"93":{"start":{"line":180,"column":37},"end":{"line":180,"column":52}},"94":{"start":{"line":181,"column":17},"end":{"line":184,"column":6}},"95":{"start":{"line":186,"column":4},"end":{"line":186,"column":78}},"96":{"start":{"line":186,"column":17},"end":{"line":186,"column":78}},"97":{"start":{"line":189,"column":4},"end":{"line":194,"column":7}},"98":{"start":{"line":196,"column":24},"end":{"line":198,"column":5}},"99":{"start":{"line":197,"column":17},"end":{"line":197,"column":49}},"100":{"start":{"line":199,"column":4},"end":{"line":209,"column":5}},"101":{"start":{"line":200,"column":6},"end":{"line":200,"column":55}},"102":{"start":{"line":203,"column":6},"end":{"line":208,"column":9}},"103":{"start":{"line":211,"column":4},"end":{"line":211,"column":24}},"104":{"start":{"line":212,"column":4},"end":{"line":212,"column":24}},"105":{"start":{"line":214,"column":4},"end":{"line":214,"column":79}},"106":{"start":{"line":216,"column":4},"end":{"line":216,"column":54}},"107":{"start":{"line":217,"column":4},"end":{"line":217,"column":70}},"108":{"start":{"line":221,"column":0},"end":{"line":243,"column":2}},"109":{"start":{"line":222,"column":2},"end":{"line":242,"column":3}},"110":{"start":{"line":223,"column":46},"end":{"line":223,"column":54}},"111":{"start":{"line":224,"column":4},"end":{"line":226,"column":5}},"112":{"start":{"line":225,"column":6},"end":{"line":225,"column":76}},"113":{"start":{"line":227,"column":19},"end":{"line":227,"column":50}},"114":{"start":{"line":228,"column":4},"end":{"line":228,"column":78}},"115":{"start":{"line":228,"column":17},"end":{"line":228,"column":78}},"116":{"start":{"line":229,"column":24},"end":{"line":231,"column":5}},"117":{"start":{"line":230,"column":13},"end":{"line":230,"column":43}},"118":{"start":{"line":232,"column":4},"end":{"line":234,"column":5}},"119":{"start":{"line":233,"column":6},"end":{"line":233,"column":85}},"120":{"start":{"line":235,"column":4},"end":{"line":235,"column":42}},"121":{"start":{"line":236,"column":4},"end":{"line":236,"column":43}},"122":{"start":{"line":237,"column":4},"end":{"line":237,"column":24}},"123":{"start":{"line":238,"column":4},"end":{"line":238,"column":81}},"124":{"start":{"line":240,"column":4},"end":{"line":240,"column":64}},"125":{"start":{"line":241,"column":4},"end":{"line":241,"column":70}},"126":{"start":{"line":245,"column":0},"end":{"line":335,"column":2}},"127":{"start":{"line":246,"column":2},"end":{"line":334,"column":3}},"128":{"start":{"line":247,"column":69},"end":{"line":247,"column":77}},"129":{"start":{"line":249,"column":4},"end":{"line":251,"column":5}},"130":{"start":{"line":250,"column":6},"end":{"line":250,"column":74}},"131":{"start":{"line":253,"column":4},"end":{"line":255,"column":5}},"132":{"start":{"line":254,"column":6},"end":{"line":254,"column":84}},"133":{"start":{"line":257,"column":4},"end":{"line":259,"column":5}},"134":{"start":{"line":258,"column":6},"end":{"line":258,"column":77}},"135":{"start":{"line":261,"column":19},"end":{"line":261,"column":50}},"136":{"start":{"line":262,"column":4},"end":{"line":262,"column":78}},"137":{"start":{"line":262,"column":17},"end":{"line":262,"column":78}},"138":{"start":{"line":264,"column":17},"end":{"line":264,"column":43}},"139":{"start":{"line":265,"column":4},"end":{"line":265,"column":87}},"140":{"start":{"line":265,"column":15},"end":{"line":265,"column":87}},"141":{"start":{"line":267,"column":24},"end":{"line":269,"column":5}},"142":{"start":{"line":268,"column":13},"end":{"line":268,"column":43}},"143":{"start":{"line":271,"column":4},"end":{"line":284,"column":5}},"144":{"start":{"line":272,"column":6},"end":{"line":272,"column":48}},"145":{"start":{"line":273,"column":6},"end":{"line":273,"column":48}},"146":{"start":{"line":274,"column":6},"end":{"line":274,"column":30}},"147":{"start":{"line":277,"column":6},"end":{"line":283,"column":9}},"148":{"start":{"line":286,"column":4},"end":{"line":286,"column":48}},"149":{"start":{"line":289,"column":37},"end":{"line":289,"column":52}},"150":{"start":{"line":290,"column":17},"end":{"line":293,"column":6}},"151":{"start":{"line":295,"column":4},"end":{"line":306,"column":5}},"152":{"start":{"line":297,"column":6},"end":{"line":305,"column":9}},"153":{"start":{"line":309,"column":4},"end":{"line":311,"column":5}},"154":{"start":{"line":310,"column":6},"end":{"line":310,"column":29}},"155":{"start":{"line":313,"column":21},"end":{"line":315,"column":5}},"156":{"start":{"line":314,"column":17},"end":{"line":314,"column":49}},"157":{"start":{"line":316,"column":4},"end":{"line":325,"column":5}},"158":{"start":{"line":317,"column":6},"end":{"line":317,"column":42}},"159":{"start":{"line":318,"column":6},"end":{"line":318,"column":42}},"160":{"start":{"line":320,"column":6},"end":{"line":324,"column":9}},"161":{"start":{"line":327,"column":4},"end":{"line":327,"column":24}},"162":{"start":{"line":328,"column":4},"end":{"line":328,"column":24}},"163":{"start":{"line":330,"column":4},"end":{"line":330,"column":92}},"164":{"start":{"line":332,"column":4},"end":{"line":332,"column":67}},"165":{"start":{"line":333,"column":4},"end":{"line":333,"column":70}},"166":{"start":{"line":337,"column":0},"end":{"line":368,"column":2}},"167":{"start":{"line":338,"column":2},"end":{"line":367,"column":3}},"168":{"start":{"line":339,"column":33},"end":{"line":339,"column":41}},"169":{"start":{"line":340,"column":4},"end":{"line":342,"column":5}},"170":{"start":{"line":341,"column":6},"end":{"line":341,"column":74}},"171":{"start":{"line":343,"column":19},"end":{"line":343,"column":50}},"172":{"start":{"line":344,"column":4},"end":{"line":344,"column":78}},"173":{"start":{"line":344,"column":17},"end":{"line":344,"column":78}},"174":{"start":{"line":346,"column":4},"end":{"line":348,"column":6}},"175":{"start":{"line":347,"column":17},"end":{"line":347,"column":51}},"176":{"start":{"line":349,"column":4},"end":{"line":349,"column":48}},"177":{"start":{"line":350,"column":4},"end":{"line":350,"column":24}},"178":{"start":{"line":352,"column":37},"end":{"line":352,"column":52}},"179":{"start":{"line":353,"column":17},"end":{"line":356,"column":6}},"180":{"start":{"line":357,"column":4},"end":{"line":362,"column":5}},"181":{"start":{"line":358,"column":6},"end":{"line":360,"column":8}},"182":{"start":{"line":359,"column":19},"end":{"line":359,"column":51}},"183":{"start":{"line":361,"column":6},"end":{"line":361,"column":26}},"184":{"start":{"line":363,"column":4},"end":{"line":363,"column":84}},"185":{"start":{"line":365,"column":4},"end":{"line":365,"column":67}},"186":{"start":{"line":366,"column":4},"end":{"line":366,"column":70}},"187":{"start":{"line":375,"column":0},"end":{"line":386,"column":2}},"188":{"start":{"line":376,"column":2},"end":{"line":385,"column":3}},"189":{"start":{"line":377,"column":25},"end":{"line":377,"column":58}},"190":{"start":{"line":378,"column":4},"end":{"line":381,"column":7}},"191":{"start":{"line":383,"column":4},"end":{"line":383,"column":71}},"192":{"start":{"line":384,"column":4},"end":{"line":384,"column":70}}},"fnMap":{"0":{"name":"(anonymous_0)","decl":{"start":{"line":8,"column":31},"end":{"line":8,"column":32}},"loc":{"start":{"line":8,"column":49},"end":{"line":10,"column":1}},"line":8},"1":{"name":"(anonymous_1)","decl":{"start":{"line":12,"column":22},"end":{"line":12,"column":23}},"loc":{"start":{"line":12,"column":28},"end":{"line":17,"column":1}},"line":12},"2":{"name":"(anonymous_2)","decl":{"start":{"line":19,"column":23},"end":{"line":19,"column":24}},"loc":{"start":{"line":19,"column":43},"end":{"line":142,"column":1}},"line":19},"3":{"name":"(anonymous_3)","decl":{"start":{"line":66,"column":8},"end":{"line":66,"column":9}},"loc":{"start":{"line":66,"column":15},"end":{"line":66,"column":45}},"line":66},"4":{"name":"(anonymous_4)","decl":{"start":{"line":80,"column":36},"end":{"line":80,"column":37}},"loc":{"start":{"line":80,"column":43},"end":{"line":80,"column":73}},"line":80},"5":{"name":"(anonymous_5)","decl":{"start":{"line":93,"column":8},"end":{"line":93,"column":9}},"loc":{"start":{"line":93,"column":19},"end":{"line":93,"column":51}},"line":93},"6":{"name":"(anonymous_6)","decl":{"start":{"line":122,"column":8},"end":{"line":122,"column":9}},"loc":{"start":{"line":122,"column":15},"end":{"line":122,"column":45}},"line":122},"7":{"name":"(anonymous_7)","decl":{"start":{"line":144,"column":32},"end":{"line":144,"column":33}},"loc":{"start":{"line":144,"column":52},"end":{"line":219,"column":1}},"line":144},"8":{"name":"(anonymous_8)","decl":{"start":{"line":168,"column":6},"end":{"line":168,"column":7}},"loc":{"start":{"line":168,"column":13},"end":{"line":168,"column":43}},"line":168},"9":{"name":"(anonymous_9)","decl":{"start":{"line":197,"column":6},"end":{"line":197,"column":7}},"loc":{"start":{"line":197,"column":17},"end":{"line":197,"column":49}},"line":197},"10":{"name":"(anonymous_10)","decl":{"start":{"line":221,"column":35},"end":{"line":221,"column":36}},"loc":{"start":{"line":221,"column":55},"end":{"line":243,"column":1}},"line":221},"11":{"name":"(anonymous_11)","decl":{"start":{"line":230,"column":6},"end":{"line":230,"column":7}},"loc":{"start":{"line":230,"column":13},"end":{"line":230,"column":43}},"line":230},"12":{"name":"(anonymous_12)","decl":{"start":{"line":245,"column":37},"end":{"line":245,"column":38}},"loc":{"start":{"line":245,"column":57},"end":{"line":335,"column":1}},"line":245},"13":{"name":"(anonymous_13)","decl":{"start":{"line":268,"column":6},"end":{"line":268,"column":7}},"loc":{"start":{"line":268,"column":13},"end":{"line":268,"column":43}},"line":268},"14":{"name":"(anonymous_14)","decl":{"start":{"line":314,"column":6},"end":{"line":314,"column":7}},"loc":{"start":{"line":314,"column":17},"end":{"line":314,"column":49}},"line":314},"15":{"name":"(anonymous_15)","decl":{"start":{"line":337,"column":37},"end":{"line":337,"column":38}},"loc":{"start":{"line":337,"column":57},"end":{"line":368,"column":1}},"line":337},"16":{"name":"(anonymous_16)","decl":{"start":{"line":347,"column":6},"end":{"line":347,"column":7}},"loc":{"start":{"line":347,"column":17},"end":{"line":347,"column":51}},"line":347},"17":{"name":"(anonymous_17)","decl":{"start":{"line":359,"column":8},"end":{"line":359,"column":9}},"loc":{"start":{"line":359,"column":19},"end":{"line":359,"column":51}},"line":359},"18":{"name":"(anonymous_18)","decl":{"start":{"line":375,"column":39},"end":{"line":375,"column":40}},"loc":{"start":{"line":375,"column":59},"end":{"line":386,"column":1}},"line":375}},"branchMap":{"0":{"loc":{"start":{"line":22,"column":15},"end":{"line":22,"column":46}},"type":"cond-expr","locations":[{"start":{"line":22,"column":26},"end":{"line":22,"column":42}},{"start":{"line":22,"column":45},"end":{"line":22,"column":46}}],"line":22},"1":{"loc":{"start":{"line":24,"column":4},"end":{"line":26,"column":5}},"type":"if","locations":[{"start":{"line":24,"column":4},"end":{"line":26,"column":5}},{"start":{},"end":{}}],"line":24},"2":{"loc":{"start":{"line":24,"column":8},"end":{"line":24,"column":41}},"type":"binary-expr","locations":[{"start":{"line":24,"column":8},"end":{"line":24,"column":17}},{"start":{"line":24,"column":21},"end":{"line":24,"column":28}},{"start":{"line":24,"column":32},"end":{"line":24,"column":41}}],"line":24},"3":{"loc":{"start":{"line":29,"column":4},"end":{"line":31,"column":5}},"type":"if","locations":[{"start":{"line":29,"column":4},"end":{"line":31,"column":5}},{"start":{},"end":{}}],"line":29},"4":{"loc":{"start":{"line":33,"column":4},"end":{"line":35,"column":5}},"type":"if","locations":[{"start":{"line":33,"column":4},"end":{"line":35,"column":5}},{"start":{},"end":{}}],"line":33},"5":{"loc":{"start":{"line":33,"column":8},"end":{"line":33,"column":71}},"type":"binary-expr","locations":[{"start":{"line":33,"column":8},"end":{"line":33,"column":39}},{"start":{"line":33,"column":44},"end":{"line":33,"column":53}},{"start":{"line":33,"column":57},"end":{"line":33,"column":70}}],"line":33},"6":{"loc":{"start":{"line":37,"column":4},"end":{"line":39,"column":5}},"type":"if","locations":[{"start":{"line":37,"column":4},"end":{"line":39,"column":5}},{"start":{},"end":{}}],"line":37},"7":{"loc":{"start":{"line":37,"column":8},"end":{"line":37,"column":77}},"type":"binary-expr","locations":[{"start":{"line":37,"column":8},"end":{"line":37,"column":40}},{"start":{"line":37,"column":44},"end":{"line":37,"column":77}}],"line":37},"8":{"loc":{"start":{"line":42,"column":4},"end":{"line":42,"column":78}},"type":"if","locations":[{"start":{"line":42,"column":4},"end":{"line":42,"column":78}},{"start":{},"end":{}}],"line":42},"9":{"loc":{"start":{"line":50,"column":4},"end":{"line":50,"column":78}},"type":"if","locations":[{"start":{"line":50,"column":4},"end":{"line":50,"column":78}},{"start":{},"end":{}}],"line":50},"10":{"loc":{"start":{"line":52,"column":4},"end":{"line":132,"column":5}},"type":"if","locations":[{"start":{"line":52,"column":4},"end":{"line":132,"column":5}},{"start":{"line":108,"column":11},"end":{"line":132,"column":5}}],"line":52},"11":{"loc":{"start":{"line":54,"column":6},"end":{"line":55,"column":74}},"type":"if","locations":[{"start":{"line":54,"column":6},"end":{"line":55,"column":74}},{"start":{},"end":{}}],"line":54},"12":{"loc":{"start":{"line":57,"column":6},"end":{"line":62,"column":7}},"type":"if","locations":[{"start":{"line":57,"column":6},"end":{"line":62,"column":7}},{"start":{},"end":{}}],"line":57},"13":{"loc":{"start":{"line":68,"column":30},"end":{"line":68,"column":74}},"type":"cond-expr","locations":[{"start":{"line":68,"column":47},"end":{"line":68,"column":70}},{"start":{"line":68,"column":73},"end":{"line":68,"column":74}}],"line":68},"14":{"loc":{"start":{"line":71,"column":6},"end":{"line":75,"column":7}},"type":"if","locations":[{"start":{"line":71,"column":6},"end":{"line":75,"column":7}},{"start":{"line":73,"column":13},"end":{"line":75,"column":7}}],"line":71},"15":{"loc":{"start":{"line":80,"column":8},"end":{"line":81,"column":32}},"type":"binary-expr","locations":[{"start":{"line":80,"column":8},"end":{"line":81,"column":20}},{"start":{"line":81,"column":24},"end":{"line":81,"column":32}}],"line":80},"16":{"loc":{"start":{"line":95,"column":6},"end":{"line":107,"column":7}},"type":"if","locations":[{"start":{"line":95,"column":6},"end":{"line":107,"column":7}},{"start":{"line":99,"column":13},"end":{"line":107,"column":7}}],"line":95},"17":{"loc":{"start":{"line":108,"column":11},"end":{"line":132,"column":5}},"type":"if","locations":[{"start":{"line":108,"column":11},"end":{"line":132,"column":5}},{"start":{},"end":{}}],"line":108},"18":{"loc":{"start":{"line":110,"column":6},"end":{"line":111,"column":75}},"type":"if","locations":[{"start":{"line":110,"column":6},"end":{"line":111,"column":75}},{"start":{},"end":{}}],"line":110},"19":{"loc":{"start":{"line":113,"column":6},"end":{"line":118,"column":7}},"type":"if","locations":[{"start":{"line":113,"column":6},"end":{"line":118,"column":7}},{"start":{},"end":{}}],"line":113},"20":{"loc":{"start":{"line":120,"column":21},"end":{"line":120,"column":52}},"type":"cond-expr","locations":[{"start":{"line":120,"column":43},"end":{"line":120,"column":46}},{"start":{"line":120,"column":49},"end":{"line":120,"column":52}}],"line":120},"21":{"loc":{"start":{"line":124,"column":6},"end":{"line":128,"column":7}},"type":"if","locations":[{"start":{"line":124,"column":6},"end":{"line":128,"column":7}},{"start":{"line":126,"column":13},"end":{"line":128,"column":7}}],"line":124},"22":{"loc":{"start":{"line":147,"column":15},"end":{"line":147,"column":46}},"type":"cond-expr","locations":[{"start":{"line":147,"column":26},"end":{"line":147,"column":42}},{"start":{"line":147,"column":45},"end":{"line":147,"column":46}}],"line":147},"23":{"loc":{"start":{"line":149,"column":4},"end":{"line":151,"column":5}},"type":"if","locations":[{"start":{"line":149,"column":4},"end":{"line":151,"column":5}},{"start":{},"end":{}}],"line":149},"24":{"loc":{"start":{"line":149,"column":8},"end":{"line":149,"column":41}},"type":"binary-expr","locations":[{"start":{"line":149,"column":8},"end":{"line":149,"column":17}},{"start":{"line":149,"column":21},"end":{"line":149,"column":28}},{"start":{"line":149,"column":32},"end":{"line":149,"column":41}}],"line":149},"25":{"loc":{"start":{"line":154,"column":4},"end":{"line":154,"column":78}},"type":"if","locations":[{"start":{"line":154,"column":4},"end":{"line":154,"column":78}},{"start":{},"end":{}}],"line":154},"26":{"loc":{"start":{"line":157,"column":4},"end":{"line":158,"column":72}},"type":"if","locations":[{"start":{"line":157,"column":4},"end":{"line":158,"column":72}},{"start":{},"end":{}}],"line":157},"27":{"loc":{"start":{"line":160,"column":4},"end":{"line":165,"column":5}},"type":"if","locations":[{"start":{"line":160,"column":4},"end":{"line":165,"column":5}},{"start":{},"end":{}}],"line":160},"28":{"loc":{"start":{"line":170,"column":4},"end":{"line":172,"column":5}},"type":"if","locations":[{"start":{"line":170,"column":4},"end":{"line":172,"column":5}},{"start":{},"end":{}}],"line":170},"29":{"loc":{"start":{"line":170,"column":8},"end":{"line":170,"column":61}},"type":"binary-expr","locations":[{"start":{"line":170,"column":8},"end":{"line":170,"column":23}},{"start":{"line":170,"column":27},"end":{"line":170,"column":61}}],"line":170},"30":{"loc":{"start":{"line":186,"column":4},"end":{"line":186,"column":78}},"type":"if","locations":[{"start":{"line":186,"column":4},"end":{"line":186,"column":78}},{"start":{},"end":{}}],"line":186},"31":{"loc":{"start":{"line":199,"column":4},"end":{"line":209,"column":5}},"type":"if","locations":[{"start":{"line":199,"column":4},"end":{"line":209,"column":5}},{"start":{"line":202,"column":11},"end":{"line":209,"column":5}}],"line":199},"32":{"loc":{"start":{"line":224,"column":4},"end":{"line":226,"column":5}},"type":"if","locations":[{"start":{"line":224,"column":4},"end":{"line":226,"column":5}},{"start":{},"end":{}}],"line":224},"33":{"loc":{"start":{"line":224,"column":8},"end":{"line":224,"column":65}},"type":"binary-expr","locations":[{"start":{"line":224,"column":8},"end":{"line":224,"column":17}},{"start":{"line":224,"column":21},"end":{"line":224,"column":28}},{"start":{"line":224,"column":32},"end":{"line":224,"column":65}}],"line":224},"34":{"loc":{"start":{"line":228,"column":4},"end":{"line":228,"column":78}},"type":"if","locations":[{"start":{"line":228,"column":4},"end":{"line":228,"column":78}},{"start":{},"end":{}}],"line":228},"35":{"loc":{"start":{"line":232,"column":4},"end":{"line":234,"column":5}},"type":"if","locations":[{"start":{"line":232,"column":4},"end":{"line":234,"column":5}},{"start":{},"end":{}}],"line":232},"36":{"loc":{"start":{"line":249,"column":4},"end":{"line":251,"column":5}},"type":"if","locations":[{"start":{"line":249,"column":4},"end":{"line":251,"column":5}},{"start":{},"end":{}}],"line":249},"37":{"loc":{"start":{"line":249,"column":8},"end":{"line":249,"column":99}},"type":"binary-expr","locations":[{"start":{"line":249,"column":8},"end":{"line":249,"column":17}},{"start":{"line":249,"column":21},"end":{"line":249,"column":28}},{"start":{"line":249,"column":32},"end":{"line":249,"column":59}},{"start":{"line":249,"column":63},"end":{"line":249,"column":90}},{"start":{"line":249,"column":94},"end":{"line":249,"column":99}}],"line":249},"38":{"loc":{"start":{"line":253,"column":4},"end":{"line":255,"column":5}},"type":"if","locations":[{"start":{"line":253,"column":4},"end":{"line":255,"column":5}},{"start":{},"end":{}}],"line":253},"39":{"loc":{"start":{"line":257,"column":4},"end":{"line":259,"column":5}},"type":"if","locations":[{"start":{"line":257,"column":4},"end":{"line":259,"column":5}},{"start":{},"end":{}}],"line":257},"40":{"loc":{"start":{"line":257,"column":8},"end":{"line":257,"column":46}},"type":"binary-expr","locations":[{"start":{"line":257,"column":8},"end":{"line":257,"column":25}},{"start":{"line":257,"column":29},"end":{"line":257,"column":46}}],"line":257},"41":{"loc":{"start":{"line":262,"column":4},"end":{"line":262,"column":78}},"type":"if","locations":[{"start":{"line":262,"column":4},"end":{"line":262,"column":78}},{"start":{},"end":{}}],"line":262},"42":{"loc":{"start":{"line":265,"column":4},"end":{"line":265,"column":87}},"type":"if","locations":[{"start":{"line":265,"column":4},"end":{"line":265,"column":87}},{"start":{},"end":{}}],"line":265},"43":{"loc":{"start":{"line":271,"column":4},"end":{"line":284,"column":5}},"type":"if","locations":[{"start":{"line":271,"column":4},"end":{"line":284,"column":5}},{"start":{"line":276,"column":11},"end":{"line":284,"column":5}}],"line":271},"44":{"loc":{"start":{"line":295,"column":4},"end":{"line":306,"column":5}},"type":"if","locations":[{"start":{"line":295,"column":4},"end":{"line":306,"column":5}},{"start":{},"end":{}}],"line":295},"45":{"loc":{"start":{"line":309,"column":4},"end":{"line":311,"column":5}},"type":"if","locations":[{"start":{"line":309,"column":4},"end":{"line":311,"column":5}},{"start":{},"end":{}}],"line":309},"46":{"loc":{"start":{"line":316,"column":4},"end":{"line":325,"column":5}},"type":"if","locations":[{"start":{"line":316,"column":4},"end":{"line":325,"column":5}},{"start":{"line":319,"column":11},"end":{"line":325,"column":5}}],"line":316},"47":{"loc":{"start":{"line":340,"column":4},"end":{"line":342,"column":5}},"type":"if","locations":[{"start":{"line":340,"column":4},"end":{"line":342,"column":5}},{"start":{},"end":{}}],"line":340},"48":{"loc":{"start":{"line":340,"column":8},"end":{"line":340,"column":28}},"type":"binary-expr","locations":[{"start":{"line":340,"column":8},"end":{"line":340,"column":17}},{"start":{"line":340,"column":21},"end":{"line":340,"column":28}}],"line":340},"49":{"loc":{"start":{"line":344,"column":4},"end":{"line":344,"column":78}},"type":"if","locations":[{"start":{"line":344,"column":4},"end":{"line":344,"column":78}},{"start":{},"end":{}}],"line":344},"50":{"loc":{"start":{"line":346,"column":35},"end":{"line":346,"column":68}},"type":"binary-expr","locations":[{"start":{"line":346,"column":35},"end":{"line":346,"column":62}},{"start":{"line":346,"column":66},"end":{"line":346,"column":68}}],"line":346},"51":{"loc":{"start":{"line":357,"column":4},"end":{"line":362,"column":5}},"type":"if","locations":[{"start":{"line":357,"column":4},"end":{"line":362,"column":5}},{"start":{},"end":{}}],"line":357},"52":{"loc":{"start":{"line":358,"column":27},"end":{"line":358,"column":50}},"type":"binary-expr","locations":[{"start":{"line":358,"column":27},"end":{"line":358,"column":44}},{"start":{"line":358,"column":48},"end":{"line":358,"column":50}}],"line":358}},"s":{"0":2,"1":2,"2":2,"3":2,"4":2,"5":2,"6":2,"7":0,"8":2,"9":0,"10":0,"11":0,"12":0,"13":2,"14":0,"15":0,"16":0,"17":0,"18":0,"19":0,"20":0,"21":0,"22":0,"23":0,"24":0,"25":0,"26":0,"27":0,"28":0,"29":0,"30":0,"31":0,"32":0,"33":0,"34":0,"35":0,"36":0,"37":0,"38":0,"39":0,"40":0,"41":0,"42":0,"43":0,"44":0,"45":0,"46":0,"47":0,"48":0,"49":0,"50":0,"51":0,"52":0,"53":0,"54":0,"55":0,"56":0,"57":0,"58":0,"59":0,"60":0,"61":0,"62":0,"63":0,"64":0,"65":0,"66":0,"67":0,"68":0,"69":0,"70":0,"71":0,"72":2,"73":0,"74":0,"75":0,"76":0,"77":0,"78":0,"79":0,"80":0,"81":0,"82":0,"83":0,"84":0,"85":0,"86":0,"87":0,"88":0,"89":0,"90":0,"91":0,"92":0,"93":0,"94":0,"95":0,"96":0,"97":0,"98":0,"99":0,"100":0,"101":0,"102":0,"103":0,"104":0,"105":0,"106":0,"107":0,"108":2,"109":0,"110":0,"111":0,"112":0,"113":0,"114":0,"115":0,"116":0,"117":0,"118":0,"119":0,"120":0,"121":0,"122":0,"123":0,"124":0,"125":0,"126":2,"127":0,"128":0,"129":0,"130":0,"131":0,"132":0,"133":0,"134":0,"135":0,"136":0,"137":0,"138":0,"139":0,"140":0,"141":0,"142":0,"143":0,"144":0,"145":0,"146":0,"147":0,"148":0,"149":0,"150":0,"151":0,"152":0,"153":0,"154":0,"155":0,"156":0,"157":0,"158":0,"159":0,"160":0,"161":0,"162":0,"163":0,"164":0,"165":0,"166":2,"167":0,"168":0,"169":0,"170":0,"171":0,"172":0,"173":0,"174":0,"175":0,"176":0,"177":0,"178":0,"179":0,"180":0,"181":0,"182":0,"183":0,"184":0,"185":0,"186":0,"187":2,"188":0,"189":0,"190":0,"191":0,"192":0},"f":{"0":0,"1":0,"2":0,"3":0,"4":0,"5":0,"6":0,"7":0,"8":0,"9":0,"10":0,"11":0,"12":0,"13":0,"14":0,"15":0,"16":0,"17":0,"18":0},"b":{"0":[0,0],"1":[0,0],"2":[0,0,0],"3":[0,0],"4":[0,0],"5":[0,0,0],"6":[0,0],"7":[0,0],"8":[0,0],"9":[0,0],"10":[0,0],"11":[0,0],"12":[0,0],"13":[0,0],"14":[0,0],"15":[0,0],"16":[0,0],"17":[0,0],"18":[0,0],"19":[0,0],"20":[0,0],"21":[0,0],"22":[0,0],"23":[0,0],"24":[0,0,0],"25":[0,0],"26":[0,0],"27":[0,0],"28":[0,0],"29":[0,0],"30":[0,0],"31":[0,0],"32":[0,0],"33":[0,0,0],"34":[0,0],"35":[0,0],"36":[0,0],"37":[0,0,0,0,0],"38":[0,0],"39":[0,0],"40":[0,0],"41":[0,0],"42":[0,0],"43":[0,0],"44":[0,0],"45":[0,0],"46":[0,0],"47":[0,0],"48":[0,0],"49":[0,0],"50":[0,0],"51":[0,0],"52":[0,0]},"_coverageSchema":"1a1c01bbd47fc00a2c39e90264f33305004495a9","hash":"593f4a35c3ea8acf7294e42bf134e4ef5806338b"}
,"C:\\BitesBay\\bitesbay-backend\\controllers\\inventoryReportController.js": {"path":"C:\\BitesBay\\bitesbay-backend\\controllers\\inventoryReportController.js","statementMap":{"0":{"start":{"line":8,"column":4},"end":{"line":8,"column":44}},"1":{"start":{"line":9,"column":24},"end":{"line":9,"column":70}},"2":{"start":{"line":10,"column":17},"end":{"line":10,"column":36}},"3":{"start":{"line":14,"column":15},"end":{"line":14,"column":33}},"4":{"start":{"line":15,"column":16},"end":{"line":15,"column":60}},"5":{"start":{"line":16,"column":14},"end":{"line":16,"column":53}},"6":{"start":{"line":17,"column":2},"end":{"line":17,"column":35}},"7":{"start":{"line":25,"column":2},"end":{"line":45,"column":3}},"8":{"start":{"line":26,"column":25},"end":{"line":26,"column":35}},"9":{"start":{"line":27,"column":17},"end":{"line":27,"column":30}},"10":{"start":{"line":28,"column":31},"end":{"line":31,"column":5}},"11":{"start":{"line":34,"column":4},"end":{"line":40,"column":5}},"12":{"start":{"line":35,"column":6},"end":{"line":35,"column":54}},"13":{"start":{"line":36,"column":11},"end":{"line":40,"column":5}},"14":{"start":{"line":37,"column":6},"end":{"line":37,"column":62}},"15":{"start":{"line":39,"column":6},"end":{"line":39,"column":62}},"16":{"start":{"line":42,"column":4},"end":{"line":42,"column":48}},"17":{"start":{"line":44,"column":4},"end":{"line":44,"column":21}},"18":{"start":{"line":53,"column":2},"end":{"line":68,"column":3}},"19":{"start":{"line":54,"column":22},"end":{"line":54,"column":32}},"20":{"start":{"line":55,"column":17},"end":{"line":55,"column":30}},"21":{"start":{"line":56,"column":38},"end":{"line":59,"column":5}},"22":{"start":{"line":62,"column":6},"end":{"line":63,"column":65}},"23":{"start":{"line":65,"column":4},"end":{"line":65,"column":48}},"24":{"start":{"line":67,"column":4},"end":{"line":67,"column":21}},"25":{"start":{"line":75,"column":2},"end":{"line":82,"column":3}},"26":{"start":{"line":76,"column":25},"end":{"line":76,"column":35}},"27":{"start":{"line":77,"column":17},"end":{"line":77,"column":31}},"28":{"start":{"line":78,"column":19},"end":{"line":78,"column":59}},"29":{"start":{"line":79,"column":4},"end":{"line":79,"column":53}},"30":{"start":{"line":81,"column":4},"end":{"line":81,"column":21}},"31":{"start":{"line"
[...]
,"C:\\BitesBay\\bitesbay-backend\\utils\\secureUrlValidation.js": {"path":"C:\\BitesBay\\bitesbay-backend\\utils\\secureUrlValidation.js","statementMap":{"0":{"start":{"line":13,"column":15},"end":{"line":13,"column":34}},"1":{"start":{"line":18,"column":26},"end":{"line":22,"column":1}},"2":{"start":{"line":27,"column":22},"end":{"line":32,"column":1}},"3":{"start":{"line":37,"column":27},"end":{"line":45,"column":1}},"4":{"start":{"line":59,"column":20},"end":{"line":184,"column":1}},"5":{"start":{"line":66,"column":6},"end":{"line":66,"column":13}},"6":{"start":{"line":69,"column":2},"end":{"line":75,"column":3}},"7":{"start":{"line":70,"column":4},"end":{"line":74,"column":6}},"8":{"start":{"line":78,"column":21},"end":{"line":78,"column":31}},"9":{"start":{"line":80,"column":2},"end":{"line":86,"column":3}},"10":{"start":{"line":81,"column":4},"end":{"line":85,"column":6}},"11":{"start":{"line":89,"column":2},"end":{"line":100,"column":3}},"12":{"start":{"line":90,"column":4},"end":{"line":99,"column":5}},"13":{"start":{"line":91,"column":6},"end":{"line":98,"column":7}},"14":{"start":{"line":92,"column":8},"end":{"line":92,"column":104}},"15":{"start":{"line":93,"column":8},"end":{"line":97,"column":10}},"16":{"start":{"line":102,"column":2},"end":{"line":183,"column":3}},"17":{"start":{"line":104,"column":22},"end":{"line":104,"column":41}},"18":{"start":{"line":107,"column":4},"end":{"line":114,"column":5}},"19":{"start":{"line":108,"column":6},"end":{"line":113,"column":8}},"20":{"start":{"line":117,"column":4},"end":{"line":123,"column":5}},"21":{"start":{"line":118,"column":6},"end":{"line":122,"column":8}},"22":{"start":{"line":126,"column":21},"end":{"line":126,"column":53}},"23":{"start":{"line":129,"column":4},"end":{"line":135,"column":5}},"24":{"start":{"line":130,"column":6},"end":{"line":134,"column":8}},"25":{"start":{"line":138,"column":4},"end":{"line":145,"column":5}},"26":{"start":{"line":139,"column":6},"end":{"line":144,"column":8}},"27":{"start":{"line":148,"column":4},"end":{"line":166,"column":5}},"28":{"start":{"line":150,"column":6},"end":{"line":156,"column":7}},"29":{"start":{"line":151,"column":8},"end":{"line":155,"column":10}},"30":{"start":{"line":159,"column":6},"end":{"line":165,"column":7}},"31":{"start":{"line":160,"column":8},"end":{"line":164,"column":10}},"32":{"start":{"line":168,"column":4},"end":{"line":173,"column":6}},"33":{"start":{"line":176,"column":4},"end":{"line":176,"column":80}},"34":{"start":{"line":177,"column":4},"end":{"line":182,"column":6}},"35":{"start":{"line":192,"column":28},"end":{"line":200,"column":1}},"36":{"start":{"line":193,"column":2},"end":{"line":199,"column":5}},"37":{"start":{"line":195,"column":47},"end":{"line":195,"column":91}},"38":{"start":{"line":208,"column":23},"end":{"line":216,"column":1}},"39":{"start":{"line":209,"column":2},"end":{"line":215,"column":5}},"40":{"start":{"line":224,"column":23},"end":{"line":232,"column":1}},"41":{"start":{"line":225,"column":2},"end":{"line":231,"column":5}},"42":{"start":{"line":241,"column":32},"end":{"line":271,"column":1}},"43":{"start":{"line":242,"column":2},"end":{"line":270,"column":4}},"44":{"start":{"line":243,"column":16},"end":{"line":243,"column":84}},"45":{"start":{"line":245,"column":4},"end":{"line":267,"column":5}},"46":{"start":{"line":246,"column":25},"end":{"line":246,"column":50}},"47":{"start":{"line":248,"column":6},"end":{"line":263,"column":7}},"48":{"start":{"line":249,"column":8},"end":{"line":255,"column":11}},"49":{"start":{"line":257,"column":8},"end":{"line":262,"column":11}},"50":{"start":{"line":266,"column":6},"end":{"line":266,"column":46}},"51":{"start":{"line":269,"column":4},"end":{"line":269,"column":11}},"52":{"start":{"line":279,"column":37},"end":{"line":287,"column":1}},"53":{"start":{"line":280,"column":2},"end":{"line":286,"column":5}},"54":{"start":{"line":282,"column":47},"end":{"line":282,"column":91}},"55":{"start":{"line":295,"column":20},"end":{"line":312,"column":1}},"56":{"start":{"line":296,"column":2},"end":{"line":298,"column":3}},"57":{"start":{"line":297,"column":4},"end":{"line":297,"column":14}},"58":{"start":{"line":300,"column":18},"end":{"line":300,"column":28}},"59":{"start":{"line":303,"column":2},"end":{"line":303,"column":53}},"60":{"start":{"line":306,"column":2},"end":{"line":306,"column":38}},"61":{"start":{"line":309,"column":2},"end":{"line":309,"column":47}},"62":{"start":{"line":311,"column":2},"end":{"line":311,"column":19}},"63":{"start":{"line":319,"column":25},"end":{"line":365,"column":1}},"64":{"start":{"line":320,"column":20},"end":{"line":336,"column":3}},"65":{"start":{"line":338,"column":18},"end":{"line":342,"column":3}},"66":{"start":{"line":344,"column":2},"end":{"line":362,"column":5}},"67":{"start":{"line":345,"column":19},"end":{"line":345,"column":44}},"68":{"start":{"line":346,"column":19},"end":{"line":346,"column":58}},"69":{"start":{"line":348,"column":4},"end":{"line":355,"column":7}},"70":{"start":{"line":357,"column":4},"end":{"line":361,"column":5}},"71":{"start":{"line":358,"column":6},"end":{"line":358,"column":23}},"72":{"start":{"line":360,"column":6},"end":{"line":360,"column":23}},"73":{"start":{"line":364,"column":2},"end":{"line":364,"column":17}},"74":{"start":{"line":367,"column":0},"end":{"line":378,"column":2}}},"fnMap":{"0":{"name":"(anonymous_0)","decl":{"start":{"line":59,"column":20},"end":{"line":59,"column":21}},"loc":{"start":{"line":59,"column":43},"end":{"line":184,"column":1}},"line":59},"1":{"name":"(anonymous_1)","decl":{"start":{"line":192,"column":28},"end":{"line":192,"column":29}},"loc":{"start":{"line":192,"column":37},"end":{"line":200,"column":1}},"line":192},"2":{"name":"(anonymous_2)","decl":{"start":{"line":195,"column":39},"end":{"line":195,"column":40}},"loc":{"start":{"line":195,"column":47},"end":{"line":195,"column":91}},"line":195},"3":{"name":"(anonymous_3)","decl":{"start":{"line":208,"column":23},"end":{"line":208,"column":24}},"loc":{"start":{"line":208,"column":32},"end":{"line":216,"column":1}},"line":208},"4":{"name":"(anonymous_4)","decl":{"start":{"line":224,"column":23},"end":{"line":224,"column":24}},"loc":{"start":{"line":224,"column":32},"end":{"line":232,"column":1}},"line":224},"5":{"name":"(anonymous_5)","decl":{"start":{"line":241,"column":32},"end":{"line":241,"column":33}},"loc":{"start":{"line":241,"column":69},"end":{"line":271,"column":1}},"line":241},"6":{"name":"(anonymous_6)","decl":{"start":{"line":242,"column":9},"end":{"line":242,"column":10}},"loc":{"start":{"line":242,"column":29},"end":{"line":270,"column":3}},"line":242},"7":{"name":"(anonymous_7)","decl":{"start":{"line":279,"column":37},"end":{"line":279,"column":38}},"loc":{"start":{"line":279,"column":65},"end":{"line":287,"column":1}},"line":279},"8":{"name":"(anonymous_8)","decl":{"start":{"line":282,"column":39},"end":{"line":282,"column":40}},"loc":{"start":{"line":282,"column":47},"end":{"line":282,"column":91}},"line":282},"9":{"name":"(anonymous_9)","decl":{"start":{"line":295,"column":20},"end":{"line":295,"column":21}},"loc":{"start":{"line":295,"column":29},"end":{"line":312,"column":1}},"line":295},"10":{"name":"(anonymous_10)","decl":{"start":{"line":319,"column":25},"end":{"line":319,"column":26}},"loc":{"start":{"line":319,"column":31},"end":{"line":365,"column":1}},"line":319},"11":{"name":"(anonymous_11)","decl":{"start":{"line":344,"column":20},"end":{"line":344,"column":21}},"loc":{"start":{"line":344,"column":41},"end":{"line":362,"column":3}},"line":344}},"branchMap":{"0":{"loc":{"start":{"line":59,"column":26},"end":{"line":59,"column":38}},"type":"default-arg","locations":[{"start":{"line":59,"column":36},"end":{"line":59,"column":38}}],"line":59},"1":{"loc":{"start":{"line":61,"column":4},"end":{"line":61,"column":44}},"type":"default-arg","locations":[{"start":{"line":61,"column":23},"end":{"line":61,"column":44}}],"line":61},"2":{"loc":{"start":{"line":62,"column":4},"end":{"line":62,"column":32}},"type":"default-arg","locations":[{"start":{"line":62,"column":19},"end":{"line":62,"column":32}}],"line":62},"3":{"loc":{"start":{"line":63,"column":4},"end":{"line":63,"column":24}},"type":"default-arg","locations":[{"start":{"line":63,"column":19},"end":{"line":63,"column":24}}],"line":63},"4":{"loc":{"start":{"line":64,"column":4},"end":{"line":64,"column":25}},"type":"default-arg","locations":[{"start":{"line":64,"column":21},"end":{"line":64,"column":25}}],"line":64},"5":{"loc":{"start":{"line":65,"column":4},"end":{"line":65,"column":21}},"type":"default-arg","locations":[{"start":{"line":65,"column":17},"end":{"line":65,"column":21}}],"line":65},"6":{"loc":{"start":{"line":69,"column":2},"end":{"line":75,"column":3}},"type":"if","locations":[{"start":{"line":69,"column":2},"end":{"line":75,"column":3}},{"start":{},"end":{}}],"line":69},"7":{"loc":{"start":{"line":69,"column":6},"end":{"line":69,"column":37}},"type":"binary-expr","locations":[{"start":{"line":69,"column":6},"end":{"line":69,"column":10}},{"start":{"line":69,"column":14},"end":{"line":69,"column":37}}],"line":69},"8":{"loc":{"start":{"line":80,"column":2},"end":{"line":86,"column":3}},"type":"if","locations":[{"start":{"line":80,"column":2},"end":{"line":86,"column":3}},{"start":{},"end":{}}],"line":80},"9":{"loc":{"start":{"line":89,"column":2},"end":{"line":100,"column":3}},"type":"if","locations":[{"start":{"line":89,"column":2},"end":{"line":100,"column":3}},{"start":{},"end":{}}],"line":89},"10":{"loc":{"start":{"line":91,"column":6},"end":{"line":98,"column":7}},"type":"if","locations":[{"start":{"line":91,"column":6},"end":{"line":98,"column":7}},{"start":{},"end":{}}],"line":91},"11":{"loc":{"start":{"line":107,"column":4},"end":{"line":114,"column":5}},"type":"if","locations":[{"start":{"line":107,"column":4},"end":{"line":114,"column":5}},{"start":{},"end":{}}],"line":107},"12":{"loc":{"start":{"line":117,"column":4},"end":{"line":123,"column":5}},"type":"if","locations":[{"start":{"line":117,"column":4},"end":{"line":123,"column":5}},{"start":{},"end":{}}],"line":117},"13":{"loc":{"start":{"line":117,"column":8},"end":{"line":117,"column":55}},"type":"binary-expr","locations":[{"start":{"line":117,"column":8},"end":{"line":117,"column":20}},{"start":{"line":117,"column":24},"end":{"line":117,"column":55}}],"line":117},"14":{"loc":{"start":{"line":129,"column":4},"end":{"line":135,"column":5}},"type":"if","locations":[{"start":{"line":129,"column":4},"end":{"line":135,"column":5}},{"start":{},"end":{}}],"line":129},"15":{"loc":{"start":{"line":129,"column":8},"end":{"line":129,"column":80}},"type":"binary-expr","locations":[{"start":{"line":129,"column":8},"end":{"line":129,"column":22}},{"start":{"line":129,"column":27},"end":{"line":129,"column":51}},{"start":{"line":129,"column":55},"end":{"line":129,"column":79}}],"line":129},"16":{"loc":{"start":{"line":138,"column":4},"end":{"line":145,"column":5}},"type":"if","locations":[{"start":{"line":138,"column":4},"end":{"line":145,"column":5}},{"start":{},"end":{}}],"line":138},"17":{"loc":{"start":{"line":138,"column":8},"end":{"line":138,"column":67}},"type":"binary-expr","locations":[{"start":{"line":138,"column":8},"end":{"line":138,"column":31}},{"start":{"line":138,"column":35},"end":{"line":138,"column":67}}],"line":138},"18":{"loc":{"start":{"line":148,"column":4},"end":{"line":166,"column":5}},"type":"if","locations":[{"start":{"line":148,"column":4},"end":{"line":166,"column":5}},{"start":{},"end":{}}],"line":148},"19":{"loc":{"start":{"line":150,"column":6},"end":{"line":156,"column":7}},"type":"if","locations":[{"start":{"line":150,"column":6},"end":{"line":156,"column":7}},{"start":{},"end":{}}],"line":150},"20":{"loc":{"start":{"line":159,"column":6},"end":{"line":165,"column":7}},"type":"if","locations":[{"start":{"line":159,"column":6},"end":{"line":165,"column":7}},{"start":{},"end":{}}],"line":159},"21":{"loc":{"start":{"line":195,"column":47},"end":{"line":195,"column":91}},"type":"binary-expr","locations":[{"start":{"line":195,"column":47},"end":{"line":195,"column":67}},{"start":{"line":195,"column":71},"end":{"line":195,"column":91}}],"line":195},"22":{"loc":{"start":{"line":241,"column":33},"end":{"line":241,"column":50}},"type":"default-arg","locations":[{"start":{"line":241,"column":45},"end":{"line":241,"column":50}}],"line":241},"23":{"loc":{"start":{"line":241,"column":52},"end":{"line":241,"column":64}},"type":"default-arg","locations":[{"start":{"line":241,"column":62},"end":{"line":241,"column":64}}],"line":241},"24":{"loc":{"start":{"line":243,"column":16},"end":{"line":243,"column":84}},"type":"binary-expr","locations":[{"start":{"line":243,"column":16},"end":{"line":243,"column":35}},{"start":{"line":243,"column":39},"end":{"line":243,"column":59}},{"start":{"line":243,"column":63},"end":{"line":243,"column":84}}],"line":243},"25":{"loc":{"start":{"line":245,"column":4},"end":{"line":267,"column":5}},"type":"if","locations":[{"start":{"line":245,"column":4},"end":{"line":267,"column":5}},{"start":{},"end":{}}],"line":245},"26":{"loc":{"start":{"line":248,"column":6},"end":{"line":263,"column":7}},"type":"if","locations":[{"start":{"line":248,"column":6},"end":{"line":263,"column":7}},{"start":{},"end":{}}],"line":248},"27":{"loc":{"start":{"line":279,"column":38},"end":{"line":279,"column":60}},"type":"default-arg","locations":[{"start":{"line":279,"column":50},"end":{"line":279,"column":60}}],"line":279},"28":{"loc":{"start":{"line":282,"column":47},"end":{"line":282,"column":91}},"type":"binary-expr","locations":[{"start":{"line":282,"column":47},"end":{"line":282,"column":67}},{"start":{"line":282,"column":71},"end":{"line":282,"column":91}}],"line":282},"29":{"loc":{"start":{"line":296,"column":2},"end":{"line":298,"column":3}},"type":"if","locations":[{"start":{"line":296,"column":2},"end":{"line":298,"column":3}},{"start":{},"end":{}}],"line":296},"30":{"loc":{"start":{"line":296,"column":6},"end":{"line":296,"column":37}},"type":"binary-expr","locations":[{"start":{"line":296,"column":6},"end":{"line":296,"column":10}},{"start":{"line":296,"column":14},"end":{"line":296,"column":37}}],"line":296},"31":{"loc":{"start":{"line":354,"column":13},"end":{"line":354,"column":33}},"type":"binary-expr","locations":[{"start":{"line":354,"column":13},"end":{"line":354,"column":25}},{"start":{"line":354,"column":29},"end":{"line":354,"column":33}}],"line":354},"32":{"loc":{"start":{"line":357,"column":4},"end":{"line":361,"column":5}},"type":"if","locations":[{"start":{"line":357,"column":4},"end":{"line":361,"column":5}},{"start":{"line":359,"column":11},"end":{"line":361,"column":5}}],"line":357}},"s":{"0":0,"1":0,"2":0,"3":0,"4":0,"5":0,"6":0,"7":0,"8":0,"9":0,"10":0,"11":0,"12":0,"13":0,"14":0,"15":0,"16":0,"17":0,"18":0,"19":0,"20":0,"21":0,"22":0,"23":0,"24":0,"25":0,"26":0,"27":0,"28":0,"29":0,"30":0,"31":0,"32":0,"33":0,"34":0,"35":0,"36":0,"37":0,"38":0,"39":0,"40":0,"41":0,"42":0,"43":0,"44":0,"45":0,"46":0,"47":0,"48":0,"49":0,"50":0,"51":0,"52":0,"53":0,"54":0,"55":0,"56":0,"57":0,"58":0,"59":0,"60":0,"61":0,"62":0,"63":0,"64":0,"65":0,"66":0,"67":0,"68":0,"69":0,"70":0,"71":0,"72":0,"73":0,"74":0},"f":{"0":0,"1":0,"2":0,"3":0,"4":0,"5":0,"6":0,"7":0,"8":0,"9":0,"10":0,"11":0},"b":{"0":[0],"1":[0],"2":[0],"3":[0],"4":[0],"5":[0],"6":[0,0],"7":[0,0],"8":[0,0],"9":[0,0],"10":[0,0],"11":[0,0],"12":[0,0],"13":[0,0],"14":[0,0],"15":[0,0,0],"16":[0,0],"17":[0,0],"18":[0,0],"19":[0,0],"20":[0,0],"21":[0,0],"22":[0],"23":[0],"24":[0,0,0],"25":[0,0],"26":[0,0],"27":[0],"28":[0,0],"29":[0,0],"30":[0,0],"31":[0,0],"32":[0,0]}}
,"C:\\BitesBay\\bitesbay-backend\\utils\\sendOtp.js": {"path":"C:\\BitesBay\\bitesbay-backend\\utils\\sendOtp.js","statementMap":{"0":{"start":{"line":1,"column":19},"end":{"line":1,"column":40}},"1":{"start":{"line":3,"column":20},"end":{"line":9,"column":2}},"2":{"start":{"line":16,"column":21},"end":{"line":30,"column":1}},"3":{"start":{"line":17,"column":22},"end":{"line":22,"column":3}},"4":{"start":{"line":24,"column":2},"end":{"line":29,"column":3}},"5":{"start":{"line":25,"column":4},"end":{"line":25,"column":44}},"6":{"start":{"line":26,"column":4},"end":{"line":26,"column":40}},"7":{"start":{"line":28,"column":4},"end":{"line":28,"column":53}},"8":{"start":{"line":32,"column":0},"end":{"line":32,"column":30}}},"fnMap":{"0":{"name":"(anonymous_0)","decl":{"start":{"line":16,"column":21},"end":{"line":16,"column":22}},"loc":{"start":{"line":16,"column":43},"end":{"line":30,"column":1}},"line":16}},"branchMap":{},"s":{"0":2,"1":2,"2":2,"3":0,"4":0,"5":0,"6":0,"7":0,"8":2},"f":{"0":0},"b":{},"_coverageSchema":"1a1c01bbd47fc00a2c39e90264f33305004495a9","hash":"324d471a9655f5f0c603fa9bf2447e65885decda"}
,"C:\\BitesBay\\bitesbay-backend\\utils\\tempUtils.js": {"path":"C:\\BitesBay\\bitesbay-backend\\utils\\tempUtils.js","statementMap":{},"fnMap":{},"branchMap":{},"s":{},"f":{},"b":{}}
,"C:\\BitesBay\\bitesbay-backend\\utils\\vendorUtils.js": {"path":"C:\\BitesBay\\bitesbay-backend\\utils\\vendorUtils.js","statementMap":{"0":{"start":{"line":2,"column":15},"end":{"line":2,"column":47}},"1":{"start":{"line":3,"column":16},"end":{"line":3,"column":49}},"2":{"start":{"line":4,"column":12},"end":{"line":4,"column":41}},"3":{"start":{"line":13,"column":2},"end":{"line":59,"column":3}},"4":{"start":{"line":14,"column":4},"end":{"line":14,"column":90}},"5":{"start":{"line":17,"column":50},"end":{"line":21,"column":6}},"6":{"start":{"line":23,"column":4},"end":{"line":23,"column":119}},"7":{"start":{"line":26,"column":28},"end":{"line":31,"column":7}},"8":{"start":{"line":26,"column":53},"end":{"line":31,"column":5}},"9":{"start":{"line":34,"column":29},"end":{"line":38,"column":7}},"10":{"start":{"line":34,"column":55},"end":{"line":38,"column":5}},"11":{"start":{"line":41,"column":33},"end":{"line":46,"column":7}},"12":{"start":{"line":41,"column":55},"end":{"line":46,"column":5}},"13":{"start":{"line":49,"column":4},"end":{"line":49,"column":45}},"14":{"start":{"line":50,"column":4},"end":{"line":50,"column":47}},"15":{"start":{"line":51,"column":4},"end":{"line":51,"column":55}},"16":{"start":{"line":53,"column":4},"end":{"line":53,"column":24}},"17":{"start":{"line":55,"column":4},"end":{"line":55,"column":167}},"18":{"start":{"line":57,"column":4},"end":{"line":57,"column":77}},"19":{"start":{"line":58,"column":4},"end":{"line":58,"column":16}},"20":{"start":{"line":62,"column":0},"end":{"line":64,"column":2}}},"fnMap":{"0":{"name":"populateVendorWithUniversityItems","decl":{"start":{"line":12,"column":15},"end":{"line":12,"column":48}},"loc":{"start":{"line":12,"column":64},"end":{"line":60,"column":1}},"line":12},"1":{"name":"(anonymous_1)","decl":{"start":{"line":26,"column":44},"end":{"line":26,"column":45}},"loc":{"start":{"line":26,"column":53},"end":{"line":31,"column":5}},"line":26},"2":{"name":"(anonymous_2)","decl":{"start":{"line":34,"column":46},"end":{"line":34,"column":47}},"loc":{"start":{"line":34,"column":55},"end":{"line":38,"column":5}},"line":34},"3":{"name":"(anonymous_3)","decl":{"start":{"line":41,"column":46},"end":{"line":41,"column":47}},"loc":{"start":{"line":41,"column":55},"end":{"line":46,"column":5}},"line":41}},"branchMap":{"0":{"loc":{"start":{"line":45,"column":12},"end":{"line":45,"column":29}},"type":"binary-expr","locations":[{"start":{"line":45,"column":12},"end":{"line":45,"column":21}},{"start":{"line":45,"column":25},"end":{"line":45,"column":29}}],"line":45}},"s":{"0":2,"1":2,"2":2,"3":0,"4":0,"5":0,"6":0,"7":0,"8":0,"9":0,"10":0,"11":0,"12":0,"13":0,"14":0,"15":0,"16":0,"17":0,"18":0,"19":0,"20":2},"f":{"0":0,"1":0,"2":0,"3":0},"b":{"0":[0,0]},"_coverageSchema":"1a1c01bbd47fc00a2c39e90264f33305004495a9","hash":"5bb9707430415f6c476bcf244912e5d158265bb6"}
}
