TN:
SF:controllers\billingInfoController.js
FN:4,(anonymous_0)
FN:54,(anonymous_1)
FN:83,(anonymous_2)
FN:112,(anonymous_3)
FN:146,(anonymous_4)
FNF:5
FNH:0
FNDA:0,(anonymous_0)
FNDA:0,(anonymous_1)
FNDA:0,(anonymous_2)
FNDA:0,(anonymous_3)
FNDA:0,(anonymous_4)
DA:1,2
DA:4,2
DA:5,0
DA:16,0
DA:18,0
DA:19,0
DA:25,0
DA:37,0
DA:39,0
DA:45,0
DA:46,0
DA:54,2
DA:55,0
DA:56,0
DA:57,0
DA:59,0
DA:60,0
DA:66,0
DA:68,0
DA:74,0
DA:75,0
DA:83,2
DA:84,0
DA:85,0
DA:86,0
DA:88,0
DA:89,0
DA:95,0
DA:97,0
DA:103,0
DA:104,0
DA:112,2
DA:113,0
DA:114,0
DA:116,0
DA:117,0
DA:123,0
DA:125,0
DA:126,0
DA:132,0
DA:137,0
DA:138,0
DA:146,2
DA:147,0
DA:148,0
DA:149,0
DA:151,0
DA:152,0
DA:158,0
DA:159,0
DA:165,0
DA:171,0
DA:172,0
DA:178,0
DA:184,0
DA:185,0
DA:192,2
LF:57
LH:7
BRDA:15,0,0,0
BRDA:18,1,0,0
BRDA:18,1,1,0
BRDA:18,2,0,0
BRDA:18,2,1,0
BRDA:18,2,2,0
BRDA:18,2,3,0
BRDA:18,2,4,0
BRDA:18,2,5,0
BRDA:18,2,6,0
BRDA:18,2,7,0
BRDA:57,3,0,0
BRDA:59,4,0,0
BRDA:59,4,1,0
BRDA:86,5,0,0
BRDA:88,6,0,0
BRDA:88,6,1,0
BRDA:116,7,0,0
BRDA:116,7,1,0
BRDA:125,8,0,0
BRDA:125,8,1,0
BRDA:151,9,0,0
BRDA:151,9,1,0
BRDA:151,10,0,0
BRDA:151,10,1,0
BRDA:158,11,0,0
BRDA:158,11,1,0
BRDA:171,12,0,0
BRDA:171,12,1,0
BRF:29
BRH:0
end_of_record
TN:
SF:controllers\cartController.js
FN:7,(anonymous_0)
FN:51,(anonymous_1)
FN:67,(anonymous_2)
FN:83,(anonymous_3)
FN:99,(anonymous_4)
FN:115,(anonymous_5)
FNF:6
FNH:0
FNDA:0,(anonymous_0)
FNDA:0,(anonymous_1)
FNDA:0,(anonymous_2)
FNDA:0,(anonymous_3)
FNDA:0,(anonymous_4)
FNDA:0,(anonymous_5)
DA:2,2
DA:3,2
DA:4,2
DA:7,2
DA:8,0
DA:9,0
DA:10,0
DA:14,0
DA:15,0
DA:23,0
DA:24,0
DA:25,0
DA:30,0
DA:31,0
DA:32,0
DA:38,0
DA:41,0
DA:45,0
DA:46,0
DA:51,2
DA:52,0
DA:53,0
DA:54,0
DA:55,0
DA:61,0
DA:62,0
DA:67,2
DA:68,0
DA:69,0
DA:70,0
DA:71,0
DA:72,0
DA:74,0
DA:75,0
DA:77,0
DA:78,0
DA:83,2
DA:84,0
DA:85,0
DA:86,0
DA:87,0
DA:88,0
DA:90,0
DA:91,0
DA:93,0
DA:94,0
DA:99,2
DA:100,0
DA:101,0
DA:102,0
DA:103,0
DA:104,0
DA:106,0
DA:107,0
DA:109,0
DA:110,0
DA:115,2
DA:116,0
DA:117,0
DA:118,0
DA:119,0
DA:126,0
DA:127,0
LF:63
LH:9
BRDA:14,0,0,0
BRDA:14,0,1,0
BRDA:14,1,0,0
BRDA:14,1,1,0
BRDA:14,1,2,0
BRDA:14,1,3,0
BRDA:14,1,4,0
BRDA:24,2,0,0
BRDA:24,2,1,0
BRDA:31,3,0,0
BRDA:31,3,1,0
BRDA:71,4,0,0
BRDA:71,4,1,0
BRDA:71,5,0,0
BRDA:71,5,1,0
BRDA:87,6,0,0
BRDA:87,6,1,0
BRDA:87,7,0,0
BRDA:87,7,1,0
BRDA:103,8,0,0
BRDA:103,8,1,0
BRDA:103,9,0,0
BRDA:103,9,1,0
BRDA:120,10,0,0
BRDA:120,10,1,0
BRF:25
BRH:0
end_of_record
TN:
SF:controllers\contactController.js
FN:12,(anonymous_0)
FNF:1
FNH:0
FNDA:0,(anonymous_0)
DA:1,2
DA:2,2
DA:4,2
DA:12,2
DA:13,0
DA:15,0
DA:17,0
DA:19,0
DA:20,0
DA:23,0
DA:33,0
DA:34,0
DA:36,0
DA:40,0
DA:41,0
LF:15
LH:4
BRF:0
BRH:0
end_of_record
TN:
SF:controllers\expressOrderController.js
FN:13,handleInitiate
FN:25,handleViewVendor
FN:38,handleConfirm
FNF:3
FNH:0
FNDA:0,handleInitiate
FNDA:0,handleViewVendor
FNDA:0,handleConfirm
DA:7,2
DA:14,0
DA:15,0
DA:16,0
DA:18,0
DA:26,0
DA:27,0
DA:28,0
DA:29,0
DA:31,0
DA:39,0
DA:40,0
DA:41,0
DA:42,0
DA:43,0
DA:45,0
DA:46,0
DA:50,2
LF:18
LH:2
BRF:0
BRH:0
end_of_record
TN:
SF:controllers\favouritesController.js
FN:6,(anonymous_0)
FN:25,(anonymous_1)
FN:33,(anonymous_2)
FN:48,(anonymous_3)
FN:71,(anonymous_4)
FN:81,(anonymous_5)
FN:119,(anonymous_6)
FN:131,(anonymous_7)
FNF:8
FNH:0
FNDA:0,(anonymous_0)
FNDA:0,(anonymous_1)
FNDA:0,(anonymous_2)
FNDA:0,(anonymous_3)
FNDA:0,(anonymous_4)
FNDA:0,(anonymous_5)
FNDA:0,(anonymous_6)
FNDA:0,(anonymous_7)
DA:1,2
DA:2,2
DA:3,2
DA:4,2
DA:6,2
DA:7,0
DA:8,0
DA:10,0
DA:11,0
DA:14,0
DA:15,0
DA:18,0
DA:19,0
DA:20,0
DA:24,0
DA:25,0
DA:30,0
DA:32,0
DA:33,0
DA:37,0
DA:38,0
DA:41,0
DA:42,0
DA:43,0
DA:46,0
DA:47,0
DA:48,0
DA:51,0
DA:52,0
DA:56,0
DA:61,0
DA:62,0
DA:65,0
DA:66,0
DA:71,2
DA:72,0
DA:73,0
DA:75,0
DA:76,0
DA:78,0
DA:80,0
DA:82,0
DA:83,0
DA:84,0
DA:85,0
DA:86,0
DA:87,0
DA:91,0
DA:92,0
DA:93,0
DA:94,0
DA:97,0
DA:104,0
DA:105,0
DA:110,0
DA:111,0
DA:113,0
DA:114,0
DA:119,2
DA:120,0
DA:121,0
DA:123,0
DA:124,0
DA:127,0
DA:128,0
DA:130,0
DA:132,0
DA:133,0
DA:134,0
DA:137,0
DA:138,0
DA:140,0
DA:149,0
DA:153,0
DA:154,0
LF:75
LH:7
BRDA:10,0,0,0
BRDA:10,0,1,0
BRDA:15,1,0,0
BRDA:15,1,1,0
BRDA:19,2,0,0
BRDA:19,2,1,0
BRDA:25,3,0,0
BRDA:25,3,1,0
BRDA:25,3,2,0
BRDA:25,3,3,0
BRDA:25,3,4,0
BRDA:30,4,0,0
BRDA:30,4,1,0
BRDA:33,5,0,0
BRDA:33,5,1,0
BRDA:33,5,2,0
BRDA:33,5,3,0
BRDA:33,5,4,0
BRDA:41,6,0,0
BRDA:41,6,1,0
BRDA:43,7,0,0
BRDA:43,7,1,0
BRDA:46,8,0,0
BRDA:46,8,1,0
BRDA:46,9,0,0
BRDA:46,9,1,0
BRDA:48,10,0,0
BRDA:48,10,1,0
BRDA:48,10,2,0
BRDA:51,11,0,0
BRDA:51,11,1,0
BRDA:76,12,0,0
BRDA:76,12,1,0
BRDA:83,13,0,0
BRDA:83,13,1,0
BRDA:85,14,0,0
BRDA:85,14,1,0
BRDA:92,15,0,0
BRDA:92,15,1,0
BRDA:123,16,0,0
BRDA:123,16,1,0
BRDA:128,17,0,0
BRDA:128,17,1,0
BRDA:132,18,0,0
BRDA:132,18,1,0
BRDA:134,19,0,0
BRDA:134,19,1,0
BRDA:138,20,0,0
BRDA:138,20,1,0
BRF:49
BRH:0
end_of_record
TN:
SF:controllers\featureController.js
FN:3,(anonymous_0)
FN:13,(anonymous_1)
FNF:2
FNH:0
FNDA:0,(anonymous_0)
FNDA:0,(anonymous_1)
DA:1,2
DA:3,2
DA:4,0
DA:5,0
DA:6,0
DA:8,0
DA:9,0
DA:13,2
DA:14,0
DA:15,0
DA:16,0
DA:17,0
DA:19,0
DA:20,0
DA:22,0
DA:23,0
DA:24,0
DA:26,0
LF:18
LH:3
BRDA:16,0,0,0
BRDA:16,0,1,0
BRDA:23,1,0,0
BRDA:23,1,1,0
BRF:4
BRH:0
end_of_record
TN:
SF:controllers\foodController.js
FN:58,(anonymous_0)
FN:72,(anonymous_1)
FN:76,(anonymous_2)
FN:85,(anonymous_3)
FN:94,(anonymous_4)
FN:98,(anonymous_5)
FN:107,(anonymous_6)
FNF:7
FNH:0
FNDA:0,(anonymous_0)
FNDA:0,(anonymous_1)
FNDA:0,(anonymous_2)
FNDA:0,(anonymous_3)
FNDA:0,(anonymous_4)
FNDA:0,(anonymous_5)
FNDA:0,(anonymous_6)
DA:53,0
DA:54,0
DA:55,0
DA:58,0
DA:59,0
DA:60,0
DA:62,0
DA:63,0
DA:65,0
DA:69,0
DA:70,0
DA:72,0
DA:73,0
DA:76,0
DA:78,0
DA:80,0
DA:85,0
DA:86,0
DA:88,0
DA:89,0
DA:94,0
DA:95,0
DA:98,0
DA:100,0
DA:102,0
DA:107,0
DA:108,0
DA:109,0
DA:110,0
DA:111,0
DA:112,0
DA:115,0
LF:32
LH:0
BRDA:60,0,0,0
BRDA:60,0,1,0
BRDA:65,1,0,0
BRDA:65,1,1,0
BRDA:73,2,0,0
BRDA:73,2,1,0
BRDA:76,3,0,0
BRDA:76,3,1,0
BRDA:76,4,0,0
BRDA:76,4,1,0
BRDA:95,5,0,0
BRDA:95,5,1,0
BRDA:98,6,0,0
BRDA:98,6,1,0
BRDA:98,7,0,0
BRDA:98,7,1,0
BRDA:109,8,0,0
BRDA:109,8,1,0
BRDA:110,9,0,0
BRDA:110,9,1,0
BRDA:111,10,0,0
BRDA:111,10,1,0
BRF:22
BRH:0
end_of_record
TN:
SF:controllers\foodCourtController.js
FN:9,(anonymous_0)
FNF:1
FNH:0
FNDA:0,(anonymous_0)
DA:1,2
DA:2,2
DA:3,2
DA:5,2
DA:9,2
DA:10,0
DA:11,0
DA:14,0
DA:15,0
DA:16,0
DA:22,0
DA:25,0
DA:26,0
DA:32,0
DA:35,0
DA:45,0
DA:47,0
DA:57,0
LF:18
LH:5
BRDA:15,0,0,0
BRDA:15,0,1,0
BRDA:25,1,0,0
BRDA:25,1,1,0
BRF:4
BRH:0
end_of_record
TN:
SF:controllers\inventoryController.js
FN:8,(anonymous_0)
FN:12,(anonymous_1)
FN:19,(anonymous_2)
FN:66,(anonymous_3)
FN:80,(anonymous_4)
FN:93,(anonymous_5)
FN:122,(anonymous_6)
FN:144,(anonymous_7)
FN:168,(anonymous_8)
FN:197,(anonymous_9)
FN:221,(anonymous_10)
FN:230,(anonymous_11)
FN:245,(anonymous_12)
FN:268,(anonymous_13)
FN:314,(anonymous_14)
FN:337,(anonymous_15)
FN:347,(anonymous_16)
FN:359,(anonymous_17)
FN:375,(anonymous_18)
FNF:19
FNH:0
FNDA:0,(anonymous_0)
FNDA:0,(anonymous_1)
FNDA:0,(anonymous_2)
FNDA:0,(anonymous_3)
FNDA:0,(anonymous_4)
FNDA:0,(anonymous_5)
FNDA:0,(anonymous_6)
FNDA:0,(anonymous_7)
FNDA:0,(anonymous_8)
FNDA:0,(anonymous_9)
FNDA:0,(anonymous_10)
FNDA:0,(anonymous_11)
FNDA:0,(anonymous_12)
FNDA:0,(anonymous_13)
FNDA:0,(anonymous_14)
FNDA:0,(anonymous_15)
FNDA:0,(anonymous_16)
FNDA:0,(anonymous_17)
FNDA:0,(anonymous_18)
DA:1,2
DA:2,2
DA:3,2
DA:4,2
DA:5,2
DA:6,2
DA:8,2
DA:9,0
DA:12,2
DA:13,0
DA:14,0
DA:15,0
DA:16,0
DA:19,2
DA:20,0
DA:21,0
DA:22,0
DA:24,0
DA:25,0
DA:28,0
DA:29,0
DA:30,0
DA:33,0
DA:34,0
DA:37,0
DA:38,0
DA:41,0
DA:42,0
DA:44,0
DA:45,0
DA:50,0
DA:52,0
DA:53,0
DA:54,0
DA:55,0
DA:57,0
DA:58,0
DA:65,0
DA:66,0
DA:68,0
DA:71,0
DA:72,0
DA:74,0
DA:77,0
DA:80,0
DA:84,0
DA:92,0
DA:93,0
DA:95,0
DA:97,0
DA:101,0
DA:108,0
DA:109,0
DA:110,0
DA:111,0
DA:113,0
DA:114,0
DA:120,0
DA:121,0
DA:122,0
DA:124,0
DA:125,0
DA:127,0
DA:130,0
DA:134,0
DA:135,0
DA:137,0
DA:139,0
DA:140,0
DA:144,2
DA:145,0
DA:146,0
DA:147,0
DA:149,0
DA:150,0
DA:153,0
DA:154,0
DA:156,0
DA:157,0
DA:158,0
DA:160,0
DA:161,0
DA:167,0
DA:168,0
DA:170,0
DA:171,0
DA:175,0
DA:177,0
DA:178,0
DA:180,0
DA:181,0
DA:186,0
DA:189,0
DA:196,0
DA:197,0
DA:199,0
DA:200,0
DA:203,0
DA:211,0
DA:212,0
DA:214,0
DA:216,0
DA:217,0
DA:221,2
DA:222,0
DA:223,0
DA:224,0
DA:225,0
DA:227,0
DA:228,0
DA:229,0
DA:230,0
DA:232,0
DA:233,0
DA:235,0
DA:236,0
DA:237,0
DA:238,0
DA:240,0
DA:241,0
DA:245,2
DA:246,0
DA:247,0
DA:249,0
DA:250,0
DA:253,0
DA:254,0
DA:257,0
DA:258,0
DA:261,0
DA:262,0
DA:264,0
DA:265,0
DA:267,0
DA:268,0
DA:271,0
DA:272,0
DA:273,0
DA:274,0
DA:277,0
DA:286,0
DA:289,0
DA:290,0
DA:295,0
DA:297,0
DA:309,0
DA:310,0
DA:313,0
DA:314,0
DA:316,0
DA:317,0
DA:318,0
DA:320,0
DA:327,0
DA:328,0
DA:330,0
DA:332,0
DA:333,0
DA:337,2
DA:338,0
DA:339,0
DA:340,0
DA:341,0
DA:343,0
DA:344,0
DA:346,0
DA:347,0
DA:349,0
DA:350,0
DA:352,0
DA:353,0
DA:357,0
DA:358,0
DA:359,0
DA:361,0
DA:363,0
DA:365,0
DA:366,0
DA:375,2
DA:376,0
DA:377,0
DA:378,0
DA:383,0
DA:384,0
LF:184
LH:14
BRDA:22,0,0,0
BRDA:22,0,1,0
BRDA:24,1,0,0
BRDA:24,1,1,0
BRDA:24,2,0,0
BRDA:24,2,1,0
BRDA:24,2,2,0
BRDA:29,3,0,0
BRDA:29,3,1,0
BRDA:33,4,0,0
BRDA:33,4,1,0
BRDA:33,5,0,0
BRDA:33,5,1,0
BRDA:33,5,2,0
BRDA:37,6,0,0
BRDA:37,6,1,0
BRDA:37,7,0,0
BRDA:37,7,1,0
BRDA:42,8,0,0
BRDA:42,8,1,0
BRDA:50,9,0,0
BRDA:50,9,1,0
BRDA:52,10,0,0
BRDA:52,10,1,0
BRDA:54,11,0,0
BRDA:54,11,1,0
BRDA:57,12,0,0
BRDA:57,12,1,0
BRDA:68,13,0,0
BRDA:68,13,1,0
BRDA:71,14,0,0
BRDA:71,14,1,0
BRDA:80,15,0,0
BRDA:80,15,1,0
BRDA:95,16,0,0
BRDA:95,16,1,0
BRDA:108,17,0,0
BRDA:108,17,1,0
BRDA:110,18,0,0
BRDA:110,18,1,0
BRDA:113,19,0,0
BRDA:113,19,1,0
BRDA:120,20,0,0
BRDA:120,20,1,0
BRDA:124,21,0,0
BRDA:124,21,1,0
BRDA:147,22,0,0
BRDA:147,22,1,0
BRDA:149,23,0,0
BRDA:149,23,1,0
BRDA:149,24,0,0
BRDA:149,24,1,0
BRDA:149,24,2,0
BRDA:154,25,0,0
BRDA:154,25,1,0
BRDA:157,26,0,0
BRDA:157,26,1,0
BRDA:160,27,0,0
BRDA:160,27,1,0
BRDA:170,28,0,0
BRDA:170,28,1,0
BRDA:170,29,0,0
BRDA:170,29,1,0
BRDA:186,30,0,0
BRDA:186,30,1,0
BRDA:199,31,0,0
BRDA:199,31,1,0
BRDA:224,32,0,0
BRDA:224,32,1,0
BRDA:224,33,0,0
BRDA:224,33,1,0
BRDA:224,33,2,0
BRDA:228,34,0,0
BRDA:228,34,1,0
BRDA:232,35,0,0
BRDA:232,35,1,0
BRDA:249,36,0,0
BRDA:249,36,1,0
BRDA:249,37,0,0
BRDA:249,37,1,0
BRDA:249,37,2,0
BRDA:249,37,3,0
BRDA:249,37,4,0
BRDA:253,38,0,0
BRDA:253,38,1,0
BRDA:257,39,0,0
BRDA:257,39,1,0
BRDA:257,40,0,0
BRDA:257,40,1,0
BRDA:262,41,0,0
BRDA:262,41,1,0
BRDA:265,42,0,0
BRDA:265,42,1,0
BRDA:271,43,0,0
BRDA:271,43,1,0
BRDA:295,44,0,0
BRDA:295,44,1,0
BRDA:309,45,0,0
BRDA:309,45,1,0
BRDA:316,46,0,0
BRDA:316,46,1,0
BRDA:340,47,0,0
BRDA:340,47,1,0
BRDA:340,48,0,0
BRDA:340,48,1,0
BRDA:344,49,0,0
BRDA:344,49,1,0
BRDA:346,50,0,0
BRDA:346,50,1,0
BRDA:357,51,0,0
BRDA:357,51,1,0
BRDA:358,52,0,0
BRDA:358,52,1,0
BRF:113
BRH:0
end_of_record
TN:
SF:controllers\inventoryReportController.js
FN:13,formatDateIST
FN:24,postVendorReport
FN:52,postUniReport
FN:74,getVendorReport
FN:89,getVendorReportDates
FN:99,(anonymous_5)
FN:105,(anonymous_6)
FN:117,generateAllVendorReports
FNF:8
FNH:0
FNDA:0,formatDateIST
FNDA:0,postVendorReport
FNDA:0,postUniReport
FNDA:0,getVendorReport
FNDA:0,getVendorReportDates
FNDA:0,(anonymous_5)
FNDA:0,(anonymous_6)
FNDA:0,generateAllVendorReports
DA:8,2
DA:9,2
DA:10,2
DA:14,0
DA:15,0
DA:16,0
DA:17,0
DA:25,0
DA:26,0
DA:27,0
DA:28,0
DA:34,0
DA:35,0
DA:36,0
DA:37,0
DA:39,0
DA:42,0
DA:44,0
DA:53,0
DA:54,0
DA:55,0
DA:56,0
DA:62,0
DA:65,0
DA:67,0
DA:75,0
DA:76,0
DA:77,0
DA:78,0
DA:79,0
DA:81,0
DA:90,0
DA:91,0
DA:93,0
DA:94,0
DA:97,0
DA:99,0
DA:100,0
DA:101,0
DA:103,0
DA:105,0
DA:106,0
DA:108,0
DA:109,0
DA:118,0
DA:119,0
DA:120,0
DA:122,0
DA:123,0
DA:125,0
DA:129,2
LF:51
LH:4
BRDA:34,0,0,0
BRDA:34,0,1,0
BRDA:36,1,0,0
BRDA:36,1,1,0
BRDA:93,2,0,0
BRDA:93,2,1,0
BRDA:100,3,0,0
BRDA:100,3,1,0
BRF:8
BRH:0
end_of_record
TN:
SF:controllers\invoiceController.js
FN:24,(anonymous_0)
FN:92,(anonymous_1)
FN:159,(anonymous_2)
FN:242,(anonymous_3)
FN:278,(anonymous_4)
FN:317,(anonymous_5)
FN:397,(anonymous_6)
FN:492,(anonymous_7)
FN:617,(anonymous_8)
FN:661,(anonymous_9)
FN:670,(anonymous_10)
FN:679,(anonymous_11)
FN:842,(anonymous_12)
FN:887,(anonymous_13)
FN:945,(anonymous_14)
FN:956,(anonymous_15)
FN:965,(anonymous_16)
FN:1143,(anonymous_17)
FN:1186,(anonymous_18)
FN:1208,(anonymous_19)
FN:1239,(anonymous_20)
FN:1314,(anonymous_21)
FN:1335,(anonymous_22)
FN:1344,(anonymous_23)
FN:1345,(anonymous_24)
FNF:25
FNH:0
FNDA:0,(anonymous_0)
FNDA:0,(anonymous_1)
FNDA:0,(anonymous_2)
FNDA:0,(anonymous_3)
FNDA:0,(anonymous_4)
FNDA:0,(anonymous_5)
FNDA:0,(anonymous_6)
FNDA:0,(anonymous_7)
FNDA:0,(anonymous_8)
FNDA:0,(anonymous_9)
FNDA:0,(anonymous_10)
FNDA:0,(anonymous_11)
FNDA:0,(anonymous_12)
FNDA:0,(anonymous_13)
FNDA:0,(anonymous_14)
FNDA:0,(anonymous_15)
FNDA:0,(anonymous_16)
FNDA:0,(anonymous_17)
FNDA:0,(anonymous_18)
FNDA:0,(anonymous_19)
FNDA:0,(anonymous_20)
FNDA:0,(anonymous_21)
FNDA:0,(anonymous_22)
FNDA:0,(anonymous_23)
FNDA:0,(anonymous_24)
DA:1,2
DA:2,2
DA:3,2
DA:4,2
DA:5,2
DA:6,2
DA:7,2
DA:8,2
DA:9,2
DA:10,2
DA:14,2
DA:15,0
DA:17,2
DA:24,2
DA:25,0
DA:26,0
DA:27,0
DA:30,0
DA:31,0
DA:32,0
DA:39,0
DA:41,0
DA:42,0
DA:48,0
DA:49,0
DA:53,0
DA:54,0
DA:62,0
DA:64,0
DA:79,0
DA:80,0
DA:92,2
DA:93,0
DA:94,0
DA:97,0
DA:99,0
DA:100,0
DA:106,0
DA:107,0
DA:110,0
DA:111,0
DA:114,0
DA:115,0
DA:119,0
DA:120,0
DA:129,0
DA:131,0
DA:146,0
DA:147,0
DA:159,2
DA:160,0
DA:161,0
DA:162,0
DA:165,0
DA:166,0
DA:167,0
DA:174,0
DA:180,0
DA:181,0
DA:187,0
DA:188,0
DA:191,0
DA:192,0
DA:196,0
DA:197,0
DA:201,0
DA:202,0
DA:212,0
DA:214,0
DA:229,0
DA:230,0
DA:242,2
DA:243,0
DA:244,0
DA:246,0
DA:252,0
DA:253,0
DA:259,0
DA:265,0
DA:266,0
DA:278,2
DA:279,0
DA:280,0
DA:283,0
DA:284,0
DA:285,0
DA:291,0
DA:298,0
DA:304,0
DA:305,0
DA:317,2
DA:318,0
DA:319,0
DA:322,0
DA:323,0
DA:324,0
DA:331,0
DA:332,0
DA:344,0
DA:352,0
DA:353,0
DA:354,0
DA:366,0
DA:368,0
DA:384,0
DA:385,0
DA:397,2
DA:398,0
DA:399,0
DA:402,0
DA:403,0
DA:404,0
DA:411,0
DA:417,0
DA:418,0
DA:425,0
DA:427,0
DA:428,0
DA:429,0
DA:430,0
DA:438,0
DA:439,0
DA:440,0
DA:446,0
DA:453,0
DA:460,0
DA:468,0
DA:479,0
DA:480,0
DA:492,2
DA:493,0
DA:494,0
DA:496,0
DA:499,0
DA:500,0
DA:501,0
DA:502,0
DA:508,0
DA:511,0
DA:512,0
DA:513,0
DA:526,0
DA:527,0
DA:529,0
DA:530,0
DA:532,0
DA:533,0
DA:534,0
DA:536,0
DA:537,0
DA:538,0
DA:540,0
DA:542,0
DA:547,0
DA:548,0
DA:549,0
DA:553,0
DA:554,0
DA:555,0
DA:559,0
DA:560,0
DA:562,0
DA:563,0
DA:571,0
DA:572,0
DA:573,0
DA:575,0
DA:576,0
DA:577,0
DA:580,0
DA:583,0
DA:588,0
DA:589,0
DA:604,0
DA:605,0
DA:617,2
DA:618,0
DA:619,0
DA:621,0
DA:624,0
DA:625,0
DA:626,0
DA:633,0
DA:639,0
DA:640,0
DA:646,0
DA:649,0
DA:650,0
DA:651,0
DA:654,0
DA:655,0
DA:656,0
DA:661,0
DA:662,0
DA:663,0
DA:670,0
DA:671,0
DA:674,0
DA:675,0
DA:676,0
DA:679,0
DA:680,0
DA:681,0
DA:685,0
DA:686,0
DA:687,0
DA:689,0
DA:695,0
DA:698,0
DA:699,0
DA:701,0
DA:702,0
DA:703,0
DA:704,0
DA:707,0
DA:708,0
DA:710,0
DA:711,0
DA:712,0
DA:713,0
DA:714,0
DA:716,0
DA:719,0
DA:724,0
DA:725,0
DA:727,0
DA:728,0
DA:729,0
DA:730,0
DA:731,0
DA:733,0
DA:736,0
DA:741,0
DA:742,0
DA:744,0
DA:745,0
DA:753,0
DA:754,0
DA:755,0
DA:756,0
DA:757,0
DA:758,0
DA:759,0
DA:764,0
DA:769,0
DA:770,0
DA:772,0
DA:773,0
DA:774,0
DA:775,0
DA:780,0
DA:781,0
DA:782,0
DA:783,0
DA:785,0
DA:786,0
DA:789,0
DA:802,0
DA:806,0
DA:807,0
DA:810,0
DA:819,0
DA:823,0
DA:826,0
DA:829,0
DA:830,0
DA:842,2
DA:843,0
DA:844,0
DA:846,0
DA:847,0
DA:853,0
DA:862,0
DA:864,0
DA:874,0
DA:875,0
DA:887,2
DA:888,0
DA:889,0
DA:890,0
DA:892,0
DA:893,0
DA:899,0
DA:902,0
DA:909,0
DA:910,0
DA:911,0
DA:912,0
DA:913,0
DA:916,0
DA:923,0
DA:924,0
DA:930,0
DA:933,0
DA:934,0
DA:935,0
DA:938,0
DA:939,0
DA:940,0
DA:945,0
DA:946,0
DA:947,0
DA:948,0
DA:956,0
DA:957,0
DA:960,0
DA:961,0
DA:962,0
DA:965,0
DA:966,0
DA:967,0
DA:971,0
DA:972,0
DA:973,0
DA:975,0
DA:981,0
DA:984,0
DA:985,0
DA:987,0
DA:988,0
DA:989,0
DA:990,0
DA:991,0
DA:994,0
DA:995,0
DA:997,0
DA:998,0
DA:999,0
DA:1000,0
DA:1001,0
DA:1003,0
DA:1006,0
DA:1011,0
DA:1012,0
DA:1014,0
DA:1015,0
DA:1016,0
DA:1017,0
DA:1018,0
DA:1020,0
DA:1023,0
DA:1028,0
DA:1029,0
DA:1031,0
DA:1032,0
DA:1040,0
DA:1041,0
DA:1042,0
DA:1043,0
DA:1044,0
DA:1045,0
DA:1046,0
DA:1051,0
DA:1056,0
DA:1057,0
DA:1059,0
DA:1060,0
DA:1061,0
DA:1062,0
DA:1067,0
DA:1068,0
DA:1069,0
DA:1070,0
DA:1072,0
DA:1073,0
DA:1076,0
DA:1089,0
DA:1093,0
DA:1094,0
DA:1097,0
DA:1106,0
DA:1110,0
DA:1113,0
DA:1116,0
DA:1119,0
DA:1120,0
DA:1121,0
DA:1122,0
DA:1124,0
DA:1129,0
DA:1130,0
DA:1143,2
DA:1144,0
DA:1145,0
DA:1147,0
DA:1148,0
DA:1155,0
DA:1160,0
DA:1161,0
DA:1168,0
DA:1169,0
DA:1170,0
DA:1177,0
DA:1186,0
DA:1202,0
DA:1208,0
DA:1217,0
DA:1219,0
DA:1226,0
DA:1227,0
DA:1239,2
DA:1240,0
DA:1241,0
DA:1243,0
DA:1244,0
DA:1245,0
DA:1251,0
DA:1252,0
DA:1256,0
DA:1261,0
DA:1267,0
DA:1272,0
DA:1278,0
DA:1283,0
DA:1301,0
DA:1302,0
DA:1314,2
DA:1315,0
DA:1316,0
DA:1317,0
DA:1318,0
DA:1319,0
DA:1321,0
DA:1322,0
DA:1324,0
DA:1326,0
DA:1327,0
DA:1335,2
DA:1336,0
DA:1337,0
DA:1338,0
DA:1339,0
DA:1340,0
DA:1342,0
DA:1343,0
DA:1344,0
DA:1345,0
DA:1352,0
DA:1354,0
DA:1355,0
LF:440
LH:27
BRDA:14,0,0,0
BRDA:14,0,1,2
BRDA:27,1,0,0
BRDA:27,2,0,0
BRDA:31,3,0,0
BRDA:31,3,1,0
BRDA:41,4,0,0
BRDA:41,4,1,0
BRDA:41,5,0,0
BRDA:41,5,1,0
BRDA:48,6,0,0
BRDA:48,6,1,0
BRDA:94,7,0,0
BRDA:94,8,0,0
BRDA:99,9,0,0
BRDA:99,9,1,0
BRDA:99,10,0,0
BRDA:99,10,1,0
BRDA:106,11,0,0
BRDA:106,11,1,0
BRDA:110,12,0,0
BRDA:110,12,1,0
BRDA:114,13,0,0
BRDA:114,13,1,0
BRDA:162,14,0,0
BRDA:162,15,0,0
BRDA:166,16,0,0
BRDA:166,16,1,0
BRDA:180,17,0,0
BRDA:180,17,1,0
BRDA:180,18,0,0
BRDA:180,18,1,0
BRDA:187,19,0,0
BRDA:187,19,1,0
BRDA:191,20,0,0
BRDA:191,20,1,0
BRDA:196,21,0,0
BRDA:196,21,1,0
BRDA:196,22,0,0
BRDA:196,22,1,0
BRDA:252,23,0,0
BRDA:252,23,1,0
BRDA:284,24,0,0
BRDA:284,24,1,0
BRDA:323,25,0,0
BRDA:323,25,1,0
BRDA:331,26,0,0
BRDA:331,26,1,0
BRDA:352,27,0,0
BRDA:352,27,1,0
BRDA:379,28,0,0
BRDA:379,28,1,0
BRDA:403,29,0,0
BRDA:403,29,1,0
BRDA:417,30,0,0
BRDA:417,30,1,0
BRDA:428,31,0,0
BRDA:428,31,1,0
BRDA:438,32,0,0
BRDA:438,32,1,0
BRDA:500,33,0,0
BRDA:500,33,1,0
BRDA:511,34,0,0
BRDA:511,34,1,0
BRDA:511,35,0,0
BRDA:511,35,1,0
BRDA:526,36,0,0
BRDA:526,36,1,0
BRDA:526,37,0,0
BRDA:526,37,1,0
BRDA:532,38,0,0
BRDA:532,38,1,0
BRDA:547,39,0,0
BRDA:547,39,1,0
BRDA:547,40,0,0
BRDA:547,40,1,0
BRDA:553,41,0,0
BRDA:553,41,1,0
BRDA:559,42,0,0
BRDA:559,42,1,0
BRDA:571,43,0,0
BRDA:571,43,1,0
BRDA:575,44,0,0
BRDA:575,44,1,0
BRDA:625,45,0,0
BRDA:625,45,1,0
BRDA:639,46,0,0
BRDA:639,46,1,0
BRDA:650,47,0,0
BRDA:650,47,1,0
BRDA:680,48,0,0
BRDA:680,48,1,0
BRDA:707,49,0,0
BRDA:707,49,1,0
BRDA:707,50,0,0
BRDA:707,50,1,0
BRDA:712,51,0,0
BRDA:712,51,1,0
BRDA:724,52,0,0
BRDA:724,52,1,0
BRDA:724,53,0,0
BRDA:724,53,1,0
BRDA:729,54,0,0
BRDA:729,54,1,0
BRDA:741,55,0,0
BRDA:741,55,1,0
BRDA:741,56,0,0
BRDA:741,56,1,0
BRDA:753,57,0,0
BRDA:753,57,1,0
BRDA:755,58,0,0
BRDA:755,58,1,0
BRDA:757,59,0,0
BRDA:757,59,1,0
BRDA:769,60,0,0
BRDA:769,60,1,0
BRDA:769,61,0,0
BRDA:769,61,1,0
BRDA:769,61,2,0
BRDA:773,62,0,0
BRDA:773,62,1,0
BRDA:780,63,0,0
BRDA:780,63,1,0
BRDA:846,64,0,0
BRDA:846,64,1,0
BRDA:846,65,0,0
BRDA:846,65,1,0
BRDA:892,66,0,0
BRDA:892,66,1,0
BRDA:892,67,0,0
BRDA:892,67,1,0
BRDA:909,68,0,0
BRDA:909,68,1,0
BRDA:910,69,0,0
BRDA:910,69,1,0
BRDA:911,70,0,0
BRDA:911,70,1,0
BRDA:912,71,0,0
BRDA:912,71,1,0
BRDA:913,72,0,0
BRDA:913,72,1,0
BRDA:913,73,0,0
BRDA:913,73,1,0
BRDA:923,74,0,0
BRDA:923,74,1,0
BRDA:934,75,0,0
BRDA:934,75,1,0
BRDA:947,76,0,0
BRDA:947,76,1,0
BRDA:966,77,0,0
BRDA:966,77,1,0
BRDA:990,78,0,0
BRDA:990,78,1,0
BRDA:994,79,0,0
BRDA:994,79,1,0
BRDA:994,80,0,0
BRDA:994,80,1,0
BRDA:999,81,0,0
BRDA:999,81,1,0
BRDA:1011,82,0,0
BRDA:1011,82,1,0
BRDA:1011,83,0,0
BRDA:1011,83,1,0
BRDA:1016,84,0,0
BRDA:1016,84,1,0
BRDA:1028,85,0,0
BRDA:1028,85,1,0
BRDA:1028,86,0,0
BRDA:1028,86,1,0
BRDA:1040,87,0,0
BRDA:1040,87,1,0
BRDA:1042,88,0,0
BRDA:1042,88,1,0
BRDA:1044,89,0,0
BRDA:1044,89,1,0
BRDA:1056,90,0,0
BRDA:1056,90,1,0
BRDA:1056,91,0,0
BRDA:1056,91,1,0
BRDA:1056,91,2,0
BRDA:1060,92,0,0
BRDA:1060,92,1,0
BRDA:1067,93,0,0
BRDA:1067,93,1,0
BRDA:1098,94,0,0
BRDA:1098,94,1,0
BRDA:1119,95,0,0
BRDA:1119,95,1,0
BRDA:1119,96,0,0
BRDA:1119,96,1,0
BRDA:1129,97,0,0
BRDA:1129,97,1,0
BRDA:1147,98,0,0
BRDA:1147,98,1,0
BRDA:1160,99,0,0
BRDA:1160,99,1,0
BRDA:1169,100,0,0
BRDA:1169,100,1,0
BRDA:1187,101,0,0
BRDA:1187,101,1,0
BRDA:1188,102,0,0
BRDA:1188,102,1,0
BRDA:1191,103,0,0
BRDA:1191,103,1,0
BRDA:1192,104,0,0
BRDA:1192,104,1,0
BRDA:1193,105,0,0
BRDA:1193,105,1,0
BRDA:1194,106,0,0
BRDA:1194,106,1,0
BRDA:1195,107,0,0
BRDA:1195,107,1,0
BRDA:1196,108,0,0
BRDA:1196,108,1,0
BRDA:1207,109,0,0
BRDA:1207,109,1,0
BRDA:1244,110,0,0
BRDA:1244,110,1,0
BRDA:1244,111,0,0
BRDA:1244,111,1,0
BRDA:1251,112,0,0
BRDA:1251,112,1,0
BRDA:1292,113,0,0
BRDA:1292,113,1,0
BRDA:1293,114,0,0
BRDA:1293,114,1,0
BRDA:1294,115,0,0
BRDA:1294,115,1,0
BRDA:1294,116,0,0
BRDA:1294,116,1,0
BRDA:1318,117,0,0
BRDA:1318,117,1,0
BRDA:1321,118,0,0
BRDA:1321,118,1,0
BRDA:1321,119,0,0
BRDA:1321,119,1,0
BRDA:1339,120,0,0
BRDA:1339,120,1,0
BRDA:1344,121,0,0
BRDA:1344,121,1,0
BRF:240
BRH:1
end_of_record
TN:
SF:controllers\itemController.js
FN:15,(anonymous_0)
FN:29,(anonymous_1)
FN:94,(anonymous_2)
FN:100,(anonymous_3)
FN:106,(anonymous_4)
FN:120,(anonymous_5)
FN:122,(anonymous_6)
FN:129,(anonymous_7)
FN:131,(anonymous_8)
FN:138,(anonymous_9)
FN:140,(anonymous_10)
FN:161,(anonymous_11)
FN:176,(anonymous_12)
FN:212,(anonymous_13)
FN:227,(anonymous_14)
FN:246,(anonymous_15)
FN:260,(anonymous_16)
FN:282,(anonymous_17)
FN:318,(anonymous_18)
FN:340,(anonymous_19)
FN:362,(anonymous_20)
FN:383,(anonymous_21)
FN:400,(anonymous_22)
FN:401,(anonymous_23)
FN:420,(anonymous_24)
FN:427,(anonymous_25)
FN:442,(anonymous_26)
FN:482,(anonymous_27)
FN:491,(anonymous_28)
FN:500,(anonymous_29)
FN:505,(anonymous_30)
FN:530,(anonymous_31)
FN:535,(anonymous_32)
FN:545,(anonymous_33)
FN:559,(anonymous_34)
FN:595,(anonymous_35)
FN:617,(anonymous_36)
FN:653,(anonymous_37)
FN:670,(anonymous_38)
FN:690,(anonymous_39)
FN:691,(anonymous_40)
FN:694,(anonymous_41)
FN:695,(anonymous_42)
FN:722,(anonymous_43)
FN:765,(anonymous_44)
FNF:45
FNH:0
FNDA:0,(anonymous_0)
FNDA:0,(anonymous_1)
FNDA:0,(anonymous_2)
FNDA:0,(anonymous_3)
FNDA:0,(anonymous_4)
FNDA:0,(anonymous_5)
FNDA:0,(anonymous_6)
FNDA:0,(anonymous_7)
FNDA:0,(anonymous_8)
FNDA:0,(anonymous_9)
FNDA:0,(anonymous_10)
FNDA:0,(anonymous_11)
FNDA:0,(anonymous_12)
FNDA:0,(anonymous_13)
FNDA:0,(anonymous_14)
FNDA:0,(anonymous_15)
FNDA:0,(anonymous_16)
FNDA:0,(anonymous_17)
FNDA:0,(anonymous_18)
FNDA:0,(anonymous_19)
FNDA:0,(anonymous_20)
FNDA:0,(anonymous_21)
FNDA:0,(anonymous_22)
FNDA:0,(anonymous_23)
FNDA:0,(anonymous_24)
FNDA:0,(anonymous_25)
FNDA:0,(anonymous_26)
FNDA:0,(anonymous_27)
FNDA:0,(anonymous_28)
FNDA:0,(anonymous_29)
FNDA:0,(anonymous_30)
FNDA:0,(anonymous_31)
FNDA:0,(anonymous_32)
FNDA:0,(anonymous_33)
FNDA:0,(anonymous_34)
FNDA:0,(anonymous_35)
FNDA:0,(anonymous_36)
FNDA:0,(anonymous_37)
FNDA:0,(anonymous_38)
FNDA:0,(anonymous_39)
FNDA:0,(anonymous_40)
FNDA:0,(anonymous_41)
FNDA:0,(anonymous_42)
FNDA:0,(anonymous_43)
FNDA:0,(anonymous_44)
DA:1,2
DA:2,2
DA:3,2
DA:4,2
DA:11,2
DA:12,2
DA:15,2
DA:16,0
DA:18,0
DA:20,0
DA:22,0
DA:24,0
DA:29,2
DA:30,0
DA:31,0
DA:32,0
DA:34,0
DA:35,0
DA:41,0
DA:42,0
DA:43,0
DA:45,0
DA:46,0
DA:48,0
DA:49,0
DA:53,0
DA:56,0
DA:58,0
DA:59,0
DA:65,0
DA:66,0
DA:67,0
DA:68,0
DA:71,0
DA:72,0
DA:74,0
DA:82,0
DA:83,0
DA:86,0
DA:87,0
DA:88,0
DA:89,0
DA:92,0
DA:94,0
DA:95,0
DA:96,0
DA:98,0
DA:100,0
DA:101,0
DA:102,0
DA:104,0
DA:106,0
DA:107,0
DA:113,0
DA:118,0
DA:119,0
DA:120,0
DA:122,0
DA:123,0
DA:124,0
DA:126,0
DA:128,0
DA:129,0
DA:131,0
DA:132,0
DA:133,0
DA:135,0
DA:137,0
DA:138,0
DA:140,0
DA:141,0
DA:147,0
DA:149,0
DA:154,0
DA:156,0
DA:161,2
DA:162,0
DA:163,0
DA:165,0
DA:166,0
DA:169,0
DA:171,0
DA:176,2
DA:177,0
DA:178,0
DA:179,0
DA:181,0
DA:182,0
DA:184,0
DA:185,0
DA:187,0
DA:189,0
DA:191,0
DA:200,0
DA:207,0
DA:212,2
DA:213,0
DA:214,0
DA:216,0
DA:217,0
DA:220,0
DA:222,0
DA:227,2
DA:228,0
DA:229,0
DA:230,0
DA:231,0
DA:232,0
DA:233,0
DA:237,0
DA:239,0
DA:241,0
DA:246,2
DA:247,0
DA:248,0
DA:249,0
DA:250,0
DA:252,0
DA:254,0
DA:256,0
DA:260,2
DA:261,0
DA:263,0
DA:264,0
DA:266,0
DA:267,0
DA:273,0
DA:275,0
DA:282,2
DA:283,0
DA:285,0
DA:287,0
DA:288,0
DA:289,0
DA:296,0
DA:298,0
DA:308,0
DA:309,0
DA:318,2
DA:319,0
DA:320,0
DA:321,0
DA:324,0
DA:330,0
DA:331,0
DA:332,0
DA:340,2
DA:341,0
DA:342,0
DA:343,0
DA:346,0
DA:352,0
DA:353,0
DA:354,0
DA:362,2
DA:363,0
DA:364,0
DA:365,0
DA:368,0
DA:374,0
DA:375,0
DA:376,0
DA:383,2
DA:384,0
DA:386,0
DA:387,0
DA:390,0
DA:392,0
DA:393,0
DA:394,0
DA:398,0
DA:400,0
DA:401,0
DA:404,0
DA:407,0
DA:417,0
DA:420,0
DA:421,0
DA:424,0
DA:427,0
DA:432,0
DA:434,0
DA:435,0
DA:442,2
DA:443,0
DA:445,0
DA:446,0
DA:449,0
DA:450,0
DA:453,0
DA:464,0
DA:481,0
DA:482,0
DA:483,0
DA:487,0
DA:488,0
DA:490,0
DA:491,0
DA:494,0
DA:495,0
DA:500,0
DA:501,0
DA:505,0
DA:506,0
DA:511,0
DA:512,0
DA:513,0
DA:529,0
DA:530,0
DA:535,0
DA:544,0
DA:545,0
DA:546,0
DA:547,0
DA:549,0
DA:550,0
DA:559,0
DA:560,0
DA:561,0
DA:563,0
DA:564,0
DA:572,0
DA:575,0
DA:580,0
DA:586,0
DA:588,0
DA:589,0
DA:595,2
DA:596,0
DA:597,0
DA:600,0
DA:601,0
DA:604,0
DA:605,0
DA:606,0
DA:609,0
DA:610,0
DA:614,0
DA:617,0
DA:618,0
DA:625,0
DA:626,0
DA:636,0
DA:645,0
DA:647,0
DA:648,0
DA:653,2
DA:654,0
DA:655,0
DA:656,0
DA:657,0
DA:659,0
DA:660,0
DA:663,0
DA:665,0
DA:670,2
DA:671,0
DA:672,0
DA:675,0
DA:676,0
DA:677,0
DA:680,0
DA:683,0
DA:686,0
DA:687,0
DA:690,0
DA:691,0
DA:694,0
DA:695,0
DA:696,0
DA:702,0
DA:716,0
DA:717,0
DA:722,2
DA:723,0
DA:724,0
DA:725,0
DA:727,0
DA:728,0
DA:731,0
DA:732,0
DA:733,0
DA:734,0
DA:736,0
DA:737,0
DA:738,0
DA:739,0
DA:741,0
DA:742,0
DA:743,0
DA:744,0
DA:745,0
DA:748,0
DA:753,0
DA:759,0
DA:760,0
DA:765,2
DA:766,0
DA:767,0
DA:768,0
DA:770,0
DA:771,0
DA:773,0
DA:774,0
DA:776,0
DA:777,0
DA:780,0
DA:781,0
DA:782,0
DA:783,0
DA:785,0
DA:786,0
DA:787,0
DA:788,0
DA:790,0
DA:791,0
DA:792,0
DA:793,0
DA:794,0
DA:797,0
DA:802,0
DA:808,0
DA:809,0
LF:323
LH:25
BRDA:16,0,0,0
BRDA:16,0,1,0
BRDA:16,0,2,0
BRDA:16,0,3,0
BRDA:34,1,0,0
BRDA:34,1,1,0
BRDA:34,2,0,0
BRDA:34,2,1,0
BRDA:41,3,0,0
BRDA:41,3,1,0
BRDA:41,4,0,0
BRDA:41,4,1,0
BRDA:42,5,0,0
BRDA:42,5,1,0
BRDA:45,6,0,0
BRDA:45,6,1,0
BRDA:45,7,0,0
BRDA:45,7,1,0
BRDA:45,7,2,0
BRDA:48,8,0,0
BRDA:48,8,1,0
BRDA:48,9,0,0
BRDA:48,9,1,0
BRDA:48,9,2,0
BRDA:58,10,0,0
BRDA:58,10,1,0
BRDA:66,11,0,0
BRDA:66,11,1,0
BRDA:66,12,0,0
BRDA:66,12,1,0
BRDA:86,13,0,0
BRDA:86,13,1,0
BRDA:88,14,0,0
BRDA:88,14,1,0
BRDA:92,15,0,0
BRDA:92,15,1,0
BRDA:94,16,0,0
BRDA:94,16,1,0
BRDA:98,17,0,0
BRDA:98,17,1,0
BRDA:100,18,0,0
BRDA:100,18,1,0
BRDA:104,19,0,0
BRDA:104,19,1,0
BRDA:106,20,0,0
BRDA:106,20,1,0
BRDA:111,21,0,0
BRDA:111,21,1,0
BRDA:119,22,0,0
BRDA:119,22,1,0
BRDA:122,23,0,0
BRDA:122,23,1,0
BRDA:128,24,0,0
BRDA:128,24,1,0
BRDA:131,25,0,0
BRDA:131,25,1,0
BRDA:137,26,0,0
BRDA:137,26,1,0
BRDA:140,27,0,0
BRDA:140,27,1,0
BRDA:145,28,0,0
BRDA:145,28,1,0
BRDA:179,29,0,0
BRDA:179,30,0,0
BRDA:184,31,0,0
BRDA:184,31,1,0
BRDA:184,32,0,0
BRDA:184,32,1,0
BRDA:185,33,0,0
BRDA:185,33,1,0
BRDA:185,34,0,0
BRDA:185,34,1,0
BRDA:237,35,0,0
BRDA:237,35,1,0
BRDA:252,36,0,0
BRDA:252,36,1,0
BRDA:266,37,0,0
BRDA:266,37,1,0
BRDA:288,38,0,0
BRDA:288,38,1,0
BRDA:303,39,0,0
BRDA:303,39,1,0
BRDA:304,40,0,0
BRDA:304,40,1,0
BRDA:331,41,0,0
BRDA:331,41,1,0
BRDA:353,42,0,0
BRDA:353,42,1,0
BRDA:375,43,0,0
BRDA:375,43,1,0
BRDA:386,44,0,0
BRDA:386,44,1,0
BRDA:386,45,0,0
BRDA:386,45,1,0
BRDA:393,46,0,0
BRDA:393,46,1,0
BRDA:399,47,0,0
BRDA:399,47,1,0
BRDA:445,48,0,0
BRDA:445,48,1,0
BRDA:445,49,0,0
BRDA:445,49,1,0
BRDA:483,50,0,0
BRDA:483,50,1,0
BRDA:488,51,0,0
BRDA:488,51,1,0
BRDA:488,52,0,0
BRDA:488,52,1,0
BRDA:494,53,0,0
BRDA:494,53,1,0
BRDA:512,54,0,0
BRDA:512,54,1,0
BRDA:547,55,0,0
BRDA:547,55,1,0
BRDA:552,56,0,0
BRDA:552,56,1,0
BRDA:561,57,0,0
BRDA:561,57,1,0
BRDA:566,58,0,0
BRDA:566,58,1,0
BRDA:575,59,0,0
BRDA:575,59,1,0
BRDA:576,60,0,0
BRDA:576,60,1,0
BRDA:576,60,2,0
BRDA:604,61,0,0
BRDA:604,61,1,0
BRDA:609,62,0,0
BRDA:609,62,1,0
BRDA:621,63,0,0
BRDA:621,63,1,0
BRDA:625,64,0,0
BRDA:625,64,1,0
BRDA:629,65,0,0
BRDA:629,65,1,0
BRDA:630,66,0,0
BRDA:630,66,1,0
BRDA:639,67,0,0
BRDA:639,67,1,0
BRDA:640,68,0,0
BRDA:640,68,1,0
BRDA:659,69,0,0
BRDA:659,69,1,0
BRDA:676,70,0,0
BRDA:676,70,1,0
BRDA:686,71,0,0
BRDA:686,71,1,0
BRDA:687,72,0,0
BRDA:687,72,1,0
BRDA:698,73,0,0
BRDA:698,73,1,0
BRDA:727,74,0,0
BRDA:727,74,1,0
BRDA:727,75,0,0
BRDA:727,75,1,0
BRDA:727,75,2,0
BRDA:727,75,3,0
BRDA:733,76,0,0
BRDA:733,76,1,0
BRDA:733,77,0,0
BRDA:733,77,1,0
BRDA:736,78,0,0
BRDA:736,78,1,0
BRDA:736,79,0,0
BRDA:736,79,1,0
BRDA:738,80,0,0
BRDA:738,80,1,0
BRDA:738,81,0,0
BRDA:738,81,1,0
BRDA:755,82,0,0
BRDA:755,82,1,0
BRDA:755,82,2,0
BRDA:756,83,0,0
BRDA:756,83,1,0
BRDA:756,83,2,0
BRDA:770,84,0,0
BRDA:770,84,1,0
BRDA:773,85,0,0
BRDA:773,85,1,0
BRDA:773,86,0,0
BRDA:773,86,1,0
BRDA:776,87,0,0
BRDA:776,87,1,0
BRDA:776,88,0,0
BRDA:776,88,1,0
BRDA:776,88,2,0
BRDA:776,88,3,0
BRDA:782,89,0,0
BRDA:782,89,1,0
BRDA:782,90,0,0
BRDA:782,90,1,0
BRDA:785,91,0,0
BRDA:785,91,1,0
BRDA:785,92,0,0
BRDA:785,92,1,0
BRDA:787,93,0,0
BRDA:787,93,1,0
BRDA:787,94,0,0
BRDA:787,94,1,0
BRDA:804,95,0,0
BRDA:804,95,1,0
BRDA:804,95,2,0
BRDA:805,96,0,0
BRDA:805,96,1,0
BRDA:805,96,2,0
BRF:205
BRH:0
end_of_record
TN:
SF:controllers\orderController.js
FN:27,(anonymous_0)
FN:81,(anonymous_1)
FN:126,(anonymous_2)
FN:154,(anonymous_3)
FN:183,(anonymous_4)
FN:217,(anonymous_5)
FN:238,(anonymous_6)
FN:259,(anonymous_7)
FN:267,(anonymous_8)
FN:294,(anonymous_9)
FN:302,(anonymous_10)
FN:306,(anonymous_11)
FN:309,(anonymous_12)
FN:313,(anonymous_13)
FN:316,(anonymous_14)
FN:335,(anonymous_15)
FN:346,(anonymous_16)
FN:416,(anonymous_17)
FN:467,(anonymous_18)
FN:487,(anonymous_19)
FN:498,(anonymous_20)
FN:523,(anonymous_21)
FN:544,(anonymous_22)
FN:552,(anonymous_23)
FN:578,(anonymous_24)
FN:586,(anonymous_25)
FN:590,(anonymous_26)
FN:593,(anonymous_27)
FN:597,(anonymous_28)
FN:600,(anonymous_29)
FN:619,(anonymous_30)
FN:630,(anonymous_31)
FN:700,(anonymous_32)
FN:734,(anonymous_33)
FN:779,(anonymous_34)
FN:849,(anonymous_35)
FN:895,(anonymous_36)
FN:923,(anonymous_37)
FN:953,(anonymous_38)
FN:1004,(anonymous_39)
FN:1040,(anonymous_40)
FN:1090,(anonymous_41)
FN:1112,(anonymous_42)
FN:1124,(anonymous_43)
FN:1138,aggregate
FN:1139,(anonymous_45)
FN:1142,(anonymous_46)
FN:1147,(anonymous_47)
FN:1148,(anonymous_48)
FN:1164,(anonymous_49)
FN:1165,(anonymous_50)
FN:1169,(anonymous_51)
FN:1170,(anonymous_52)
FNF:53
FNH:0
FNDA:0,(anonymous_0)
FNDA:0,(anonymous_1)
FNDA:0,(anonymous_2)
FNDA:0,(anonymous_3)
FNDA:0,(anonymous_4)
FNDA:0,(anonymous_5)
FNDA:0,(anonymous_6)
FNDA:0,(anonymous_7)
FNDA:0,(anonymous_8)
FNDA:0,(anonymous_9)
FNDA:0,(anonymous_10)
FNDA:0,(anonymous_11)
FNDA:0,(anonymous_12)
FNDA:0,(anonymous_13)
FNDA:0,(anonymous_14)
FNDA:0,(anonymous_15)
FNDA:0,(anonymous_16)
FNDA:0,(anonymous_17)
FNDA:0,(anonymous_18)
FNDA:0,(anonymous_19)
FNDA:0,(anonymous_20)
FNDA:0,(anonymous_21)
FNDA:0,(anonymous_22)
FNDA:0,(anonymous_23)
FNDA:0,(anonymous_24)
FNDA:0,(anonymous_25)
FNDA:0,(anonymous_26)
FNDA:0,(anonymous_27)
FNDA:0,(anonymous_28)
FNDA:0,(anonymous_29)
FNDA:0,(anonymous_30)
FNDA:0,(anonymous_31)
FNDA:0,(anonymous_32)
FNDA:0,(anonymous_33)
FNDA:0,(anonymous_34)
FNDA:0,(anonymous_35)
FNDA:0,(anonymous_36)
FNDA:0,(anonymous_37)
FNDA:0,(anonymous_38)
FNDA:0,(anonymous_39)
FNDA:0,(anonymous_40)
FNDA:0,(anonymous_41)
FNDA:0,(anonymous_42)
FNDA:0,(anonymous_43)
FNDA:0,aggregate
FNDA:0,(anonymous_45)
FNDA:0,(anonymous_46)
FNDA:0,(anonymous_47)
FNDA:0,(anonymous_48)
FNDA:0,(anonymous_49)
FNDA:0,(anonymous_50)
FNDA:0,(anonymous_51)
FNDA:0,(anonymous_52)
DA:3,2
DA:4,2
DA:5,2
DA:6,2
DA:7,2
DA:8,2
DA:9,2
DA:10,2
DA:11,2
DA:14,2
DA:27,2
DA:28,0
DA:29,0
DA:30,0
DA:33,0
DA:34,0
DA:42,0
DA:50,0
DA:62,0
DA:64,0
DA:66,0
DA:73,0
DA:81,2
DA:82,0
DA:83,0
DA:85,0
DA:93,0
DA:94,0
DA:106,0
DA:107,0
DA:110,0
DA:111,0
DA:113,0
DA:118,0
DA:119,0
DA:126,2
DA:127,0
DA:128,0
DA:131,0
DA:132,0
DA:133,0
DA:137,0
DA:140,0
DA:146,0
DA:147,0
DA:154,2
DA:155,0
DA:156,0
DA:158,0
DA:164,0
DA:165,0
DA:173,0
DA:175,0
DA:176,0
DA:183,2
DA:184,0
DA:185,0
DA:188,0
DA:194,0
DA:195,0
DA:199,0
DA:207,0
DA:209,0
DA:210,0
DA:217,2
DA:218,0
DA:219,0
DA:220,0
DA:225,0
DA:226,0
DA:227,0
DA:229,0
DA:230,0
DA:238,2
DA:239,0
DA:240,0
DA:241,0
DA:243,0
DA:246,0
DA:248,0
DA:249,0
DA:250,0
DA:253,0
DA:256,0
DA:257,0
DA:259,0
DA:260,0
DA:264,0
DA:265,0
DA:267,0
DA:268,0
DA:276,0
DA:281,0
DA:282,0
DA:285,0
DA:286,0
DA:287,0
DA:294,0
DA:295,0
DA:297,0
DA:299,0
DA:302,0
DA:303,0
DA:305,0
DA:306,0
DA:309,0
DA:310,0
DA:312,0
DA:313,0
DA:316,0
DA:317,0
DA:318,0
DA:320,0
DA:328,0
DA:329,0
DA:333,0
DA:334,0
DA:335,0
DA:336,0
DA:340,0
DA:344,0
DA:345,0
DA:347,0
DA:348,0
DA:349,0
DA:350,0
DA:351,0
DA:357,0
DA:359,0
DA:375,0
DA:377,0
DA:395,0
DA:398,0
DA:399,0
DA:402,0
DA:407,0
DA:408,0
DA:416,2
DA:417,0
DA:418,0
DA:420,0
DA:421,0
DA:424,0
DA:427,0
DA:429,0
DA:430,0
DA:434,0
DA:437,0
DA:438,0
DA:439,0
DA:443,0
DA:451,0
DA:453,0
DA:458,0
DA:459,0
DA:467,2
DA:468,0
DA:469,0
DA:471,0
DA:474,0
DA:476,0
DA:477,0
DA:478,0
DA:481,0
DA:482,0
DA:483,0
DA:487,0
DA:488,0
DA:492,0
DA:493,0
DA:494,0
DA:498,0
DA:499,0
DA:507,0
DA:509,0
DA:514,0
DA:515,0
DA:523,2
DA:524,0
DA:525,0
DA:526,0
DA:528,0
DA:531,0
DA:533,0
DA:534,0
DA:535,0
DA:538,0
DA:541,0
DA:542,0
DA:544,0
DA:545,0
DA:549,0
DA:550,0
DA:552,0
DA:553,0
DA:561,0
DA:566,0
DA:569,0
DA:570,0
DA:571,0
DA:578,0
DA:579,0
DA:581,0
DA:583,0
DA:586,0
DA:587,0
DA:589,0
DA:590,0
DA:593,0
DA:594,0
DA:596,0
DA:597,0
DA:600,0
DA:601,0
DA:602,0
DA:604,0
DA:612,0
DA:613,0
DA:617,0
DA:618,0
DA:619,0
DA:620,0
DA:624,0
DA:628,0
DA:629,0
DA:631,0
DA:632,0
DA:633,0
DA:634,0
DA:635,0
DA:641,0
DA:643,0
DA:659,0
DA:661,0
DA:679,0
DA:682,0
DA:683,0
DA:686,0
DA:691,0
DA:692,0
DA:700,2
DA:701,0
DA:702,0
DA:704,0
DA:707,0
DA:708,0
DA:709,0
DA:710,0
DA:714,0
DA:716,0
DA:719,0
DA:725,0
DA:726,0
DA:734,2
DA:735,0
DA:736,0
DA:738,0
DA:741,0
DA:742,0
DA:743,0
DA:744,0
DA:748,0
DA:750,0
DA:753,0
DA:759,0
DA:760,0
DA:779,2
DA:780,0
DA:781,0
DA:784,0
DA:785,0
DA:792,0
DA:793,0
DA:799,0
DA:800,0
DA:807,0
DA:808,0
DA:809,0
DA:816,0
DA:817,0
DA:818,0
DA:820,0
DA:821,0
DA:824,0
DA:834,0
DA:835,0
DA:836,0
DA:840,0
DA:843,0
DA:849,0
DA:862,0
DA:863,0
DA:868,0
DA:877,0
DA:879,0
DA:880,0
DA:887,0
DA:895,2
DA:896,0
DA:897,0
DA:898,0
DA:901,0
DA:903,0
DA:904,0
DA:905,0
DA:912,0
DA:914,0
DA:915,0
DA:923,2
DA:924,0
DA:925,0
DA:927,0
DA:930,0
DA:931,0
DA:932,0
DA:936,0
DA:937,0
DA:938,0
DA:939,0
DA:943,0
DA:944,0
DA:945,0
DA:951,0
DA:952,0
DA:953,0
DA:955,0
DA:962,0
DA:968,0
DA:970,0
DA:971,0
DA:977,0
DA:978,0
DA:985,0
DA:986,0
DA:991,0
DA:995,0
DA:996,0
DA:1004,2
DA:1005,0
DA:1006,0
DA:1007,0
DA:1009,0
DA:1012,0
DA:1013,0
DA:1014,0
DA:1018,0
DA:1019,0
DA:1020,0
DA:1021,0
DA:1024,0
DA:1025,0
DA:1026,0
DA:1030,0
DA:1031,0
DA:1032,0
DA:1038,0
DA:1039,0
DA:1040,0
DA:1042,0
DA:1049,0
DA:1055,0
DA:1057,0
DA:1058,0
DA:1064,0
DA:1065,0
DA:1072,0
DA:1073,0
DA:1078,0
DA:1082,0
DA:1083,0
DA:1090,2
DA:1091,0
DA:1092,0
DA:1093,0
DA:1098,0
DA:1099,0
DA:1101,0
DA:1103,0
DA:1104,0
DA:1112,2
DA:1113,0
DA:1114,0
DA:1115,0
DA:1118,0
DA:1119,0
DA:1120,0
DA:1121,0
DA:1124,0
DA:1125,0
DA:1131,0
DA:1139,0
DA:1140,0
DA:1141,0
DA:1142,0
DA:1145,0
DA:1146,0
DA:1147,0
DA:1148,0
DA:1149,0
DA:1150,0
DA:1151,0
DA:1152,0
DA:1158,0
DA:1164,0
DA:1165,0
DA:1168,0
DA:1169,0
DA:1170,0
DA:1171,0
DA:1172,0
DA:1174,0
DA:1175,0
DA:1176,0
DA:1177,0
DA:1179,0
DA:1182,0
DA:1186,0
DA:1189,0
DA:1195,0
DA:1203,0
DA:1204,0
LF:421
LH:28
BRDA:33,0,0,0
BRDA:33,0,1,0
BRDA:33,1,0,0
BRDA:33,1,1,0
BRDA:33,1,2,0
BRDA:64,2,0,0
BRDA:64,2,1,0
BRDA:73,3,0,0
BRDA:73,3,1,0
BRDA:73,4,0,0
BRDA:73,4,1,0
BRDA:88,5,0,0
BRDA:88,5,1,0
BRDA:111,6,0,0
BRDA:111,6,1,0
BRDA:132,7,0,0
BRDA:132,7,1,0
BRDA:164,8,0,0
BRDA:164,8,1,0
BRDA:194,9,0,0
BRDA:194,9,1,0
BRDA:225,10,0,0
BRDA:225,10,1,0
BRDA:243,11,0,0
BRDA:243,11,1,0
BRDA:248,12,0,0
BRDA:248,12,1,0
BRDA:253,13,0,0
BRDA:253,13,1,0
BRDA:256,14,0,0
BRDA:256,14,1,0
BRDA:256,15,0,0
BRDA:256,15,1,0
BRDA:264,16,0,0
BRDA:264,16,1,0
BRDA:282,17,0,0
BRDA:282,17,1,0
BRDA:285,18,0,0
BRDA:285,18,1,0
BRDA:317,19,0,0
BRDA:317,19,1,0
BRDA:318,20,0,0
BRDA:318,20,1,0
BRDA:318,21,0,0
BRDA:318,21,1,0
BRDA:322,22,0,0
BRDA:322,22,1,0
BRDA:334,23,0,0
BRDA:334,23,1,0
BRDA:336,24,0,0
BRDA:336,24,1,0
BRDA:336,24,2,0
BRDA:350,25,0,0
BRDA:350,25,1,0
BRDA:362,26,0,0
BRDA:362,26,1,0
BRDA:363,27,0,0
BRDA:363,27,1,0
BRDA:364,28,0,0
BRDA:364,28,1,0
BRDA:366,29,0,0
BRDA:366,29,1,0
BRDA:367,30,0,0
BRDA:367,30,1,0
BRDA:368,31,0,0
BRDA:368,31,1,0
BRDA:369,32,0,0
BRDA:369,32,1,0
BRDA:380,33,0,0
BRDA:380,33,1,0
BRDA:381,34,0,0
BRDA:381,34,1,0
BRDA:382,35,0,0
BRDA:382,35,1,0
BRDA:384,36,0,0
BRDA:384,36,1,0
BRDA:385,37,0,0
BRDA:385,37,1,0
BRDA:386,38,0,0
BRDA:386,38,1,0
BRDA:387,39,0,0
BRDA:387,39,1,0
BRDA:398,40,0,0
BRDA:398,40,1,0
BRDA:420,41,0,0
BRDA:420,41,1,0
BRDA:429,42,0,0
BRDA:429,42,1,0
BRDA:438,43,0,0
BRDA:438,43,1,0
BRDA:438,44,0,0
BRDA:438,44,1,0
BRDA:445,45,0,0
BRDA:445,45,1,0
BRDA:476,46,0,0
BRDA:476,46,1,0
BRDA:481,47,0,0
BRDA:481,47,1,0
BRDA:481,48,0,0
BRDA:481,48,1,0
BRDA:492,49,0,0
BRDA:492,49,1,0
BRDA:528,50,0,0
BRDA:528,50,1,0
BRDA:533,51,0,0
BRDA:533,51,1,0
BRDA:538,52,0,0
BRDA:538,52,1,0
BRDA:541,53,0,0
BRDA:541,53,1,0
BRDA:541,54,0,0
BRDA:541,54,1,0
BRDA:549,55,0,0
BRDA:549,55,1,0
BRDA:569,56,0,0
BRDA:569,56,1,0
BRDA:569,57,0,0
BRDA:569,57,1,0
BRDA:601,58,0,0
BRDA:601,58,1,0
BRDA:602,59,0,0
BRDA:602,59,1,0
BRDA:602,60,0,0
BRDA:602,60,1,0
BRDA:606,61,0,0
BRDA:606,61,1,0
BRDA:618,62,0,0
BRDA:618,62,1,0
BRDA:620,63,0,0
BRDA:620,63,1,0
BRDA:620,63,2,0
BRDA:634,64,0,0
BRDA:634,64,1,0
BRDA:646,65,0,0
BRDA:646,65,1,0
BRDA:647,66,0,0
BRDA:647,66,1,0
BRDA:648,67,0,0
BRDA:648,67,1,0
BRDA:650,68,0,0
BRDA:650,68,1,0
BRDA:651,69,0,0
BRDA:651,69,1,0
BRDA:652,70,0,0
BRDA:652,70,1,0
BRDA:653,71,0,0
BRDA:653,71,1,0
BRDA:664,72,0,0
BRDA:664,72,1,0
BRDA:665,73,0,0
BRDA:665,73,1,0
BRDA:666,74,0,0
BRDA:666,74,1,0
BRDA:668,75,0,0
BRDA:668,75,1,0
BRDA:669,76,0,0
BRDA:669,76,1,0
BRDA:670,77,0,0
BRDA:670,77,1,0
BRDA:671,78,0,0
BRDA:671,78,1,0
BRDA:682,79,0,0
BRDA:682,79,1,0
BRDA:708,80,0,0
BRDA:708,80,1,0
BRDA:742,81,0,0
BRDA:742,81,1,0
BRDA:784,82,0,0
BRDA:784,82,1,0
BRDA:784,83,0,0
BRDA:784,83,1,0
BRDA:784,83,2,0
BRDA:784,83,3,0
BRDA:784,83,4,0
BRDA:784,83,5,0
BRDA:792,84,0,0
BRDA:792,84,1,0
BRDA:799,85,0,0
BRDA:799,85,1,0
BRDA:799,86,0,0
BRDA:799,86,1,0
BRDA:808,87,0,0
BRDA:808,87,1,0
BRDA:820,88,0,0
BRDA:820,88,1,0
BRDA:858,89,0,0
BRDA:858,89,1,0
BRDA:862,90,0,0
BRDA:862,90,1,0
BRDA:879,91,0,0
BRDA:879,91,1,0
BRDA:887,92,0,0
BRDA:887,92,1,0
BRDA:887,93,0,0
BRDA:887,93,1,0
BRDA:898,94,0,0
BRDA:898,94,1,0
BRDA:904,95,0,0
BRDA:904,95,1,0
BRDA:930,96,0,0
BRDA:930,96,1,0
BRDA:930,97,0,0
BRDA:930,97,1,0
BRDA:937,98,0,0
BRDA:937,98,1,0
BRDA:943,99,0,0
BRDA:943,99,1,0
BRDA:1012,100,0,0
BRDA:1012,100,1,0
BRDA:1012,101,0,0
BRDA:1012,101,1,0
BRDA:1019,102,0,0
BRDA:1019,102,1,0
BRDA:1024,103,0,0
BRDA:1024,103,1,0
BRDA:1030,104,0,0
BRDA:1030,104,1,0
BRDA:1098,105,0,0
BRDA:1098,105,1,0
BRDA:1115,106,0,0
BRDA:1115,106,1,0
BRDA:1139,107,0,0
BRDA:1139,107,1,0
BRDA:1141,108,0,0
BRDA:1141,108,1,0
BRDA:1148,109,0,0
BRDA:1148,109,1,0
BRDA:1149,110,0,0
BRDA:1149,110,1,0
BRDA:1151,111,0,0
BRDA:1151,111,1,0
BRDA:1170,112,0,0
BRDA:1170,112,1,0
BRDA:1172,113,0,0
BRDA:1172,113,1,0
BRDA:1174,114,0,0
BRDA:1174,114,1,0
BRDA:1175,115,0,0
BRDA:1175,115,1,0
BRDA:1176,116,0,0
BRDA:1176,116,1,0
BRDA:1177,117,0,0
BRDA:1177,117,1,0
BRDA:1182,118,0,0
BRDA:1182,118,1,0
BRF:245
BRH:0
end_of_record
TN:
SF:controllers\paymentController.js
FN:19,verifyPaymentHandler
FN:109,(anonymous_1)
FN:126,(anonymous_2)
FN:129,(anonymous_3)
FNF:4
FNH:0
FNDA:0,verifyPaymentHandler
FNDA:0,(anonymous_1)
FNDA:0,(anonymous_2)
FNDA:0,(anonymous_3)
DA:3,2
DA:4,2
DA:5,2
DA:6,2
DA:7,2
DA:8,2
DA:20,0
DA:26,0
DA:29,0
DA:35,0
DA:37,0
DA:45,0
DA:46,0
DA:47,0
DA:49,0
DA:50,0
DA:51,0
DA:57,0
DA:60,0
DA:70,0
DA:85,0
DA:88,0
DA:91,0
DA:93,0
DA:94,0
DA:98,0
DA:100,0
DA:109,0
DA:125,0
DA:127,0
DA:130,0
DA:134,0
DA:138,0
DA:145,0
DA:146,0
DA:150,2
LF:36
LH:7
BRDA:35,0,0,0
BRDA:35,0,1,0
BRDA:47,1,0,0
BRDA:47,1,1,0
BRDA:49,2,0,0
BRDA:49,2,1,0
BRDA:93,3,0,0
BRDA:93,3,1,0
BRDA:116,4,0,0
BRDA:116,4,1,0
BRDA:120,5,0,0
BRDA:120,5,1,0
BRDA:121,6,0,0
BRDA:121,6,1,0
BRF:14
BRH:0
end_of_record
TN:
SF:controllers\reviewController.js
FN:9,(anonymous_0)
FN:65,(anonymous_1)
FN:117,(anonymous_2)
FN:119,(anonymous_3)
FN:129,(anonymous_4)
FN:130,(anonymous_5)
FN:132,(anonymous_6)
FN:133,(anonymous_7)
FN:159,(anonymous_8)
FNF:9
FNH:0
FNDA:0,(anonymous_0)
FNDA:0,(anonymous_1)
FNDA:0,(anonymous_2)
FNDA:0,(anonymous_3)
FNDA:0,(anonymous_4)
FNDA:0,(anonymous_5)
FNDA:0,(anonymous_6)
FNDA:0,(anonymous_7)
FNDA:0,(anonymous_8)
DA:1,2
DA:2,2
DA:3,2
DA:4,2
DA:5,2
DA:6,2
DA:9,2
DA:10,0
DA:11,0
DA:12,0
DA:13,0
DA:15,0
DA:16,0
DA:19,0
DA:20,0
DA:21,0
DA:22,0
DA:24,0
DA:25,0
DA:29,0
DA:30,0
DA:31,0
DA:32,0
DA:33,0
DA:34,0
DA:41,0
DA:51,0
DA:57,0
DA:59,0
DA:60,0
DA:65,2
DA:66,0
DA:67,0
DA:68,0
DA:69,0
DA:71,0
DA:111,0
DA:112,0
DA:115,0
DA:116,0
DA:117,0
DA:118,0
DA:119,0
DA:120,0
DA:121,0
DA:125,0
DA:129,0
DA:130,0
DA:132,0
DA:133,0
DA:134,0
DA:135,0
DA:136,0
DA:145,0
DA:151,0
DA:153,0
DA:154,0
DA:159,2
DA:160,0
DA:161,0
DA:162,0
DA:163,0
DA:164,0
DA:166,0
DA:167,0
LF:65
LH:9
BRDA:13,0,0,0
BRDA:13,0,1,0
BRDA:15,1,0,0
BRDA:15,1,1,0
BRDA:15,2,0,0
BRDA:15,2,1,0
BRDA:15,2,2,0
BRDA:20,3,0,0
BRDA:20,3,1,0
BRDA:21,4,0,0
BRDA:21,4,1,0
BRDA:24,5,0,0
BRDA:24,5,1,0
BRDA:24,6,0,0
BRDA:24,6,1,0
BRDA:31,7,0,0
BRDA:31,7,1,0
BRDA:33,8,0,0
BRDA:33,8,1,0
BRDA:48,9,0,0
BRDA:48,9,1,0
BRDA:68,10,0,0
BRDA:68,11,0,0
BRDA:118,12,0,0
BRDA:118,12,1,0
BRDA:120,13,0,0
BRDA:120,13,1,0
BRDA:120,14,0,0
BRDA:120,14,1,0
BRDA:121,15,0,0
BRDA:121,15,1,0
BRDA:121,16,0,0
BRDA:121,16,1,0
BRDA:133,17,0,0
BRDA:133,17,1,0
BRDA:135,18,0,0
BRDA:135,18,1,0
BRDA:140,19,0,0
BRDA:140,19,1,0
BRDA:141,20,0,0
BRDA:141,20,1,0
BRDA:142,21,0,0
BRDA:142,21,1,0
BRDA:162,22,0,0
BRDA:162,22,1,0
BRDA:164,23,0,0
BRDA:164,23,1,0
BRF:47
BRH:0
end_of_record
TN:
SF:controllers\serviceController.js
FN:3,(anonymous_0)
FN:16,(anonymous_1)
FNF:2
FNH:0
FNDA:0,(anonymous_0)
FNDA:0,(anonymous_1)
DA:1,2
DA:3,2
DA:4,0
DA:5,0
DA:6,0
DA:7,0
DA:8,0
DA:9,0
DA:11,0
DA:12,0
DA:16,2
DA:17,0
DA:18,0
DA:19,0
DA:20,0
DA:22,0
DA:23,0
DA:25,0
DA:26,0
DA:27,0
DA:29,0
LF:21
LH:3
BRDA:7,0,0,0
BRDA:7,0,1,0
BRDA:19,1,0,0
BRDA:19,1,1,0
BRDA:19,2,0,0
BRDA:19,2,1,0
BRDA:26,3,0,0
BRDA:26,3,1,0
BRF:8
BRH:0
end_of_record
TN:
SF:controllers\teamController.js
FN:4,(anonymous_0)
FNF:1
FNH:0
FNDA:0,(anonymous_0)
DA:1,2
DA:4,2
DA:5,0
DA:6,0
DA:7,0
DA:9,0
DA:29,2
LF:7
LH:3
BRF:0
BRH:0
end_of_record
TN:
SF:controllers\tempController.js
FNF:0
FNH:0
LF:0
LH:0
BRF:0
BRH:0
end_of_record
TN:
SF:controllers\vendorCartController.js
FN:4,(anonymous_0)
FN:45,(anonymous_1)
FN:46,(anonymous_2)
FN:48,(anonymous_3)
FN:70,(anonymous_4)
FN:75,(anonymous_5)
FN:99,(anonymous_6)
FN:137,(anonymous_7)
FN:159,(anonymous_8)
FN:195,(anonymous_9)
FN:216,(anonymous_10)
FN:237,(anonymous_11)
FN:275,(anonymous_12)
FNF:13
FNH:0
FNDA:0,(anonymous_0)
FNDA:0,(anonymous_1)
FNDA:0,(anonymous_2)
FNDA:0,(anonymous_3)
FNDA:0,(anonymous_4)
FNDA:0,(anonymous_5)
FNDA:0,(anonymous_6)
FNDA:0,(anonymous_7)
FNDA:0,(anonymous_8)
FNDA:0,(anonymous_9)
FNDA:0,(anonymous_10)
FNDA:0,(anonymous_11)
FNDA:0,(anonymous_12)
DA:1,2
DA:4,2
DA:5,0
DA:6,0
DA:8,0
DA:9,0
DA:15,0
DA:18,0
DA:19,0
DA:24,0
DA:27,0
DA:28,0
DA:31,0
DA:36,0
DA:37,0
DA:45,2
DA:46,0
DA:48,0
DA:49,0
DA:53,0
DA:54,0
DA:55,0
DA:56,0
DA:58,0
DA:59,0
DA:60,0
DA:61,0
DA:62,0
DA:66,0
DA:70,0
DA:71,0
DA:75,2
DA:76,0
DA:77,0
DA:78,0
DA:80,0
DA:81,0
DA:87,0
DA:89,0
DA:90,0
DA:98,0
DA:99,0
DA:102,0
DA:104,0
DA:107,0
DA:120,0
DA:121,0
DA:123,0
DA:128,0
DA:129,0
DA:137,2
DA:138,0
DA:139,0
DA:140,0
DA:142,0
DA:143,0
DA:149,0
DA:151,0
DA:152,0
DA:158,0
DA:159,0
DA:162,0
DA:163,0
DA:169,0
DA:171,0
DA:174,0
DA:178,0
DA:179,0
DA:181,0
DA:186,0
DA:187,0
DA:195,2
DA:196,0
DA:197,0
DA:199,0
DA:200,0
DA:206,0
DA:208,0
DA:209,0
DA:215,0
DA:216,0
DA:220,0
DA:221,0
DA:223,0
DA:228,0
DA:229,0
DA:237,2
DA:238,0
DA:239,0
DA:241,0
DA:242,0
DA:248,0
DA:250,0
DA:251,0
DA:257,0
DA:258,0
DA:259,0
DA:261,0
DA:266,0
DA:267,0
DA:275,2
DA:276,0
DA:277,0
DA:278,0
DA:280,0
DA:281,0
DA:287,0
DA:289,0
DA:290,0
DA:297,0
DA:300,0
DA:301,0
DA:303,0
DA:308,0
DA:309,0
DA:316,2
LF:116
LH:9
BRDA:8,0,0,0
BRDA:8,0,1,0
BRDA:18,1,0,0
BRDA:18,1,1,0
BRDA:49,2,0,0
BRDA:49,2,1,0
BRDA:59,3,0,0
BRDA:59,3,1,0
BRDA:59,4,0,0
BRDA:59,4,1,0
BRDA:61,5,0,0
BRDA:61,5,1,0
BRDA:61,6,0,0
BRDA:61,6,1,0
BRDA:80,7,0,0
BRDA:80,7,1,0
BRDA:80,8,0,0
BRDA:80,8,1,0
BRDA:89,9,0,0
BRDA:89,9,1,0
BRDA:102,10,0,0
BRDA:102,10,1,0
BRDA:104,11,0,0
BRDA:104,11,1,0
BRDA:111,12,0,0
BRDA:111,12,1,0
BRDA:114,13,0,0
BRDA:114,13,1,0
BRDA:115,14,0,0
BRDA:115,14,1,0
BRDA:142,15,0,0
BRDA:142,15,1,0
BRDA:142,16,0,0
BRDA:142,16,1,0
BRDA:142,16,2,0
BRDA:151,17,0,0
BRDA:151,17,1,0
BRDA:162,18,0,0
BRDA:162,18,1,0
BRDA:169,19,0,0
BRDA:169,19,1,0
BRDA:199,20,0,0
BRDA:199,20,1,0
BRDA:199,21,0,0
BRDA:199,21,1,0
BRDA:208,22,0,0
BRDA:208,22,1,0
BRDA:241,23,0,0
BRDA:241,23,1,0
BRDA:250,24,0,0
BRDA:250,24,1,0
BRDA:280,25,0,0
BRDA:280,25,1,0
BRDA:289,26,0,0
BRDA:289,26,1,0
BRDA:297,27,0,0
BRDA:297,27,1,0
BRF:57
BRH:0
end_of_record
TN:
SF:controllers\vendorController.js
FN:5,(anonymous_0)
FN:26,(anonymous_1)
FN:31,(anonymous_2)
FN:43,(anonymous_3)
FN:65,(anonymous_4)
FN:70,(anonymous_5)
FN:92,(anonymous_6)
FN:131,(anonymous_7)
FN:161,(anonymous_8)
FN:186,(anonymous_9)
FN:222,(anonymous_10)
FN:255,(anonymous_11)
FN:314,(anonymous_12)
FN:388,(anonymous_13)
FN:426,(anonymous_14)
FNF:15
FNH:0
FNDA:0,(anonymous_0)
FNDA:0,(anonymous_1)
FNDA:0,(anonymous_2)
FNDA:0,(anonymous_3)
FNDA:0,(anonymous_4)
FNDA:0,(anonymous_5)
FNDA:0,(anonymous_6)
FNDA:0,(anonymous_7)
FNDA:0,(anonymous_8)
FNDA:0,(anonymous_9)
FNDA:0,(anonymous_10)
FNDA:0,(anonymous_11)
FNDA:0,(anonymous_12)
FNDA:0,(anonymous_13)
FNDA:0,(anonymous_14)
DA:1,2
DA:2,2
DA:5,2
DA:6,0
DA:7,0
DA:9,0
DA:10,0
DA:14,0
DA:15,0
DA:16,0
DA:20,0
DA:25,0
DA:26,0
DA:27,0
DA:31,0
DA:32,0
DA:33,0
DA:36,0
DA:38,0
DA:43,2
DA:44,0
DA:45,0
DA:47,0
DA:48,0
DA:52,0
DA:53,0
DA:54,0
DA:58,0
DA:64,0
DA:65,0
DA:66,0
DA:70,0
DA:84,0
DA:86,0
DA:87,0
DA:92,2
DA:93,0
DA:94,0
DA:95,0
DA:97,0
DA:98,0
DA:101,0
DA:102,0
DA:106,0
DA:116,0
DA:117,0
DA:120,0
DA:125,0
DA:126,0
DA:131,2
DA:132,0
DA:133,0
DA:134,0
DA:135,0
DA:139,0
DA:143,0
DA:144,0
DA:148,0
DA:149,0
DA:150,0
DA:153,0
DA:155,0
DA:156,0
DA:161,2
DA:162,0
DA:163,0
DA:164,0
DA:165,0
DA:166,0
DA:168,0
DA:169,0
DA:171,0
DA:172,0
DA:176,0
DA:177,0
DA:179,0
DA:181,0
DA:186,2
DA:187,0
DA:188,0
DA:189,0
DA:190,0
DA:191,0
DA:193,0
DA:194,0
DA:198,0
DA:199,0
DA:200,0
DA:201,0
DA:203,0
DA:205,0
DA:209,0
DA:210,0
DA:212,0
DA:214,0
DA:222,2
DA:223,0
DA:224,0
DA:226,0
DA:228,0
DA:229,0
DA:235,0
DA:243,0
DA:244,0
DA:255,2
DA:256,0
DA:257,0
DA:261,0
DA:264,0
DA:265,0
DA:271,0
DA:272,0
DA:279,0
DA:280,0
DA:281,0
DA:283,0
DA:289,0
DA:290,0
DA:296,0
DA:302,0
DA:303,0
DA:314,2
DA:315,0
DA:316,0
DA:317,0
DA:319,0
DA:320,0
DA:326,0
DA:327,0
DA:334,0
DA:336,0
DA:337,0
DA:343,0
DA:344,0
DA:351,0
DA:361,0
DA:362,0
DA:368,0
DA:376,0
DA:377,0
DA:388,2
DA:389,0
DA:390,0
DA:392,0
DA:393,0
DA:400,0
DA:402,0
DA:403,0
DA:409,0
DA:410,0
DA:417,0
DA:419,0
DA:420,0
DA:426,0
DA:428,0
DA:429,0
DA:435,0
DA:442,0
DA:443,0
LF:159
LH:12
BRDA:9,0,0,0
BRDA:9,0,1,0
BRDA:15,1,0,0
BRDA:15,1,1,0
BRDA:47,2,0,0
BRDA:47,2,1,0
BRDA:53,3,0,0
BRDA:53,3,1,0
BRDA:77,4,0,0
BRDA:77,4,1,0
BRDA:78,5,0,0
BRDA:78,5,1,0
BRDA:97,6,0,0
BRDA:97,6,1,0
BRDA:97,7,0,0
BRDA:97,7,1,0
BRDA:101,8,0,0
BRDA:101,8,1,0
BRDA:101,9,0,0
BRDA:101,9,1,0
BRDA:116,10,0,0
BRDA:116,10,1,0
BRDA:122,11,0,0
BRDA:122,11,1,0
BRDA:134,12,0,0
BRDA:134,12,1,0
BRDA:134,13,0,0
BRDA:134,13,1,0
BRDA:143,14,0,0
BRDA:143,14,1,0
BRDA:149,15,0,0
BRDA:149,15,1,0
BRDA:165,16,0,0
BRDA:165,16,1,0
BRDA:165,17,0,0
BRDA:165,17,1,0
BRDA:165,17,2,0
BRDA:168,18,0,0
BRDA:168,18,1,0
BRDA:171,19,0,0
BRDA:171,19,1,0
BRDA:176,20,0,0
BRDA:176,20,1,0
BRDA:190,21,0,0
BRDA:190,21,1,0
BRDA:190,22,0,0
BRDA:190,22,1,0
BRDA:190,22,2,0
BRDA:193,23,0,0
BRDA:193,23,1,0
BRDA:198,24,0,0
BRDA:198,24,1,0
BRDA:200,25,0,0
BRDA:200,25,1,0
BRDA:209,26,0,0
BRDA:209,26,1,0
BRDA:228,27,0,0
BRDA:228,27,1,0
BRDA:237,28,0,0
BRDA:237,28,1,0
BRDA:264,29,0,0
BRDA:264,29,1,0
BRDA:271,30,0,0
BRDA:271,30,1,0
BRDA:271,31,0,0
BRDA:271,31,1,0
BRDA:271,31,2,0
BRDA:280,32,0,0
BRDA:280,32,1,0
BRDA:281,33,0,0
BRDA:281,33,1,0
BRDA:289,34,0,0
BRDA:289,34,1,0
BRDA:319,35,0,0
BRDA:319,35,1,0
BRDA:326,36,0,0
BRDA:326,36,1,0
BRDA:326,37,0,0
BRDA:326,37,1,0
BRDA:336,38,0,0
BRDA:336,38,1,0
BRDA:343,39,0,0
BRDA:343,39,1,0
BRDA:361,40,0,0
BRDA:361,40,1,0
BRDA:370,41,0,0
BRDA:370,41,1,0
BRDA:392,42,0,0
BRDA:392,42,1,0
BRDA:402,43,0,0
BRDA:402,43,1,0
BRDA:409,44,0,0
BRDA:409,44,1,0
BRDA:419,45,0,0
BRDA:419,45,1,0
BRDA:428,46,0,0
BRDA:428,46,1,0
BRF:97
BRH:0
end_of_record
TN:
SF:controllers\vendorPaymentController.js
FN:30,(anonymous_0)
FN:147,(anonymous_1)
FN:240,(anonymous_2)
FN:270,(anonymous_3)
FN:307,(anonymous_4)
FN:310,(anonymous_5)
FN:346,(anonymous_6)
FNF:7
FNH:0
FNDA:0,(anonymous_0)
FNDA:0,(anonymous_1)
FNDA:0,(anonymous_2)
FNDA:0,(anonymous_3)
FNDA:0,(anonymous_4)
FNDA:0,(anonymous_5)
FNDA:0,(anonymous_6)
DA:1,2
DA:2,2
DA:3,2
DA:4,2
DA:5,2
DA:6,2
DA:7,2
DA:11,2
DA:12,2
DA:14,2
DA:15,0
DA:18,2
DA:24,2
DA:30,2
DA:31,0
DA:39,0
DA:42,0
DA:43,0
DA:49,0
DA:50,0
DA:57,0
DA:58,0
DA:59,0
DA:66,0
DA:67,0
DA:74,0
DA:75,0
DA:76,0
DA:82,0
DA:93,0
DA:95,0
DA:102,0
DA:109,0
DA:120,0
DA:121,0
DA:122,0
DA:123,0
DA:127,0
DA:135,0
DA:136,0
DA:147,2
DA:148,0
DA:153,0
DA:155,0
DA:161,0
DA:166,0
DA:167,0
DA:168,0
DA:175,0
DA:176,0
DA:177,0
DA:178,0
DA:184,0
DA:187,0
DA:188,0
DA:189,0
DA:196,0
DA:197,0
DA:198,0
DA:200,0
DA:201,0
DA:204,0
DA:214,0
DA:215,0
DA:216,0
DA:220,0
DA:230,0
DA:233,0
DA:240,0
DA:253,0
DA:254,0
DA:259,0
DA:264,0
DA:267,0
DA:269,0
DA:271,0
DA:272,0
DA:273,0
DA:290,0
DA:305,0
DA:306,0
DA:308,0
DA:311,0
DA:315,0
DA:319,0
DA:325,0
DA:334,0
DA:335,0
DA:346,2
DA:347,0
DA:348,0
DA:353,0
DA:354,0
LF:93
LH:15
BRDA:14,0,0,0
BRDA:14,0,1,2
BRDA:14,1,0,2
BRDA:14,1,1,2
BRDA:42,2,0,0
BRDA:42,2,1,0
BRDA:42,3,0,0
BRDA:42,3,1,0
BRDA:42,3,2,0
BRDA:42,3,3,0
BRDA:42,3,4,0
BRDA:42,3,5,0
BRDA:49,4,0,0
BRDA:49,4,1,0
BRDA:49,5,0,0
BRDA:49,5,1,0
BRDA:58,6,0,0
BRDA:58,6,1,0
BRDA:66,7,0,0
BRDA:66,7,1,0
BRDA:75,8,0,0
BRDA:75,8,1,0
BRDA:122,9,0,0
BRDA:122,9,1,0
BRDA:166,10,0,0
BRDA:166,10,1,0
BRDA:176,11,0,0
BRDA:176,11,1,0
BRDA:188,12,0,0
BRDA:188,12,1,0
BRDA:200,13,0,0
BRDA:200,13,1,0
BRDA:253,14,0,0
BRDA:253,14,1,0
BRDA:271,15,0,0
BRDA:271,15,1,0
BRDA:275,16,0,0
BRDA:275,16,1,0
BRDA:276,17,0,0
BRDA:276,17,1,0
BRDA:279,18,0,0
BRDA:279,18,1,0
BRDA:280,19,0,0
BRDA:280,19,1,0
BRDA:281,20,0,0
BRDA:281,20,1,0
BRDA:282,21,0,0
BRDA:282,21,1,0
BRDA:283,22,0,0
BRDA:283,22,1,0
BRDA:284,23,0,0
BRDA:284,23,1,0
BRDA:337,24,0,0
BRDA:337,24,1,0
BRF:54
BRH:3
end_of_record
TN:
SF:controllers\venodorTransferController.js
FN:10,(anonymous_0)
FN:57,(anonymous_1)
FN:127,(anonymous_2)
FN:148,(anonymous_3)
FN:154,(anonymous_4)
FN:203,startOfDay
FN:208,endOfDay
FN:220,(anonymous_7)
FN:259,(anonymous_8)
FN:318,(anonymous_9)
FN:321,(anonymous_10)
FN:338,(anonymous_11)
FN:356,(anonymous_12)
FN:385,(anonymous_13)
FN:404,(anonymous_14)
FN:436,(anonymous_15)
FNF:16
FNH:0
FNDA:0,(anonymous_0)
FNDA:0,(anonymous_1)
FNDA:0,(anonymous_2)
FNDA:0,(anonymous_3)
FNDA:0,(anonymous_4)
FNDA:0,startOfDay
FNDA:0,endOfDay
FNDA:0,(anonymous_7)
FNDA:0,(anonymous_8)
FNDA:0,(anonymous_9)
FNDA:0,(anonymous_10)
FNDA:0,(anonymous_11)
FNDA:0,(anonymous_12)
FNDA:0,(anonymous_13)
FNDA:0,(anonymous_14)
FNDA:0,(anonymous_15)
DA:1,2
DA:2,2
DA:3,2
DA:4,2
DA:5,2
DA:10,2
DA:11,0
DA:13,0
DA:20,0
DA:25,0
DA:26,0
DA:31,0
DA:32,0
DA:33,0
DA:35,0
DA:36,0
DA:37,0
DA:38,0
DA:40,0
DA:42,0
DA:43,0
DA:44,0
DA:49,0
DA:50,0
DA:51,0
DA:56,0
DA:57,0
DA:59,0
DA:60,0
DA:65,0
DA:66,0
DA:72,0
DA:74,0
DA:82,0
DA:84,0
DA:85,0
DA:99,0
DA:101,0
DA:102,0
DA:113,0
DA:119,0
DA:120,0
DA:127,2
DA:128,0
DA:130,0
DA:131,0
DA:134,0
DA:135,0
DA:136,0
DA:137,0
DA:140,0
DA:147,0
DA:149,0
DA:152,0
DA:153,0
DA:155,0
DA:156,0
DA:158,0
DA:159,0
DA:160,0
DA:161,0
DA:162,0
DA:163,0
DA:166,0
DA:173,0
DA:174,0
DA:184,0
DA:187,0
DA:191,0
DA:196,0
DA:197,0
DA:204,0
DA:205,0
DA:206,0
DA:209,0
DA:210,0
DA:211,0
DA:220,2
DA:221,0
DA:222,0
DA:223,0
DA:224,0
DA:230,0
DA:231,0
DA:234,0
DA:235,0
DA:239,0
DA:240,0
DA:242,0
DA:243,0
DA:249,0
DA:250,0
DA:251,0
DA:252,0
DA:256,0
DA:257,0
DA:258,0
DA:259,0
DA:261,0
DA:262,0
DA:264,0
DA:273,0
DA:274,0
DA:277,0
DA:281,0
DA:282,0
DA:293,0
DA:297,0
DA:298,0
DA:310,0
DA:311,0
DA:312,0
DA:313,0
DA:317,0
DA:318,0
DA:320,0
DA:321,0
DA:325,0
DA:326,0
DA:329,0
DA:330,0
DA:332,0
DA:333,0
DA:336,0
DA:338,0
DA:342,0
DA:343,0
DA:351,0
DA:355,0
DA:356,0
DA:360,0
DA:363,0
DA:364,0
DA:370,0
DA:371,0
DA:373,0
DA:374,0
DA:375,0
DA:376,0
DA:378,0
DA:379,0
DA:383,0
DA:385,0
DA:389,0
DA:390,0
DA:398,0
DA:399,0
DA:403,0
DA:404,0
DA:406,0
DA:407,0
DA:414,0
DA:415,0
DA:420,0
DA:423,0
DA:424,0
DA:426,0
DA:430,0
DA:431,0
DA:436,2
DA:437,0
DA:438,0
DA:439,0
DA:440,0
DA:442,0
LF:165
LH:9
BRDA:13,0,0,0
BRDA:13,0,1,0
BRDA:14,1,0,0
BRDA:14,1,1,0
BRDA:14,1,2,0
BRDA:14,1,3,0
BRDA:14,1,4,0
BRDA:25,2,0,0
BRDA:25,2,1,0
BRDA:35,3,0,0
BRDA:35,3,1,0
BRDA:37,4,0,0
BRDA:37,4,1,0
BRDA:43,5,0,0
BRDA:43,5,1,0
BRDA:43,6,0,0
BRDA:43,6,1,0
BRDA:43,6,2,0
BRDA:50,7,0,0
BRDA:50,7,1,0
BRDA:57,8,0,0
BRDA:57,8,1,0
BRDA:59,9,0,0
BRDA:59,9,1,0
BRDA:65,10,0,0
BRDA:65,10,1,0
BRDA:92,11,0,0
BRDA:92,11,1,0
BRDA:130,12,0,0
BRDA:130,12,1,0
BRDA:136,13,0,0
BRDA:136,13,1,0
BRDA:152,14,0,0
BRDA:152,14,1,0
BRDA:152,15,0,0
BRDA:152,15,1,0
BRDA:158,16,0,0
BRDA:158,16,1,0
BRDA:161,17,0,0
BRDA:161,17,1,0
BRDA:168,18,0,0
BRDA:168,18,1,0
BRDA:169,19,0,0
BRDA:169,19,1,0
BRDA:170,20,0,0
BRDA:170,20,1,0
BRDA:223,21,0,0
BRDA:223,21,1,0
BRDA:223,22,0,0
BRDA:223,22,1,0
BRDA:231,23,0,0
BRDA:231,23,1,0
BRDA:234,24,0,0
BRDA:234,24,1,0
BRDA:234,25,0,0
BRDA:234,25,1,0
BRDA:239,26,0,0
BRDA:239,26,1,0
BRDA:242,27,0,0
BRDA:242,27,1,0
BRDA:251,28,0,0
BRDA:251,28,1,0
BRDA:251,29,0,0
BRDA:251,29,1,0
BRDA:256,30,0,0
BRDA:256,30,1,0
BRDA:257,31,0,0
BRDA:257,31,1,0
BRDA:257,32,0,0
BRDA:257,32,1,0
BRDA:259,33,0,0
BRDA:259,33,1,0
BRDA:261,34,0,0
BRDA:261,34,1,0
BRDA:281,35,0,0
BRDA:281,35,1,0
BRDA:297,36,0,0
BRDA:297,36,1,0
BRDA:310,37,0,0
BRDA:310,37,1,0
BRDA:311,38,0,0
BRDA:311,38,1,0
BRDA:311,39,0,0
BRDA:311,39,1,0
BRDA:318,40,0,0
BRDA:318,40,1,0
BRDA:321,41,0,0
BRDA:321,41,1,0
BRDA:325,42,0,0
BRDA:325,42,1,0
BRDA:326,43,0,0
BRDA:326,43,1,0
BRDA:336,44,0,0
BRDA:336,44,1,0
BRDA:338,45,0,0
BRDA:338,45,1,0
BRDA:342,46,0,0
BRDA:342,46,1,0
BRDA:351,47,0,0
BRDA:351,47,1,0
BRDA:355,48,0,0
BRDA:355,48,1,0
BRDA:356,49,0,0
BRDA:356,49,1,0
BRDA:360,50,0,0
BRDA:360,50,1,0
BRDA:360,50,2,0
BRDA:363,51,0,0
BRDA:363,51,1,0
BRDA:368,52,0,0
BRDA:368,52,1,0
BRDA:370,53,0,0
BRDA:370,53,1,0
BRDA:373,54,0,0
BRDA:373,54,1,0
BRDA:374,55,0,0
BRDA:374,55,1,0
BRDA:375,56,0,0
BRDA:375,56,1,0
BRDA:378,57,0,0
BRDA:378,57,1,0
BRDA:383,58,0,0
BRDA:383,58,1,0
BRDA:385,59,0,0
BRDA:385,59,1,0
BRDA:389,60,0,0
BRDA:389,60,1,0
BRDA:398,61,0,0
BRDA:398,61,1,0
BRDA:403,62,0,0
BRDA:403,62,1,0
BRDA:404,63,0,0
BRDA:404,63,1,0
BRDA:406,64,0,0
BRDA:406,64,1,0
BRDA:414,65,0,0
BRDA:414,65,1,0
BRDA:438,66,0,0
BRDA:438,66,1,0
BRF:139
BRH:0
end_of_record
TN:
SF:controllers\auth\adminAuthController.js
FN:11,(anonymous_0)
FN:14,(anonymous_1)
FN:20,(anonymous_2)
FN:30,(anonymous_3)
FN:93,(anonymous_4)
FN:134,(anonymous_5)
FN:190,(anonymous_6)
FN:230,(anonymous_7)
FN:249,(anonymous_8)
FN:276,(anonymous_9)
FN:316,(anonymous_10)
FN:323,(anonymous_11)
FN:357,(anonymous_12)
FN:391,(anonymous_13)
FN:399,(anonymous_14)
FN:447,(anonymous_15)
FN:532,(anonymous_16)
FN:559,(anonymous_17)
FN:588,(anonymous_18)
FN:645,(anonymous_19)
FN:703,(anonymous_20)
FNF:21
FNH:0
FNDA:0,(anonymous_0)
FNDA:0,(anonymous_1)
FNDA:0,(anonymous_2)
FNDA:0,(anonymous_3)
FNDA:0,(anonymous_4)
FNDA:0,(anonymous_5)
FNDA:0,(anonymous_6)
FNDA:0,(anonymous_7)
FNDA:0,(anonymous_8)
FNDA:0,(anonymous_9)
FNDA:0,(anonymous_10)
FNDA:0,(anonymous_11)
FNDA:0,(anonymous_12)
FNDA:0,(anonymous_13)
FNDA:0,(anonymous_14)
FNDA:0,(anonymous_15)
FNDA:0,(anonymous_16)
FNDA:0,(anonymous_17)
FNDA:0,(anonymous_18)
FNDA:0,(anonymous_19)
FNDA:0,(anonymous_20)
DA:1,2
DA:2,2
DA:3,2
DA:4,2
DA:5,2
DA:6,2
DA:7,2
DA:8,2
DA:11,2
DA:14,2
DA:15,0
DA:16,0
DA:20,2
DA:21,0
DA:30,2
DA:31,0
DA:32,0
DA:35,0
DA:38,0
DA:40,0
DA:41,0
DA:42,0
DA:43,0
DA:46,0
DA:47,0
DA:49,0
DA:57,0
DA:58,0
DA:59,0
DA:61,0
DA:68,0
DA:69,0
DA:70,0
DA:72,0
DA:73,0
DA:78,0
DA:85,0
DA:86,0
DA:93,2
DA:94,0
DA:95,0
DA:97,0
DA:98,0
DA:100,0
DA:101,0
DA:102,0
DA:106,0
DA:111,0
DA:114,0
DA:115,0
DA:118,0
DA:121,0
DA:123,0
DA:128,0
DA:129,0
DA:134,2
DA:135,0
DA:136,0
DA:138,0
DA:141,0
DA:145,0
DA:149,0
DA:150,0
DA:153,0
DA:155,0
DA:156,0
DA:159,0
DA:162,0
DA:168,0
DA:169,0
DA:170,0
DA:173,0
DA:178,0
DA:180,0
DA:182,0
DA:184,0
DA:185,0
DA:190,2
DA:191,0
DA:192,0
DA:194,0
DA:197,0
DA:202,0
DA:206,0
DA:207,0
DA:208,0
DA:211,0
DA:213,0
DA:214,0
DA:216,0
DA:217,0
DA:219,0
DA:220,0
DA:222,0
DA:224,0
DA:225,0
DA:230,2
DA:231,0
DA:232,0
DA:234,0
DA:235,0
DA:236,0
DA:238,0
DA:239,0
DA:241,0
DA:243,0
DA:244,0
DA:249,2
DA:250,0
DA:251,0
DA:253,0
DA:254,0
DA:256,0
DA:257,0
DA:258,0
DA:263,0
DA:266,0
DA:268,0
DA:270,0
DA:271,0
DA:276,2
DA:277,0
DA:278,0
DA:280,0
DA:282,0
DA:284,0
DA:285,0
DA:286,0
DA:291,0
DA:301,0
DA:302,0
DA:304,0
DA:308,0
DA:310,0
DA:311,0
DA:316,2
DA:317,0
DA:318,0
DA:319,0
DA:323,2
DA:324,0
DA:326,0
DA:327,0
DA:330,0
DA:331,0
DA:334,0
DA:335,0
DA:336,0
DA:342,0
DA:344,0
DA:345,0
DA:347,0
DA:348,0
DA:350,0
DA:357,2
DA:358,0
DA:360,0
DA:361,0
DA:364,0
DA:365,0
DA:368,0
DA:375,0
DA:382,0
DA:384,0
DA:391,2
DA:392,0
DA:393,0
DA:395,0
DA:399,2
DA:400,0
DA:401,0
DA:405,0
DA:407,0
DA:408,0
DA:409,0
DA:413,0
DA:414,0
DA:417,0
DA:424,0
DA:425,0
DA:426,0
DA:429,0
DA:430,0
DA:432,0
DA:433,0
DA:434,0
DA:436,0
DA:437,0
DA:439,0
DA:447,2
DA:448,0
DA:449,0
DA:452,0
DA:453,0
DA:460,0
DA:462,0
DA:463,0
DA:470,0
DA:482,0
DA:485,0
DA:493,0
DA:495,0
DA:505,0
DA:507,0
DA:508,0
DA:514,0
DA:515,0
DA:521,0
DA:532,2
DA:533,0
DA:535,0
DA:541,0
DA:547,0
DA:548,0
DA:559,2
DA:560,0
DA:561,0
DA:563,0
DA:564,0
DA:570,0
DA:576,0
DA:577,0
DA:588,2
DA:589,0
DA:590,0
DA:591,0
DA:594,0
DA:595,0
DA:596,0
DA:598,0
DA:599,0
DA:605,0
DA:611,0
DA:612,0
DA:618,0
DA:625,0
DA:627,0
DA:628,0
DA:634,0
DA:645,2
DA:646,0
DA:647,0
DA:649,0
DA:650,0
DA:656,0
DA:657,0
DA:663,0
DA:665,0
DA:666,0
DA:673,0
DA:674,0
DA:675,0
DA:682,0
DA:683,0
DA:685,0
DA:691,0
DA:692,0
DA:703,2
DA:704,0
DA:705,0
DA:707,0
DA:708,0
DA:715,0
DA:727,0
DA:734,0
DA:743,0
DA:744,0
LF:267
LH:29
BRDA:41,0,0,0
BRDA:41,0,1,0
BRDA:100,1,0,0
BRDA:100,1,1,0
BRDA:141,2,0,0
BRDA:141,2,1,0
BRDA:149,3,0,0
BRDA:149,3,1,0
BRDA:153,4,0,0
BRDA:153,4,1,0
BRDA:169,5,0,0
BRDA:169,5,1,0
BRDA:197,6,0,0
BRDA:197,6,1,0
BRDA:206,7,0,0
BRDA:206,7,1,0
BRDA:256,8,0,0
BRDA:256,8,1,0
BRDA:284,9,0,0
BRDA:284,9,1,0
BRDA:317,10,0,0
BRDA:317,10,1,0
BRDA:326,11,0,0
BRDA:326,11,1,0
BRDA:335,12,0,0
BRDA:335,12,1,0
BRDA:347,13,0,0
BRDA:347,13,1,0
BRDA:358,14,0,0
BRDA:358,14,1,0
BRDA:360,15,0,0
BRDA:360,15,1,0
BRDA:392,16,0,0
BRDA:392,16,1,0
BRDA:405,17,0,0
BRDA:405,17,1,0
BRDA:407,18,0,0
BRDA:407,18,1,0
BRDA:424,19,0,0
BRDA:424,19,1,0
BRDA:433,20,0,0
BRDA:433,20,1,0
BRDA:436,21,0,0
BRDA:436,21,1,0
BRDA:452,22,0,0
BRDA:452,22,1,0
BRDA:452,23,0,0
BRDA:452,23,1,0
BRDA:462,24,0,0
BRDA:462,24,1,0
BRDA:507,25,0,0
BRDA:507,25,1,0
BRDA:514,26,0,0
BRDA:514,26,1,0
BRDA:563,27,0,0
BRDA:563,27,1,0
BRDA:594,28,0,0
BRDA:594,28,1,0
BRDA:595,29,0,0
BRDA:595,29,1,0
BRDA:596,30,0,0
BRDA:596,30,1,0
BRDA:598,31,0,0
BRDA:598,31,1,0
BRDA:611,32,0,0
BRDA:611,32,1,0
BRDA:627,33,0,0
BRDA:627,33,1,0
BRDA:649,34,0,0
BRDA:649,34,1,0
BRDA:649,35,0,0
BRDA:649,35,1,0
BRDA:656,36,0,0
BRDA:656,36,1,0
BRDA:665,37,0,0
BRDA:665,37,1,0
BRDA:674,38,0,0
BRDA:674,38,1,0
BRDA:707,39,0,0
BRDA:707,39,1,0
BRDA:707,40,0,0
BRDA:707,40,1,0
BRF:82
BRH:0
end_of_record
TN:
SF:controllers\auth\uniAuthController.js
FN:10,(anonymous_0)
FN:13,(anonymous_1)
FN:19,(anonymous_2)
FN:29,(anonymous_3)
FN:112,(anonymous_4)
FN:153,(anonymous_5)
FN:216,(anonymous_6)
FN:256,(anonymous_7)
FN:275,(anonymous_8)
FN:302,(anonymous_9)
FN:342,(anonymous_10)
FN:349,(anonymous_11)
FN:383,(anonymous_12)
FN:417,(anonymous_13)
FN:425,(anonymous_14)
FNF:15
FNH:0
FNDA:0,(anonymous_0)
FNDA:0,(anonymous_1)
FNDA:0,(anonymous_2)
FNDA:0,(anonymous_3)
FNDA:0,(anonymous_4)
FNDA:0,(anonymous_5)
FNDA:0,(anonymous_6)
FNDA:0,(anonymous_7)
FNDA:0,(anonymous_8)
FNDA:0,(anonymous_9)
FNDA:0,(anonymous_10)
FNDA:0,(anonymous_11)
FNDA:0,(anonymous_12)
FNDA:0,(anonymous_13)
FNDA:0,(anonymous_14)
DA:1,2
DA:2,2
DA:3,2
DA:4,2
DA:5,2
DA:6,2
DA:7,2
DA:10,2
DA:13,2
DA:14,0
DA:15,0
DA:19,2
DA:20,0
DA:29,2
DA:30,0
DA:31,0
DA:33,0
DA:36,0
DA:39,0
DA:40,0
DA:45,0
DA:52,0
DA:53,0
DA:54,0
DA:57,0
DA:58,0
DA:60,0
DA:71,0
DA:72,0
DA:73,0
DA:75,0
DA:82,0
DA:83,0
DA:84,0
DA:86,0
DA:87,0
DA:92,0
DA:99,0
DA:100,0
DA:101,0
DA:105,0
DA:112,2
DA:113,0
DA:114,0
DA:116,0
DA:117,0
DA:119,0
DA:120,0
DA:121,0
DA:125,0
DA:130,0
DA:133,0
DA:134,0
DA:137,0
DA:140,0
DA:142,0
DA:147,0
DA:148,0
DA:153,2
DA:154,0
DA:155,0
DA:157,0
DA:160,0
DA:164,0
DA:168,0
DA:169,0
DA:172,0
DA:174,0
DA:175,0
DA:178,0
DA:181,0
DA:187,0
DA:188,0
DA:189,0
DA:193,0
DA:194,0
DA:199,0
DA:204,0
DA:206,0
DA:208,0
DA:210,0
DA:211,0
DA:216,2
DA:217,0
DA:218,0
DA:220,0
DA:223,0
DA:228,0
DA:232,0
DA:233,0
DA:234,0
DA:237,0
DA:239,0
DA:240,0
DA:242,0
DA:243,0
DA:245,0
DA:246,0
DA:248,0
DA:250,0
DA:251,0
DA:256,2
DA:257,0
DA:258,0
DA:260,0
DA:261,0
DA:262,0
DA:264,0
DA:265,0
DA:267,0
DA:269,0
DA:270,0
DA:275,2
DA:276,0
DA:277,0
DA:279,0
DA:280,0
DA:282,0
DA:283,0
DA:284,0
DA:289,0
DA:292,0
DA:294,0
DA:296,0
DA:297,0
DA:302,2
DA:303,0
DA:304,0
DA:306,0
DA:308,0
DA:310,0
DA:311,0
DA:312,0
DA:317,0
DA:327,0
DA:328,0
DA:330,0
DA:334,0
DA:336,0
DA:337,0
DA:342,2
DA:343,0
DA:344,0
DA:345,0
DA:349,2
DA:350,0
DA:352,0
DA:353,0
DA:356,0
DA:357,0
DA:360,0
DA:361,0
DA:362,0
DA:368,0
DA:370,0
DA:371,0
DA:373,0
DA:374,0
DA:376,0
DA:383,2
DA:384,0
DA:386,0
DA:387,0
DA:390,0
DA:391,0
DA:394,0
DA:401,0
DA:408,0
DA:410,0
DA:417,2
DA:418,0
DA:419,0
DA:421,0
DA:425,2
DA:426,0
DA:427,0
DA:431,0
DA:433,0
DA:434,0
DA:435,0
DA:439,0
DA:440,0
DA:443,0
DA:450,0
DA:451,0
DA:452,0
DA:455,0
DA:456,0
DA:458,0
DA:459,0
DA:460,0
DA:462,0
DA:463,0
DA:465,0
LF:194
LH:22
BRDA:39,0,0,0
BRDA:39,0,1,0
BRDA:39,1,0,0
BRDA:39,1,1,0
BRDA:39,1,2,0
BRDA:39,1,3,0
BRDA:39,1,4,0
BRDA:52,2,0,0
BRDA:52,2,1,0
BRDA:100,3,0,0
BRDA:100,3,1,0
BRDA:119,4,0,0
BRDA:119,4,1,0
BRDA:160,5,0,0
BRDA:160,5,1,0
BRDA:168,6,0,0
BRDA:168,6,1,0
BRDA:172,7,0,0
BRDA:172,7,1,0
BRDA:188,8,0,0
BRDA:188,8,1,0
BRDA:193,9,0,0
BRDA:193,9,1,0
BRDA:223,10,0,0
BRDA:223,10,1,0
BRDA:232,11,0,0
BRDA:232,11,1,0
BRDA:282,12,0,0
BRDA:282,12,1,0
BRDA:310,13,0,0
BRDA:310,13,1,0
BRDA:343,14,0,0
BRDA:343,14,1,0
BRDA:352,15,0,0
BRDA:352,15,1,0
BRDA:361,16,0,0
BRDA:361,16,1,0
BRDA:373,17,0,0
BRDA:373,17,1,0
BRDA:384,18,0,0
BRDA:384,18,1,0
BRDA:386,19,0,0
BRDA:386,19,1,0
BRDA:418,20,0,0
BRDA:418,20,1,0
BRDA:431,21,0,0
BRDA:431,21,1,0
BRDA:433,22,0,0
BRDA:433,22,1,0
BRDA:450,23,0,0
BRDA:450,23,1,0
BRDA:459,24,0,0
BRDA:459,24,1,0
BRDA:462,25,0,0
BRDA:462,25,1,0
BRF:55
BRH:0
end_of_record
TN:
SF:controllers\auth\userAuthController.js
FN:10,(anonymous_0)
FN:13,(anonymous_1)
FN:19,(anonymous_2)
FN:29,(anonymous_3)
FN:94,(anonymous_4)
FN:135,(anonymous_5)
FN:208,(anonymous_6)
FN:248,(anonymous_7)
FN:267,(anonymous_8)
FN:294,(anonymous_9)
FN:334,(anonymous_10)
FN:341,(anonymous_11)
FN:375,(anonymous_12)
FN:409,(anonymous_13)
FN:417,(anonymous_14)
FN:458,(anonymous_15)
FNF:16
FNH:3
FNDA:0,(anonymous_0)
FNDA:18,(anonymous_1)
FNDA:0,(anonymous_2)
FNDA:18,(anonymous_3)
FNDA:0,(anonymous_4)
FNDA:51,(anonymous_5)
FNDA:0,(anonymous_6)
FNDA:0,(anonymous_7)
FNDA:0,(anonymous_8)
FNDA:0,(anonymous_9)
FNDA:0,(anonymous_10)
FNDA:0,(anonymous_11)
FNDA:0,(anonymous_12)
FNDA:0,(anonymous_13)
FNDA:0,(anonymous_14)
FNDA:0,(anonymous_15)
DA:1,2
DA:2,2
DA:3,2
DA:4,2
DA:5,2
DA:6,2
DA:7,2
DA:10,2
DA:13,2
DA:14,18
DA:15,18
DA:19,2
DA:20,0
DA:29,2
DA:30,18
DA:31,18
DA:34,18
DA:37,18
DA:39,18
DA:40,18
DA:41,0
DA:42,0
DA:45,18
DA:46,18
DA:48,18
DA:58,18
DA:59,18
DA:60,0
DA:62,0
DA:69,0
DA:70,0
DA:71,0
DA:73,0
DA:74,0
DA:79,0
DA:86,18
DA:87,18
DA:94,2
DA:95,0
DA:96,0
DA:98,0
DA:99,0
DA:101,0
DA:102,0
DA:103,0
DA:107,0
DA:112,0
DA:115,0
DA:116,0
DA:119,0
DA:122,0
DA:124,0
DA:129,0
DA:130,0
DA:135,2
DA:136,51
DA:137,51
DA:139,51
DA:142,51
DA:146,51
DA:150,51
DA:151,51
DA:154,0
DA:156,0
DA:157,0
DA:160,0
DA:163,0
DA:169,0
DA:170,0
DA:171,0
DA:175,0
DA:176,0
DA:177,0
DA:178,0
DA:179,0
DA:184,0
DA:185,0
DA:191,0
DA:196,0
DA:198,0
DA:200,0
DA:202,0
DA:203,0
DA:208,2
DA:209,0
DA:210,0
DA:212,0
DA:215,0
DA:220,0
DA:224,0
DA:225,0
DA:226,0
DA:229,0
DA:231,0
DA:232,0
DA:234,0
DA:235,0
DA:237,0
DA:238,0
DA:240,0
DA:242,0
DA:243,0
DA:248,2
DA:249,0
DA:250,0
DA:252,0
DA:253,0
DA:254,0
DA:256,0
DA:257,0
DA:259,0
DA:261,0
DA:262,0
DA:267,2
DA:268,0
DA:269,0
DA:271,0
DA:272,0
DA:274,0
DA:275,0
DA:276,0
DA:281,0
DA:284,0
DA:286,0
DA:288,0
DA:289,0
DA:294,2
DA:295,0
DA:296,0
DA:298,0
DA:300,0
DA:302,0
DA:303,0
DA:304,0
DA:309,0
DA:319,0
DA:320,0
DA:322,0
DA:326,0
DA:328,0
DA:329,0
DA:334,2
DA:335,0
DA:336,0
DA:337,0
DA:341,2
DA:342,0
DA:344,0
DA:345,0
DA:348,0
DA:349,0
DA:352,0
DA:353,0
DA:354,0
DA:360,0
DA:362,0
DA:363,0
DA:365,0
DA:366,0
DA:368,0
DA:375,2
DA:376,0
DA:378,0
DA:379,0
DA:382,0
DA:383,0
DA:386,0
DA:393,0
DA:400,0
DA:402,0
DA:409,2
DA:410,0
DA:411,0
DA:413,0
DA:417,2
DA:418,0
DA:419,0
DA:423,0
DA:425,0
DA:426,0
DA:427,0
DA:431,0
DA:432,0
DA:435,0
DA:439,0
DA:440,0
DA:441,0
DA:444,0
DA:445,0
DA:447,0
DA:448,0
DA:449,0
DA:451,0
DA:452,0
DA:454,0
DA:458,2
DA:459,0
DA:460,0
DA:463,0
DA:465,0
DA:467,0
DA:468,0
LF:202
LH:45
BRDA:40,0,0,0
BRDA:40,0,1,18
BRDA:101,1,0,0
BRDA:101,1,1,0
BRDA:142,2,0,51
BRDA:142,2,1,0
BRDA:150,3,0,51
BRDA:150,3,1,0
BRDA:154,4,0,0
BRDA:154,4,1,0
BRDA:170,5,0,0
BRDA:170,5,1,0
BRDA:175,6,0,0
BRDA:175,6,1,0
BRDA:178,7,0,0
BRDA:178,7,1,0
BRDA:184,8,0,0
BRDA:184,8,1,0
BRDA:215,9,0,0
BRDA:215,9,1,0
BRDA:224,10,0,0
BRDA:224,10,1,0
BRDA:274,11,0,0
BRDA:274,11,1,0
BRDA:302,12,0,0
BRDA:302,12,1,0
BRDA:335,13,0,0
BRDA:335,13,1,0
BRDA:344,14,0,0
BRDA:344,14,1,0
BRDA:353,15,0,0
BRDA:353,15,1,0
BRDA:365,16,0,0
BRDA:365,16,1,0
BRDA:376,17,0,0
BRDA:376,17,1,0
BRDA:378,18,0,0
BRDA:378,18,1,0
BRDA:410,19,0,0
BRDA:410,19,1,0
BRDA:423,20,0,0
BRDA:423,20,1,0
BRDA:425,21,0,0
BRDA:425,21,1,0
BRDA:439,22,0,0
BRDA:439,22,1,0
BRDA:448,23,0,0
BRDA:448,23,1,0
BRDA:451,24,0,0
BRDA:451,24,1,0
BRF:50
BRH:3
end_of_record
TN:
SF:controllers\auth\vendorAuthController.js
FN:12,(anonymous_0)
FN:15,(anonymous_1)
FN:21,(anonymous_2)
FN:31,(anonymous_3)
FN:112,(anonymous_4)
FN:160,(anonymous_5)
FN:243,(anonymous_6)
FN:283,(anonymous_7)
FN:302,(anonymous_8)
FN:329,(anonymous_9)
FN:369,(anonymous_10)
FN:376,(anonymous_11)
FN:410,(anonymous_12)
FN:444,(anonymous_13)
FN:452,(anonymous_14)
FNF:15
FNH:0
FNDA:0,(anonymous_0)
FNDA:0,(anonymous_1)
FNDA:0,(anonymous_2)
FNDA:0,(anonymous_3)
FNDA:0,(anonymous_4)
FNDA:0,(anonymous_5)
FNDA:0,(anonymous_6)
FNDA:0,(anonymous_7)
FNDA:0,(anonymous_8)
FNDA:0,(anonymous_9)
FNDA:0,(anonymous_10)
FNDA:0,(anonymous_11)
FNDA:0,(anonymous_12)
FNDA:0,(anonymous_13)
FNDA:0,(anonymous_14)
DA:1,2
DA:2,2
DA:3,2
DA:4,2
DA:5,2
DA:6,2
DA:7,2
DA:8,2
DA:9,2
DA:12,2
DA:15,2
DA:16,0
DA:17,0
DA:21,2
DA:22,0
DA:31,2
DA:32,0
DA:33,0
DA:36,0
DA:39,0
DA:41,0
DA:42,0
DA:43,0
DA:44,0
DA:47,0
DA:48,0
DA:50,0
DA:61,0
DA:62,0
DA:63,0
DA:66,0
DA:67,0
DA:70,0
DA:81,0
DA:83,0
DA:90,0
DA:91,0
DA:92,0
DA:94,0
DA:95,0
DA:97,0
DA:104,0
DA:105,0
DA:112,2
DA:113,0
DA:114,0
DA:116,0
DA:117,0
DA:118,0
DA:120,0
DA:121,0
DA:123,0
DA:124,0
DA:126,0
DA:127,0
DA:128,0
DA:132,0
DA:137,0
DA:140,0
DA:141,0
DA:144,0
DA:147,0
DA:149,0
DA:154,0
DA:155,0
DA:160,2
DA:161,0
DA:162,0
DA:164,0
DA:167,0
DA:171,0
DA:175,0
DA:176,0
DA:179,0
DA:181,0
DA:182,0
DA:185,0
DA:186,0
DA:189,0
DA:190,0
DA:191,0
DA:194,0
DA:195,0
DA:198,0
DA:205,0
DA:206,0
DA:207,0
DA:211,0
DA:212,0
DA:213,0
DA:214,0
DA:219,0
DA:220,0
DA:226,0
DA:231,0
DA:233,0
DA:235,0
DA:237,0
DA:238,0
DA:243,2
DA:244,0
DA:245,0
DA:247,0
DA:250,0
DA:255,0
DA:259,0
DA:260,0
DA:261,0
DA:264,0
DA:266,0
DA:267,0
DA:269,0
DA:270,0
DA:272,0
DA:273,0
DA:275,0
DA:277,0
DA:278,0
DA:283,2
DA:284,0
DA:285,0
DA:287,0
DA:288,0
DA:289,0
DA:291,0
DA:292,0
DA:294,0
DA:296,0
DA:297,0
DA:302,2
DA:303,0
DA:304,0
DA:306,0
DA:307,0
DA:309,0
DA:310,0
DA:311,0
DA:316,0
DA:319,0
DA:321,0
DA:323,0
DA:324,0
DA:329,2
DA:330,0
DA:331,0
DA:333,0
DA:335,0
DA:337,0
DA:338,0
DA:339,0
DA:344,0
DA:354,0
DA:355,0
DA:357,0
DA:361,0
DA:363,0
DA:364,0
DA:369,2
DA:370,0
DA:371,0
DA:372,0
DA:376,2
DA:377,0
DA:379,0
DA:380,0
DA:383,0
DA:384,0
DA:387,0
DA:388,0
DA:389,0
DA:395,0
DA:397,0
DA:398,0
DA:400,0
DA:401,0
DA:403,0
DA:410,2
DA:411,0
DA:413,0
DA:414,0
DA:417,0
DA:418,0
DA:421,0
DA:428,0
DA:435,0
DA:437,0
DA:444,2
DA:445,0
DA:446,0
DA:448,0
DA:452,2
DA:453,0
DA:454,0
DA:458,0
DA:460,0
DA:461,0
DA:462,0
DA:466,0
DA:467,0
DA:470,0
DA:474,0
DA:475,0
DA:476,0
DA:479,0
DA:480,0
DA:482,0
DA:483,0
DA:484,0
DA:486,0
DA:487,0
DA:489,0
LF:211
LH:24
BRDA:42,0,0,0
BRDA:42,0,1,0
BRDA:123,1,0,0
BRDA:123,1,1,0
BRDA:167,2,0,0
BRDA:167,2,1,0
BRDA:175,3,0,0
BRDA:175,3,1,0
BRDA:179,4,0,0
BRDA:179,4,1,0
BRDA:206,5,0,0
BRDA:206,5,1,0
BRDA:211,6,0,0
BRDA:211,6,1,0
BRDA:213,7,0,0
BRDA:213,7,1,0
BRDA:219,8,0,0
BRDA:219,8,1,0
BRDA:250,9,0,0
BRDA:250,9,1,0
BRDA:259,10,0,0
BRDA:259,10,1,0
BRDA:309,11,0,0
BRDA:309,11,1,0
BRDA:337,12,0,0
BRDA:337,12,1,0
BRDA:370,13,0,0
BRDA:370,13,1,0
BRDA:379,14,0,0
BRDA:379,14,1,0
BRDA:388,15,0,0
BRDA:388,15,1,0
BRDA:400,16,0,0
BRDA:400,16,1,0
BRDA:411,17,0,0
BRDA:411,17,1,0
BRDA:413,18,0,0
BRDA:413,18,1,0
BRDA:445,19,0,0
BRDA:445,19,1,0
BRDA:458,20,0,0
BRDA:458,20,1,0
BRDA:460,21,0,0
BRDA:460,21,1,0
BRDA:474,22,0,0
BRDA:474,22,1,0
BRDA:483,23,0,0
BRDA:483,23,1,0
BRDA:486,24,0,0
BRDA:486,24,1,0
BRF:50
BRH:0
end_of_record
TN:
SF:middleware\adminAuthMiddleware.js
FN:9,(anonymous_0)
FN:83,(anonymous_1)
FN:84,(anonymous_2)
FN:113,(anonymous_3)
FN:116,(anonymous_4)
FNF:5
FNH:1
FNDA:0,(anonymous_0)
FNDA:0,(anonymous_1)
FNDA:0,(anonymous_2)
FNDA:4,(anonymous_3)
FNDA:0,(anonymous_4)
DA:1,2
DA:2,2
DA:3,2
DA:9,2
DA:10,0
DA:12,0
DA:14,0
DA:15,0
DA:22,0
DA:25,0
DA:27,0
DA:28,0
DA:35,0
DA:36,0
DA:37,0
DA:44,0
DA:47,0
DA:54,0
DA:56,0
DA:58,0
DA:59,0
DA:65,0
DA:66,0
DA:72,0
DA:83,2
DA:84,0
DA:85,0
DA:86,0
DA:93,0
DA:94,0
DA:98,0
DA:99,0
DA:105,0
DA:113,2
DA:114,4
DA:116,4
DA:117,0
DA:118,0
DA:124,0
DA:125,0
DA:131,0
DA:138,2
DA:143,2
DA:145,2
LF:44
LH:11
BRDA:12,0,0,0
BRDA:12,0,1,0
BRDA:14,1,0,0
BRDA:14,1,1,0
BRDA:27,2,0,0
BRDA:27,2,1,0
BRDA:27,3,0,0
BRDA:27,3,1,0
BRDA:36,4,0,0
BRDA:36,4,1,0
BRDA:58,5,0,0
BRDA:58,5,1,0
BRDA:65,6,0,0
BRDA:65,6,1,0
BRDA:85,7,0,0
BRDA:85,7,1,0
BRDA:93,8,0,0
BRDA:93,8,1,0
BRDA:98,9,0,0
BRDA:98,9,1,0
BRDA:114,10,0,2
BRDA:114,10,1,2
BRDA:117,11,0,0
BRDA:117,11,1,0
BRDA:124,12,0,0
BRDA:124,12,1,0
BRF:26
BRH:2
end_of_record
TN:
SF:middleware\authMiddleware.js
FN:5,(anonymous_0)
FNF:1
FNH:0
FNDA:0,(anonymous_0)
DA:1,2
DA:2,2
DA:3,2
DA:5,2
DA:6,0
DA:7,0
DA:9,0
DA:10,0
DA:13,0
DA:14,0
DA:17,0
DA:18,0
DA:19,0
DA:23,0
DA:24,0
DA:25,0
DA:29,0
DA:30,0
DA:31,0
DA:37,0
DA:40,0
DA:42,0
DA:44,0
DA:45,0
DA:46,0
DA:48,0
LF:26
LH:4
BRDA:9,0,0,0
BRDA:9,0,1,0
BRDA:9,1,0,0
BRDA:9,1,1,0
BRDA:18,2,0,0
BRDA:18,2,1,0
BRDA:24,3,0,0
BRDA:24,3,1,0
BRDA:30,4,0,0
BRDA:30,4,1,0
BRDA:45,5,0,0
BRDA:45,5,1,0
BRF:12
BRH:0
end_of_record
TN:
SF:middleware\checkSubscriptionStatus.js
FN:1,checkSubscriptionStatus
FNF:1
FNH:0
FNDA:0,checkSubscriptionStatus
DA:2,0
DA:4,0
DA:5,0
DA:7,0
DA:8,0
DA:9,0
DA:11,0
DA:12,0
DA:15,0
LF:9
LH:0
BRDA:4,0,0,0
BRDA:4,0,1,0
BRDA:4,1,0,0
BRDA:4,1,1,0
BRDA:5,2,0,0
BRDA:5,2,1,0
BRDA:11,3,0,0
BRDA:11,3,1,0
BRF:8
BRH:0
end_of_record
TN:
SF:middleware\rateLimit.js
FNF:0
FNH:0
DA:1,0
DA:3,0
DA:9,0
LF:3
LH:0
BRF:0
BRH:0
end_of_record
TN:
SF:middleware\uniAuthMiddleware.js
FN:9,(anonymous_0)
FNF:1
FNH:0
FNDA:0,(anonymous_0)
DA:1,0
DA:2,0
DA:3,0
DA:9,0
DA:10,0
DA:12,0
DA:14,0
DA:15,0
DA:22,0
DA:25,0
DA:27,0
DA:28,0
DA:35,0
DA:36,0
DA:43,0
DA:44,0
DA:45,0
DA:52,0
DA:55,0
DA:65,0
DA:67,0
DA:69,0
DA:70,0
DA:76,0
DA:77,0
DA:83,0
DA:90,0
LF:27
LH:0
BRDA:12,0,0,0
BRDA:12,0,1,0
BRDA:14,1,0,0
BRDA:14,1,1,0
BRDA:27,2,0,0
BRDA:27,2,1,0
BRDA:35,3,0,0
BRDA:35,3,1,0
BRDA:44,4,0,0
BRDA:44,4,1,0
BRDA:69,5,0,0
BRDA:69,5,1,0
BRDA:76,6,0,0
BRDA:76,6,1,0
BRF:14
BRH:0
end_of_record
TN:
SF:models\CacheAnalytics.js
FN:21,(anonymous_0)
FNF:1
FNH:0
FNDA:0,(anonymous_0)
DA:1,0
DA:2,0
DA:4,0
DA:21,0
DA:30,0
DA:32,0
LF:6
LH:0
BRF:0
BRH:0
end_of_record
TN:
SF:models\account\Admin.js
FN:84,(anonymous_0)
FN:98,(anonymous_1)
FN:113,(anonymous_2)
FN:118,(anonymous_3)
FN:123,(anonymous_4)
FN:143,(anonymous_5)
FN:151,(anonymous_6)
FN:172,(anonymous_7)
FNF:8
FNH:0
FNDA:0,(anonymous_0)
FNDA:0,(anonymous_1)
FNDA:0,(anonymous_2)
FNDA:0,(anonymous_3)
FNDA:0,(anonymous_4)
FNDA:0,(anonymous_5)
FNDA:0,(anonymous_6)
FNDA:0,(anonymous_7)
DA:1,2
DA:2,2
DA:3,2
DA:5,2
DA:78,2
DA:79,2
DA:80,2
DA:81,2
DA:84,2
DA:85,0
DA:87,0
DA:88,0
DA:89,0
DA:90,0
DA:91,0
DA:93,0
DA:98,2
DA:99,0
DA:100,0
DA:101,0
DA:102,0
DA:103,0
DA:104,0
DA:106,0
DA:109,0
DA:113,2
DA:114,0
DA:118,2
DA:119,0
DA:123,2
DA:125,0
DA:126,0
DA:132,0
DA:135,0
DA:136,0
DA:139,0
DA:143,2
DA:144,0
DA:151,2
DA:152,0
DA:153,0
DA:154,0
DA:157,0
DA:158,0
DA:161,0
DA:162,0
DA:163,0
DA:164,0
DA:167,0
DA:168,0
DA:172,2
DA:173,0
DA:174,0
DA:175,0
DA:176,0
DA:177,0
DA:180,2
LF:57
LH:17
BRDA:85,0,0,0
BRDA:85,0,1,0
BRDA:100,1,0,0
BRDA:100,1,1,0
BRDA:119,2,0,0
BRDA:119,2,1,0
BRDA:125,3,0,0
BRDA:125,3,1,0
BRDA:125,4,0,0
BRDA:125,4,1,0
BRDA:135,5,0,0
BRDA:135,5,1,0
BRDA:135,6,0,0
BRDA:135,6,1,0
BRDA:153,7,0,0
BRDA:153,7,1,0
BRDA:157,8,0,0
BRDA:157,8,1,0
BRDA:162,9,0,0
BRDA:162,9,1,0
BRF:20
BRH:0
end_of_record
TN:
SF:models\account\BillingInfo.js
FN:82,(anonymous_0)
FN:89,(anonymous_1)
FNF:2
FNH:0
FNDA:0,(anonymous_0)
FNDA:0,(anonymous_1)
DA:1,2
DA:2,2
DA:4,2
DA:76,2
DA:77,2
DA:78,2
DA:79,2
DA:82,2
DA:83,0
DA:89,2
DA:90,0
DA:95,2
LF:12
LH:10
BRDA:82,0,0,0
BRDA:89,1,0,0
BRF:2
BRH:0
end_of_record
TN:
SF:models\account\Feature.js
FNF:0
FNH:0
DA:1,2
DA:2,2
DA:4,2
DA:13,2
LF:4
LH:4
BRF:0
BRH:0
end_of_record
TN:
SF:models\account\Service.js
FNF:0
FNH:0
DA:1,2
DA:2,2
DA:4,2
DA:15,2
DA:17,2
LF:5
LH:5
BRF:0
BRH:0
end_of_record
TN:
SF:models\account\Uni.js
FNF:0
FNH:0
DA:1,2
DA:2,2
DA:4,2
DA:38,2
LF:4
LH:4
BRF:0
BRH:0
end_of_record
TN:
SF:models\account\User.js
FNF:0
FNH:0
DA:1,2
DA:2,2
DA:4,2
DA:71,2
DA:72,2
DA:73,2
DA:74,2
DA:75,2
DA:77,2
LF:9
LH:9
BRF:0
BRH:0
end_of_record
TN:
SF:models\account\Vendor.js
FNF:0
FNH:0
DA:2,2
DA:3,2
DA:5,2
DA:107,2
DA:108,2
DA:109,2
DA:110,2
LF:7
LH:7
BRF:0
BRH:0
end_of_record
TN:
SF:models\account\VendorCart.js
FN:66,(anonymous_0)
FN:67,(anonymous_1)
FN:72,(anonymous_2)
FNF:3
FNH:0
FNDA:0,(anonymous_0)
FNDA:0,(anonymous_1)
FNDA:0,(anonymous_2)
DA:1,2
DA:2,2
DA:4,2
DA:43,2
DA:63,2
DA:66,2
DA:67,0
DA:68,0
DA:72,2
DA:73,0
DA:74,0
DA:75,0
DA:78,2
LF:13
LH:8
BRF:0
BRH:0
end_of_record
TN:
SF:models\inventory\InventoryReport.js
FNF:0
FNH:0
DA:1,2
DA:2,2
DA:4,2
DA:70,2
DA:72,2
DA:77,2
LF:6
LH:6
BRF:0
BRH:0
end_of_record
TN:
SF:models\invoice\Invoice.js
FN:209,(anonymous_0)
FN:215,(anonymous_1)
FNF:2
FNH:0
FNDA:0,(anonymous_0)
FNDA:0,(anonymous_1)
DA:1,2
DA:2,2
DA:4,2
DA:201,2
DA:202,2
DA:203,2
DA:204,2
DA:205,2
DA:206,2
DA:209,2
DA:210,0
DA:211,0
DA:215,2
DA:216,0
DA:217,0
DA:218,0
DA:221,0
DA:222,0
DA:224,0
DA:229,0
DA:230,0
DA:232,0
DA:235,2
LF:23
LH:12
BRDA:230,0,0,0
BRDA:230,0,1,0
BRF:2
BRH:0
end_of_record
TN:
SF:models\item\Produce.js
FN:31,(anonymous_0)
FNF:1
FNH:0
FNDA:0,(anonymous_0)
DA:2,2
DA:3,2
DA:4,2
DA:30,2
DA:31,2
DA:32,0
DA:33,0
DA:34,0
DA:41,2
LF:9
LH:6
BRDA:32,0,0,0
BRDA:32,0,1,0
BRF:2
BRH:0
end_of_record
TN:
SF:models\item\Raw.js
FNF:0
FNH:0
DA:2,2
DA:3,2
DA:5,2
DA:10,2
LF:4
LH:4
BRF:0
BRH:0
end_of_record
TN:
SF:models\item\Retail.js
FN:34,(anonymous_0)
FNF:1
FNH:0
FNDA:0,(anonymous_0)
DA:2,2
DA:3,2
DA:4,2
DA:6,2
DA:33,2
DA:34,2
DA:35,0
DA:36,0
DA:37,0
DA:44,2
LF:10
LH:7
BRDA:35,0,0,0
BRDA:35,0,1,0
BRF:2
BRH:0
end_of_record
TN:
SF:models\order\Order.js
FNF:0
FNH:0
DA:1,2
DA:2,2
DA:3,2
DA:5,2
DA:75,2
DA:78,2
DA:79,2
DA:80,2
DA:83,2
DA:91,2
LF:10
LH:10
BRF:0
BRH:0
end_of_record
TN:
SF:models\order\OrderCounter.js
FNF:0
FNH:0
DA:1,2
DA:2,2
DA:4,2
DA:24,2
DA:26,2
LF:5
LH:5
BRF:0
BRH:0
end_of_record
TN:
SF:models\order\Payment.js
FNF:0
FNH:0
DA:1,2
DA:2,2
DA:4,2
DA:16,2
LF:4
LH:4
BRF:0
BRH:0
end_of_record
TN:
SF:models\order\Review.js
FNF:0
FNH:0
DA:1,2
DA:2,2
DA:4,2
DA:17,2
DA:18,2
DA:20,2
LF:6
LH:6
BRF:0
BRH:0
end_of_record
TN:
SF:models\users\College.js
FNF:0
FNH:0
DA:1,0
DA:2,0
DA:4,0
DA:9,0
LF:4
LH:0
BRF:0
BRH:0
end_of_record
TN:
SF:models\users\ContactMessage.js
FNF:0
FNH:0
DA:1,2
DA:2,2
DA:4,2
DA:30,2
LF:4
LH:4
BRF:0
BRH:0
end_of_record
TN:
SF:models\users\Otp.js
FNF:0
FNH:0
DA:1,2
DA:2,2
DA:4,2
DA:10,2
LF:4
LH:4
BRF:0
BRH:0
end_of_record
TN:
SF:models\users\Team.js
FNF:0
FNH:0
DA:1,2
DA:2,2
DA:4,2
DA:11,2
LF:4
LH:4
BRF:0
BRH:0
end_of_record
TN:
SF:routes\adminRoutes.js
FN:16,(anonymous_0)
FN:39,(anonymous_1)
FN:62,(anonymous_2)
FN:88,(anonymous_3)
FN:113,(anonymous_4)
FN:138,(anonymous_5)
FN:164,(anonymous_6)
FN:197,(anonymous_7)
FN:232,(anonymous_8)
FN:256,(anonymous_9)
FN:289,(anonymous_10)
FN:322,(anonymous_11)
FN:333,(anonymous_12)
FN:338,(anonymous_13)
FN:361,(anonymous_14)
FN:386,(anonymous_15)
FN:410,(anonymous_16)
FN:415,(anonymous_17)
FN:430,(anonymous_18)
FN:474,(anonymous_19)
FN:528,(anonymous_20)
FN:592,(anonymous_21)
FN:624,(anonymous_22)
FN:635,(anonymous_23)
FN:668,(anonymous_24)
FN:712,(anonymous_25)
FN:776,(anonymous_26)
FN:822,(anonymous_27)
FN:868,(anonymous_28)
FN:906,(anonymous_29)
FNF:30
FNH:0
FNDA:0,(anonymous_0)
FNDA:0,(anonymous_1)
FNDA:0,(anonymous_2)
FNDA:0,(anonymous_3)
FNDA:0,(anonymous_4)
FNDA:0,(anonymous_5)
FNDA:0,(anonymous_6)
FNDA:0,(anonymous_7)
FNDA:0,(anonymous_8)
FNDA:0,(anonymous_9)
FNDA:0,(anonymous_10)
FNDA:0,(anonymous_11)
FNDA:0,(anonymous_12)
FNDA:0,(anonymous_13)
FNDA:0,(anonymous_14)
FNDA:0,(anonymous_15)
FNDA:0,(anonymous_16)
FNDA:0,(anonymous_17)
FNDA:0,(anonymous_18)
FNDA:0,(anonymous_19)
FNDA:0,(anonymous_20)
FNDA:0,(anonymous_21)
FNDA:0,(anonymous_22)
FNDA:0,(anonymous_23)
FNDA:0,(anonymous_24)
FNDA:0,(anonymous_25)
FNDA:0,(anonymous_26)
FNDA:0,(anonymous_27)
FNDA:0,(anonymous_28)
FNDA:0,(anonymous_29)
DA:1,2
DA:2,2
DA:3,2
DA:4,2
DA:5,2
DA:6,2
DA:7,2
DA:16,2
DA:17,0
DA:18,0
DA:19,0
DA:25,0
DA:26,0
DA:39,2
DA:40,0
DA:41,0
DA:42,0
DA:48,0
DA:49,0
DA:62,2
DA:63,0
DA:64,0
DA:65,0
DA:67,0
DA:74,0
DA:75,0
DA:88,2
DA:89,0
DA:90,0
DA:92,0
DA:99,0
DA:100,0
DA:113,2
DA:114,0
DA:115,0
DA:117,0
DA:124,0
DA:125,0
DA:138,2
DA:139,0
DA:140,0
DA:141,0
DA:143,0
DA:150,0
DA:151,0
DA:164,2
DA:165,0
DA:166,0
DA:177,0
DA:183,0
DA:184,0
DA:197,2
DA:198,0
DA:199,0
DA:201,0
DA:211,0
DA:218,0
DA:219,0
DA:232,2
DA:233,0
DA:234,0
DA:236,0
DA:242,0
DA:243,0
DA:256,2
DA:257,0
DA:258,0
DA:260,0
DA:261,0
DA:267,0
DA:269,0
DA:275,0
DA:276,0
DA:289,2
DA:290,0
DA:291,0
DA:293,0
DA:294,0
DA:300,0
DA:302,0
DA:308,0
DA:309,0
DA:322,2
DA:323,0
DA:324,0
DA:327,0
DA:332,0
DA:335,0
DA:338,0
DA:340,0
DA:361,0
DA:363,0
DA:365,0
DA:372,0
DA:373,0
DA:386,2
DA:387,0
DA:388,0
DA:389,0
DA:392,0
DA:396,0
DA:397,0
DA:404,0
DA:409,0
DA:410,0
DA:411,0
DA:415,0
DA:429,0
DA:430,0
DA:432,0
DA:452,0
DA:454,0
DA:460,0
DA:461,0
DA:474,2
DA:475,0
DA:476,0
DA:477,0
DA:479,0
DA:480,0
DA:486,0
DA:488,0
DA:494,0
DA:495,0
DA:501,0
DA:503,0
DA:514,0
DA:515,0
DA:528,2
DA:529,0
DA:530,0
DA:531,0
DA:533,0
DA:536,0
DA:537,0
DA:543,0
DA:544,0
DA:551,0
DA:557,0
DA:558,0
DA:564,0
DA:566,0
DA:578,0
DA:579,0
DA:592,2
DA:593,0
DA:594,0
DA:596,0
DA:599,0
DA:600,0
DA:607,0
DA:608,0
DA:609,0
DA:615,0
DA:616,0
DA:624,0
DA:625,0
DA:627,0
DA:628,0
DA:635,0
DA:642,0
DA:644,0
DA:646,0
DA:654,0
DA:655,0
DA:668,2
DA:669,0
DA:670,0
DA:672,0
DA:674,0
DA:678,0
DA:679,0
DA:685,0
DA:687,0
DA:698,0
DA:699,0
DA:712,2
DA:713,0
DA:714,0
DA:716,0
DA:719,0
DA:720,0
DA:723,0
DA:724,0
DA:725,0
DA:726,0
DA:727,0
DA:731,0
DA:738,0
DA:739,0
DA:740,0
DA:742,0
DA:744,0
DA:762,0
DA:763,0
DA:776,2
DA:777,0
DA:778,0
DA:779,0
DA:781,0
DA:783,0
DA:789,0
DA:790,0
DA:796,0
DA:798,0
DA:808,0
DA:809,0
DA:822,2
DA:823,0
DA:824,0
DA:825,0
DA:827,0
DA:829,0
DA:835,0
DA:836,0
DA:842,0
DA:844,0
DA:854,0
DA:855,0
DA:868,2
DA:869,0
DA:870,0
DA:871,0
DA:873,0
DA:875,0
DA:877,0
DA:878,0
DA:884,0
DA:886,0
DA:892,0
DA:893,0
DA:906,2
DA:907,0
DA:908,0
DA:909,0
DA:911,0
[...]
DA:732,0
DA:733,0
DA:745,0
DA:748,0
DA:751,0
DA:752,0
DA:753,0
DA:755,0
DA:757,0
DA:761,0
DA:767,0
DA:771,0
DA:772,0
DA:777,0
DA:778,0
DA:782,0
DA:783,0
DA:787,0
DA:788,0
DA:793,0
DA:797,0
DA:799,0
DA:800,0
DA:801,0
DA:803,0
DA:807,0
DA:812,0
DA:813,0
DA:821,0
DA:822,0
DA:827,0
DA:828,0
DA:833,0
DA:834,0
DA:838,0
DA:841,0
DA:850,0
DA:852,0
DA:853,0
DA:861,0
DA:862,0
DA:863,0
DA:865,0
DA:869,0
DA:871,0
DA:872,0
DA:880,0
DA:881,0
DA:884,0
DA:885,0
DA:888,0
DA:891,0
DA:909,0
DA:910,0
DA:911,0
DA:913,0
DA:917,0
DA:920,0
DA:922,0
DA:925,0
DA:926,0
DA:929,0
DA:930,0
DA:931,0
DA:932,0
DA:935,0
DA:938,0
DA:939,0
DA:943,0
DA:952,0
DA:954,0
DA:955,0
DA:958,0
DA:977,0
DA:979,0
DA:982,0
DA:983,0
DA:991,0
DA:993,0
DA:994,0
DA:997,0
DA:1029,0
DA:1030,0
DA:1032,0
DA:1035,0
DA:1037,0
DA:1040,0
DA:1041,0
DA:1046,0
DA:1047,0
DA:1050,0
DA:1051,0
DA:1059,0
DA:1061,0
DA:1062,0
DA:1063,0
DA:1064,0
DA:1069,0
DA:1071,0
DA:1074,0
DA:1077,0
DA:1078,0
DA:1079,0
DA:1080,0
DA:1081,0
DA:1082,0
DA:1083,0
DA:1087,0
DA:1088,0
DA:1091,0
DA:1092,0
DA:1093,0
DA:1094,0
DA:1095,0
DA:1097,0
DA:1101,0
DA:1102,0
DA:1103,0
DA:1104,0
DA:1106,0
DA:1110,0
DA:1117,2
DA:1118,0
DA:1119,0
DA:1121,0
DA:1123,0
DA:1124,0
DA:1130,0
DA:1131,0
DA:1132,0
DA:1133,0
DA:1135,0
DA:1141,0
DA:1144,0
DA:1145,0
DA:1152,2
DA:1153,0
DA:1156,0
DA:1168,0
DA:1169,0
LF:317
LH:16
BRDA:24,0,0,2
BRDA:24,0,1,2
BRDA:37,1,0,2
BRDA:37,1,1,2
BRDA:38,2,0,2
BRDA:38,2,1,2
BRDA:61,3,0,0
BRDA:61,3,1,0
BRDA:63,4,0,0
BRDA:63,4,1,0
BRDA:66,5,0,0
BRDA:66,5,1,0
BRDA:71,6,0,0
BRDA:71,6,1,0
BRDA:75,7,0,0
BRDA:75,7,1,0
BRDA:76,8,0,0
BRDA:76,8,1,0
BRDA:81,9,0,0
BRDA:81,9,1,0
BRDA:101,10,0,0
BRDA:101,10,1,0
BRDA:105,11,0,0
BRDA:105,11,1,0
BRDA:108,12,0,0
BRDA:108,12,1,0
BRDA:109,13,0,0
BRDA:109,13,1,0
BRDA:114,14,0,0
BRDA:114,14,1,0
BRDA:127,15,0,0
BRDA:127,15,1,0
BRDA:127,16,0,0
BRDA:127,16,1,0
BRDA:133,17,0,0
BRDA:133,17,1,0
BRDA:133,18,0,0
BRDA:133,18,1,0
BRDA:134,19,0,0
BRDA:134,19,1,0
BRDA:138,20,0,0
BRDA:138,20,1,0
BRDA:145,21,0,0
BRDA:145,21,1,0
BRDA:146,22,0,0
BRDA:146,22,1,0
BRDA:155,23,0,0
BRDA:155,23,1,0
BRDA:157,24,0,0
BRDA:157,24,1,0
BRDA:162,25,0,0
BRDA:162,25,1,0
BRDA:222,26,0,0
BRDA:222,26,1,0
BRDA:222,27,0,0
BRDA:222,27,1,0
BRDA:223,28,0,0
BRDA:223,28,1,0
BRDA:223,29,0,0
BRDA:223,29,1,0
BRDA:224,30,0,0
BRDA:224,30,1,0
BRDA:227,31,0,0
BRDA:227,31,1,0
BRDA:242,32,0,0
BRDA:242,32,1,0
BRDA:269,33,0,0
BRDA:269,33,1,0
BRDA:280,34,0,0
BRDA:280,34,1,0
BRDA:280,35,0,0
BRDA:280,35,1,0
BRDA:280,35,2,0
BRDA:280,35,3,0
BRDA:280,35,4,0
BRDA:280,35,5,0
BRDA:280,35,6,0
BRDA:280,35,7,0
BRDA:295,36,0,0
BRDA:295,36,1,0
BRDA:301,37,0,0
BRDA:301,37,1,0
BRDA:302,38,0,0
BRDA:302,38,1,0
BRDA:307,39,0,0
BRDA:307,39,1,0
BRDA:311,40,0,0
BRDA:311,40,1,0
BRDA:316,41,0,0
BRDA:316,41,1,0
BRDA:330,42,0,0
BRDA:330,42,1,0
BRDA:337,43,0,0
BRDA:337,43,1,0
BRDA:357,44,0,0
BRDA:357,44,1,0
BRDA:357,44,2,0
BRDA:357,44,3,0
BRDA:357,44,4,0
BRDA:363,45,0,0
BRDA:363,45,1,0
BRDA:395,46,0,0
BRDA:395,46,1,0
BRDA:396,47,0,0
BRDA:396,47,1,0
BRDA:401,48,0,0
BRDA:401,48,1,0
BRDA:402,49,0,0
BRDA:402,49,1,0
BRDA:403,50,0,0
BRDA:403,50,1,0
BRDA:414,51,0,0
BRDA:414,51,1,0
BRDA:415,52,0,0
BRDA:415,52,1,0
BRDA:534,53,0,0
BRDA:534,53,1,0
BRDA:535,54,0,0
BRDA:535,54,1,0
BRDA:563,55,0,0
BRDA:563,55,1,0
BRDA:566,56,0,0
BRDA:566,56,1,0
BRDA:575,57,0,0
BRDA:575,57,1,0
BRDA:584,58,0,0
BRDA:584,58,1,0
BRDA:584,59,0,0
BRDA:584,59,1,0
BRDA:588,60,0,0
BRDA:588,60,1,0
BRDA:588,61,0,0
BRDA:588,61,1,0
BRDA:593,62,0,0
BRDA:593,62,1,0
BRDA:598,63,0,0
BRDA:598,63,1,0
BRDA:598,64,0,0
BRDA:598,64,1,0
BRDA:598,64,2,0
BRDA:598,64,3,0
BRDA:607,65,0,0
BRDA:607,65,1,0
BRDA:612,66,0,0
BRDA:612,66,1,0
BRDA:612,67,0,0
BRDA:612,67,1,0
BRDA:648,68,0,0
BRDA:648,68,1,0
BRDA:669,69,0,0
BRDA:669,69,1,0
BRDA:701,70,0,0
BRDA:701,70,1,0
BRDA:736,71,0,0
BRDA:736,71,1,0
BRDA:751,72,0,0
BRDA:751,72,1,0
BRDA:753,73,0,0
BRDA:753,73,1,0
BRDA:777,74,0,0
BRDA:777,74,1,0
BRDA:782,75,0,0
BRDA:782,75,1,0
BRDA:787,76,0,0
BRDA:787,76,1,0
BRDA:797,77,0,0
BRDA:797,77,1,0
BRDA:800,78,0,0
BRDA:800,78,1,0
BRDA:812,79,0,0
BRDA:812,79,1,0
BRDA:821,80,0,0
BRDA:821,80,1,0
BRDA:821,81,0,0
BRDA:821,81,1,0
BRDA:861,82,0,0
BRDA:861,82,1,0
BRDA:879,83,0,0
BRDA:909,84,0,0
BRDA:909,84,1,0
BRDA:931,85,0,0
BRDA:931,85,1,0
BRDA:938,86,0,0
BRDA:938,86,1,0
BRDA:1061,87,0,0
BRDA:1061,87,1,0
BRDA:1063,88,0,0
BRDA:1063,88,1,0
BRDA:1077,89,0,0
BRDA:1077,89,1,0
BRDA:1077,90,0,0
BRDA:1077,90,1,0
BRDA:1087,91,0,0
BRDA:1087,91,1,0
BRDA:1123,92,0,0
BRDA:1123,92,1,0
BRDA:1123,93,0,0
BRDA:1123,93,1,0
BRDA:1130,94,0,0
BRDA:1130,94,1,0
BRDA:1131,95,0,0
BRDA:1131,95,1,0
BRDA:1132,96,0,0
BRDA:1132,96,1,0
BRDA:1133,97,0,0
BRDA:1133,97,1,0
BRF:206
BRH:6
end_of_record
TN:
SF:utils\itemUtils.js
FN:14,toObjectId
FN:27,assertVendorAvailableInUni
FN:34,(anonymous_2)
FN:60,getItemsForVendorId
FN:74,(anonymous_4)
FN:78,(anonymous_5)
FN:82,(anonymous_6)
FN:83,(anonymous_7)
FN:103,(anonymous_8)
FN:104,(anonymous_9)
FN:109,(anonymous_10)
FN:127,(anonymous_11)
FN:162,getVendorsByItemId
FN:189,(anonymous_13)
FN:216,getRetailItemsForVendorId
FN:225,(anonymous_15)
FN:227,(anonymous_16)
FN:236,(anonymous_17)
FN:238,(anonymous_18)
FN:258,getProduceItemsForVendorId
FN:267,(anonymous_20)
FN:276,(anonymous_21)
FN:278,(anonymous_22)
FN:297,getRawItemsForVendorId
FN:307,(anonymous_24)
FN:320,(anonymous_25)
FN:322,(anonymous_26)
FNF:27
FNH:0
FNDA:0,toObjectId
FNDA:0,assertVendorAvailableInUni
FNDA:0,(anonymous_2)
FNDA:0,getItemsForVendorId
FNDA:0,(anonymous_4)
FNDA:0,(anonymous_5)
FNDA:0,(anonymous_6)
FNDA:0,(anonymous_7)
FNDA:0,(anonymous_8)
FNDA:0,(anonymous_9)
FNDA:0,(anonymous_10)
FNDA:0,(anonymous_11)
FNDA:0,getVendorsByItemId
FNDA:0,(anonymous_13)
FNDA:0,getRetailItemsForVendorId
FNDA:0,(anonymous_15)
FNDA:0,(anonymous_16)
FNDA:0,(anonymous_17)
FNDA:0,(anonymous_18)
FNDA:0,getProduceItemsForVendorId
FNDA:0,(anonymous_20)
FNDA:0,(anonymous_21)
FNDA:0,(anonymous_22)
FNDA:0,getRawItemsForVendorId
FNDA:0,(anonymous_24)
FNDA:0,(anonymous_25)
FNDA:0,(anonymous_26)
DA:3,2
DA:4,2
DA:5,2
DA:6,2
DA:7,2
DA:8,2
DA:15,0
DA:16,0
DA:18,0
DA:28,0
DA:29,0
DA:30,0
DA:33,0
DA:34,0
DA:36,0
DA:37,0
DA:39,0
DA:40,0
DA:61,0
DA:64,0
DA:67,0
DA:70,0
DA:73,0
DA:74,0
DA:77,0
DA:78,0
DA:82,0
DA:83,0
DA:87,0
DA:103,0
DA:104,0
DA:108,0
DA:110,0
DA:111,0
DA:112,0
DA:126,0
DA:128,0
DA:129,0
DA:130,0
DA:143,0
DA:163,0
DA:164,0
DA:169,0
DA:171,0
DA:175,0
DA:181,0
DA:182,0
DA:183,0
DA:185,0
DA:188,0
DA:189,0
DA:191,0
DA:197,0
DA:201,0
DA:209,0
DA:213,0
DA:217,0
DA:218,0
DA:221,0
DA:222,0
DA:224,0
DA:225,0
DA:227,0
DA:229,0
DA:236,0
DA:237,0
DA:239,0
DA:240,0
DA:241,0
DA:254,0
DA:259,0
DA:260,0
DA:263,0
DA:264,0
DA:266,0
DA:267,0
DA:269,0
DA:276,0
DA:277,0
DA:279,0
DA:280,0
DA:281,0
DA:293,0
DA:298,0
DA:299,0
DA:302,0
DA:303,0
DA:306,0
DA:307,0
DA:310,0
DA:311,0
DA:314,0
DA:320,0
DA:321,0
DA:323,0
DA:324,0
DA:325,0
DA:335,0
DA:338,2
LF:99
LH:7
BRDA:15,0,0,0
BRDA:15,0,1,0
BRDA:29,1,0,0
BRDA:29,1,1,0
BRDA:33,2,0,0
BRDA:33,2,1,0
BRDA:36,3,0,0
BRDA:36,3,1,0
BRDA:39,4,0,0
BRDA:39,4,1,0
BRDA:67,5,0,0
BRDA:67,5,1,0
BRDA:73,6,0,0
BRDA:73,6,1,0
BRDA:77,7,0,0
BRDA:77,7,1,0
BRDA:111,8,0,0
BRDA:111,8,1,0
BRDA:129,9,0,0
BRDA:129,9,1,0
BRDA:163,10,0,0
BRDA:163,10,1,0
BRDA:171,11,0,0
BRDA:171,11,1,0
BRDA:188,12,0,0
BRDA:188,12,1,0
BRDA:191,13,0,0
BRDA:191,13,1,0
BRDA:197,14,0,0
BRDA:197,14,1,0
BRDA:198,15,0,0
BRDA:198,15,1,0
BRDA:199,16,0,0
BRDA:199,16,1,0
BRDA:221,17,0,0
BRDA:221,17,1,0
BRDA:224,18,0,0
BRDA:224,18,1,0
BRDA:240,19,0,0
BRDA:240,19,1,0
BRDA:263,20,0,0
BRDA:263,20,1,0
BRDA:280,21,0,0
BRDA:280,21,1,0
BRDA:302,22,0,0
BRDA:302,22,1,0
BRDA:306,23,0,0
BRDA:306,23,1,0
BRDA:310,24,0,0
BRDA:310,24,1,0
BRDA:324,25,0,0
BRDA:324,25,1,0
BRDA:330,26,0,0
BRDA:330,26,1,0
BRF:54
BRH:0
end_of_record
TN:
SF:utils\logger.js
FN:7,(anonymous_0)
FNF:1
FNH:0
FNDA:0,(anonymous_0)
DA:1,0
DA:2,0
DA:3,0
DA:5,0
DA:7,0
DA:8,0
DA:9,0
DA:10,0
DA:12,0
DA:14,0
DA:15,0
DA:16,0
DA:18,0
DA:20,0
DA:21,0
DA:22,0
DA:25,0
DA:27,0
DA:28,0
DA:29,0
DA:30,0
DA:31,0
DA:35,0
DA:36,0
DA:37,0
DA:39,0
DA:41,0
DA:43,0
DA:44,0
LF:29
LH:0
BRDA:12,0,0,0
BRDA:12,0,1,0
BRDA:15,1,0,0
BRDA:15,1,1,0
BRDA:20,2,0,0
BRDA:20,2,1,0
BRDA:27,3,0,0
BRDA:27,3,1,0
BRF:8
BRH:0
end_of_record
TN:
SF:utils\migrateOrderNumbers.js
FN:14,generateOrderNumberForMigration
FN:37,migrateOrderNumbers
FN:70,(anonymous_2)
FN:89,(anonymous_3)
FN:93,(anonymous_4)
FNF:5
FNH:0
FNDA:0,generateOrderNumberForMigration
FNDA:0,migrateOrderNumbers
FNDA:0,(anonymous_2)
FNDA:0,(anonymous_3)
FNDA:0,(anonymous_4)
DA:2,0
DA:3,0
DA:4,0
DA:5,0
DA:16,0
DA:20,0
DA:23,0
DA:26,0
DA:32,0
DA:34,0
DA:38,0
DA:39,0
DA:42,0
DA:47,0
DA:49,0
DA:50,0
DA:51,0
DA:54,0
DA:55,0
DA:57,0
DA:58,0
DA:59,0
DA:61,0
DA:66,0
DA:67,0
DA:70,0
DA:73,0
DA:74,0
DA:78,0
DA:81,0
DA:82,0
DA:87,0
DA:88,0
DA:90,0
DA:91,0
DA:94,0
DA:95,0
DA:99,0
LF:38
LH:0
BRDA:49,0,0,0
BRDA:49,0,1,0
BRDA:87,1,0,0
BRDA:87,1,1,0
BRF:4
BRH:0
end_of_record
TN:
SF:utils\orderCleanupUtils.js
FN:14,cleanupOrderAtomically
FN:44,cleanupExpiredOrders
FN:69,(anonymous_2)
FN:137,forceReleaseOrderLocks
FN:161,getLockStatistics
FN:187,startPeriodicCleanup
FN:188,(anonymous_6)
FNF:7
FNH:1
FNDA:0,cleanupOrderAtomically
FNDA:0,cleanupExpiredOrders
FNDA:0,(anonymous_2)
FNDA:0,forceReleaseOrderLocks
FNDA:0,getLockStatistics
FNDA:1,startPeriodicCleanup
FNDA:0,(anonymous_6)
DA:1,2
DA:2,2
DA:3,2
DA:4,2
DA:5,2
DA:8,2
DA:15,0
DA:17,0
DA:19,0
DA:21,0
DA:23,0
DA:24,0
DA:45,0
DA:46,0
DA:48,0
DA:51,0
DA:57,0
DA:58,0
DA:61,0
DA:62,0
DA:64,0
DA:65,0
DA:67,0
DA:68,0
DA:69,0
DA:71,0
DA:72,0
DA:73,0
DA:76,0
DA:77,0
DA:79,0
DA:80,0
DA:81,0
DA:82,0
DA:84,0
DA:86,0
DA:91,0
DA:97,0
DA:98,0
DA:100,0
DA:101,0
DA:102,0
DA:105,0
DA:106,0
DA:111,0
DA:114,0
DA:115,0
DA:122,0
DA:129,0
DA:130,0
DA:138,0
DA:139,0
DA:140,0
DA:141,0
DA:144,0
DA:146,0
DA:153,0
DA:154,0
DA:162,0
DA:163,0
DA:164,0
DA:169,0
DA:171,0
DA:179,0
DA:180,0
DA:188,1
DA:189,0
DA:190,0
DA:191,0
DA:193,0
DA:197,1
DA:198,1
DA:201,2
LF:73
LH:10
BRDA:57,0,0,0
BRDA:57,0,1,0
BRDA:72,1,0,0
BRDA:72,1,1,0
BRDA:72,2,0,0
BRDA:72,2,1,0
BRDA:77,3,0,0
BRDA:77,3,1,0
BRDA:80,4,0,0
BRDA:80,4,1,0
BRDA:81,5,0,0
BRDA:81,5,1,0
BRDA:84,6,0,0
BRDA:84,6,1,0
BRDA:101,7,0,0
BRDA:101,7,1,0
BRDA:140,8,0,0
BRDA:140,8,1,0
BRDA:187,9,0,0
BRF:19
BRH:0
end_of_record
TN:
SF:utils\orderUtils.js
FN:38,cancelOrderAtomically
FN:93,generateOrderNumber
FN:133,generateTimeBasedOrderNumber
FN:170,generateUltraHighPerformanceOrderNumberWithDailyReset
FN:197,generateRazorpayOrderForUser
FN:217,(anonymous_5)
FN:253,(anonymous_6)
FN:304,(anonymous_7)
FN:393,createOrderAfterPayment
FN:408,(anonymous_9)
FN:439,getPendingOrderDetails
FN:444,storePendingOrderDetails
FN:449,removePendingOrderDetails
FN:453,verifyAndProcessPaymentWithOrderId
FN:473,(anonymous_14)
FN:498,postPaymentProcessing
FN:502,(anonymous_16)
FN:537,(anonymous_17)
FN:550,(anonymous_18)
FN:553,(anonymous_19)
FN:606,getOrdersWithDetails
FN:634,(anonymous_21)
FN:635,(anonymous_22)
FN:648,(anonymous_23)
FN:651,(anonymous_24)
FN:655,(anonymous_25)
FN:658,(anonymous_26)
FN:696,getOrderWithDetails
FN:721,(anonymous_28)
FN:735,(anonymous_29)
FN:738,(anonymous_30)
FN:742,(anonymous_31)
FN:777,getVendorPastOrdersWithDetails
FN:804,(anonymous_33)
FN:805,(anonymous_34)
FN:818,(anonymous_35)
FN:821,(anonymous_36)
FN:825,(anonymous_37)
FN:826,(anonymous_38)
FN:857,getDeliveryOrdersWithDetails
FN:884,(anonymous_40)
FN:885,(anonymous_41)
FN:898,(anonymous_42)
FN:901,(anonymous_43)
FN:905,(anonymous_44)
FN:906,(anonymous_45)
FNF:46
FNH:0
FNDA:0,cancelOrderAtomically
FNDA:0,generateOrderNumber
FNDA:0,generateTimeBasedOrderNumber
FNDA:0,generateUltraHighPerformanceOrderNumberWithDailyReset
FNDA:0,generateRazorpayOrderForUser
FNDA:0,(anonymous_5)
FNDA:0,(anonymous_6)
FNDA:0,(anonymous_7)
FNDA:0,createOrderAfterPayment
FNDA:0,(anonymous_9)
FNDA:0,getPendingOrderDetails
FNDA:0,storePendingOrderDetails
FNDA:0,removePendingOrderDetails
FNDA:0,verifyAndProcessPaymentWithOrderId
FNDA:0,(anonymous_14)
FNDA:0,postPaymentProcessing
FNDA:0,(anonymous_16)
FNDA:0,(anonymous_17)
FNDA:0,(anonymous_18)
FNDA:0,(anonymous_19)
FNDA:0,getOrdersWithDetails
FNDA:0,(anonymous_21)
FNDA:0,(anonymous_22)
FNDA:0,(anonymous_23)
FNDA:0,(anonymous_24)
FNDA:0,(anonymous_25)
FNDA:0,(anonymous_26)
FNDA:0,getOrderWithDetails
FNDA:0,(anonymous_28)
FNDA:0,(anonymous_29)
FNDA:0,(anonymous_30)
FNDA:0,(anonymous_31)
FNDA:0,getVendorPastOrdersWithDetails
FNDA:0,(anonymous_33)
FNDA:0,(anonymous_34)
FNDA:0,(anonymous_35)
FNDA:0,(anonymous_36)
FNDA:0,(anonymous_37)
FNDA:0,(anonymous_38)
FNDA:0,getDeliveryOrdersWithDetails
FNDA:0,(anonymous_40)
FNDA:0,(anonymous_41)
FNDA:0,(anonymous_42)
FNDA:0,(anonymous_43)
FNDA:0,(anonymous_44)
FNDA:0,(anonymous_45)
DA:3,2
DA:4,2
DA:5,2
DA:7,2
DA:8,2
DA:9,2
DA:10,2
DA:11,2
DA:12,2
DA:13,2
DA:14,2
DA:15,2
DA:18,2
DA:21,2
DA:22,2
DA:24,2
DA:25,2
DA:26,2
DA:27,0
DA:29,2
DA:39,0
DA:41,0
DA:48,0
DA:58,0
DA:65,0
DA:67,0
DA:69,0
DA:75,0
DA:76,0
DA:94,0
DA:95,0
DA:100,0
DA:103,0
DA:107,0
DA:113,0
DA:115,0
DA:135,0
DA:138,0
DA:142,0
DA:145,0
DA:151,0
DA:153,0
DA:172,0
DA:175,0
DA:178,0
DA:179,0
DA:182,0
DA:186,0
DA:192,0
DA:194,0
DA:205,0
DA:206,0
DA:207,0
DA:210,0
DA:211,0
DA:212,0
DA:214,0
DA:217,0
DA:226,0
DA:227,0
DA:229,0
DA:230,0
DA:234,0
DA:235,0
DA:238,0
DA:239,0
DA:240,0
DA:245,0
DA:246,0
DA:247,0
DA:250,0
DA:251,0
DA:253,0
DA:262,0
DA:263,0
DA:264,0
DA:265,0
DA:267,0
DA:269,0
DA:272,0
DA:273,0
DA:275,0
DA:276,0
DA:280,0
DA:288,0
DA:289,0
DA:290,0
DA:292,0
DA:294,0
DA:304,0
DA:314,0
DA:323,0
DA:324,0
DA:326,0
DA:333,0
DA:340,0
DA:347,0
DA:360,0
DA:361,0
DA:362,0
DA:363,0
DA:367,0
DA:383,0
DA:389,0
DA:407,0
DA:408,0
DA:413,0
DA:427,0
DA:431,0
DA:435,0
DA:440,0
DA:445,0
DA:450,0
DA:459,0
DA:462,0
DA:464,0
DA:469,0
DA:471,0
DA:472,0
DA:473,0
DA:474,0
DA:477,0
DA:478,0
DA:480,0
DA:482,0
DA:483,0
DA:484,0
DA:486,0
DA:490,0
DA:494,0
DA:495,0
DA:499,0
DA:502,0
DA:503,0
DA:504,0
DA:515,0
DA:527,0
DA:530,0
DA:531,0
DA:533,0
DA:536,0
DA:537,0
DA:540,0
DA:549,0
DA:550,0
DA:552,0
DA:553,0
DA:555,0
DA:556,0
DA:558,0
DA:559,0
DA:560,0
DA:561,0
DA:562,0
DA:563,0
DA:564,0
DA:566,0
DA:567,0
DA:575,0
DA:576,0
DA:578,0
DA:586,0
DA:592,0
DA:596,0
DA:608,0
DA:614,0
DA:615,0
DA:629,0
DA:632,0
DA:633,0
DA:634,0
DA:635,0
DA:636,0
DA:641,0
DA:647,0
DA:648,0
DA:650,0
DA:651,0
DA:655,0
DA:656,0
DA:658,0
DA:659,0
DA:660,0
DA:661,0
DA:670,0
DA:683,0
DA:689,0
DA:697,0
DA:699,0
DA:712,0
DA:713,0
DA:714,0
DA:718,0
DA:719,0
DA:720,0
DA:721,0
DA:722,0
DA:723,0
DA:728,0
DA:734,0
DA:735,0
DA:737,0
DA:738,0
DA:742,0
DA:743,0
DA:744,0
DA:745,0
DA:754,0
DA:768,0
DA:769,0
DA:779,0
DA:785,0
DA:799,0
DA:802,0
DA:803,0
DA:804,0
DA:805,0
DA:806,0
DA:811,0
DA:817,0
DA:818,0
DA:820,0
DA:821,0
DA:825,0
DA:826,0
DA:827,0
DA:828,0
DA:829,0
DA:838,0
DA:859,0
DA:865,0
DA:879,0
DA:882,0
DA:883,0
DA:884,0
DA:885,0
DA:886,0
DA:891,0
DA:897,0
DA:898,0
DA:900,0
DA:901,0
DA:905,0
DA:906,0
DA:907,0
DA:908,0
DA:909,0
DA:918,0
DA:933,2
LF:249
LH:20
BRDA:26,0,0,0
BRDA:26,0,1,2
BRDA:26,1,0,2
BRDA:26,1,1,2
BRDA:206,2,0,0
BRDA:206,2,1,0
BRDA:207,3,0,0
BRDA:207,3,1,0
BRDA:207,4,0,0
BRDA:207,4,1,0
BRDA:226,5,0,0
BRDA:226,5,1,0
BRDA:229,6,0,0
BRDA:229,6,1,0
BRDA:229,7,0,0
BRDA:229,7,1,0
BRDA:229,7,2,0
BRDA:235,8,0,0
BRDA:235,8,1,0
BRDA:238,9,0,0
BRDA:238,9,1,0
BRDA:239,10,0,0
BRDA:239,10,1,0
BRDA:246,11,0,0
BRDA:246,11,1,0
BRDA:247,12,0,0
BRDA:247,12,1,0
BRDA:259,13,0,0
BRDA:259,13,1,0
BRDA:259,14,0,0
BRDA:259,14,1,0
BRDA:263,15,0,0
BRDA:263,15,1,0
BRDA:264,16,0,0
BRDA:264,16,1,0
BRDA:272,17,0,0
BRDA:272,17,1,0
BRDA:275,18,0,0
BRDA:275,18,1,0
BRDA:288,19,0,0
BRDA:288,19,1,0
BRDA:289,20,0,0
BRDA:289,20,1,0
BRDA:362,21,0,0
BRDA:362,21,1,0
BRDA:421,22,0,0
BRDA:421,22,1,0
BRDA:462,23,0,0
BRDA:462,23,1,0
BRDA:469,24,0,0
BRDA:469,24,1,0
BRDA:503,25,0,0
BRDA:503,25,1,0
BRDA:527,26,0,0
BRDA:527,26,1,0
BRDA:537,27,0,0
BRDA:537,27,1,0
BRDA:550,28,0,0
BRDA:550,28,1,0
BRDA:553,29,0,0
BRDA:553,29,1,0
BRDA:555,30,0,0
BRDA:555,30,1,0
BRDA:556,31,0,0
BRDA:556,31,1,0
BRDA:560,32,0,0
BRDA:560,32,1,0
BRDA:561,33,0,0
BRDA:561,33,1,0
BRDA:566,34,0,0
BRDA:566,34,1,0
BRDA:575,35,0,0
BRDA:575,35,1,0
BRDA:614,36,0,0
BRDA:614,36,1,0
BRDA:629,37,0,0
BRDA:629,37,1,0
BRDA:636,38,0,0
BRDA:636,38,1,0
BRDA:660,39,0,0
BRDA:660,39,1,0
BRDA:712,40,0,0
BRDA:712,40,1,0
BRDA:720,41,0,0
BRDA:720,41,1,0
BRDA:720,42,0,0
BRDA:720,42,1,0
BRDA:722,43,0,0
BRDA:722,43,1,0
BRDA:723,44,0,0
BRDA:723,44,1,0
BRDA:729,45,0,0
BRDA:729,45,1,0
BRDA:730,46,0,0
BRDA:730,46,1,0
BRDA:742,47,0,0
BRDA:742,47,1,0
BRDA:744,48,0,0
BRDA:744,48,1,0
BRDA:746,49,0,0
BRDA:746,49,1,0
BRDA:747,50,0,0
BRDA:747,50,1,0
BRDA:748,51,0,0
BRDA:748,51,1,0
BRDA:750,52,0,0
BRDA:750,52,1,0
BRDA:799,53,0,0
BRDA:799,53,1,0
BRDA:806,54,0,0
BRDA:806,54,1,0
BRDA:828,55,0,0
BRDA:828,55,1,0
BRDA:830,56,0,0
BRDA:830,56,1,0
BRDA:831,57,0,0
BRDA:831,57,1,0
BRDA:832,58,0,0
BRDA:832,58,1,0
BRDA:834,59,0,0
BRDA:834,59,1,0
BRDA:879,60,0,0
BRDA:879,60,1,0
BRDA:886,61,0,0
BRDA:886,61,1,0
BRDA:908,62,0,0
BRDA:908,62,1,0
BRDA:910,63,0,0
BRDA:910,63,1,0
BRDA:911,64,0,0
BRDA:911,64,1,0
BRDA:912,65,0,0
BRDA:912,65,1,0
BRDA:914,66,0,0
BRDA:914,66,1,0
BRF:135
BRH:3
end_of_record
TN:
SF:utils\paymentUtils.js
FN:10,validateRazorpaySignature
FNF:1
FNH:0
FNDA:0,validateRazorpaySignature
DA:3,2
DA:4,2
DA:15,0
DA:19,0
DA:22,2
LF:5
LH:3
BRF:0
BRH:0
end_of_record
TN:
SF:utils\secureUrlValidation.js
FN:59,(anonymous_0)
FN:192,(anonymous_1)
FN:195,(anonymous_2)
FN:208,(anonymous_3)
FN:224,(anonymous_4)
FN:241,(anonymous_5)
FN:242,(anonymous_6)
FN:279,(anonymous_7)
FN:282,(anonymous_8)
FN:295,(anonymous_9)
FN:319,(anonymous_10)
FN:344,(anonymous_11)
FNF:12
FNH:0
FNDA:0,(anonymous_0)
FNDA:0,(anonymous_1)
FNDA:0,(anonymous_2)
FNDA:0,(anonymous_3)
FNDA:0,(anonymous_4)
FNDA:0,(anonymous_5)
FNDA:0,(anonymous_6)
FNDA:0,(anonymous_7)
FNDA:0,(anonymous_8)
FNDA:0,(anonymous_9)
FNDA:0,(anonymous_10)
FNDA:0,(anonymous_11)
DA:13,0
DA:18,0
DA:27,0
DA:37,0
DA:59,0
DA:66,0
DA:69,0
DA:70,0
DA:78,0
DA:80,0
DA:81,0
DA:89,0
DA:90,0
DA:91,0
DA:92,0
DA:93,0
DA:102,0
DA:104,0
DA:107,0
DA:108,0
DA:117,0
DA:118,0
DA:126,0
DA:129,0
DA:130,0
DA:138,0
DA:139,0
DA:148,0
DA:150,0
DA:151,0
DA:159,0
DA:160,0
DA:168,0
DA:176,0
DA:177,0
DA:192,0
DA:193,0
DA:195,0
DA:208,0
DA:209,0
DA:224,0
DA:225,0
DA:241,0
DA:242,0
DA:243,0
DA:245,0
DA:246,0
DA:248,0
DA:249,0
DA:257,0
DA:266,0
DA:269,0
DA:279,0
DA:280,0
DA:282,0
DA:295,0
DA:296,0
DA:297,0
DA:300,0
DA:303,0
DA:306,0
DA:309,0
DA:311,0
DA:319,0
DA:320,0
DA:338,0
DA:344,0
DA:345,0
DA:346,0
DA:348,0
DA:357,0
DA:358,0
DA:360,0
DA:364,0
DA:367,0
LF:75
LH:0
BRDA:59,0,0,0
BRDA:61,1,0,0
BRDA:62,2,0,0
BRDA:63,3,0,0
BRDA:64,4,0,0
BRDA:65,5,0,0
BRDA:69,6,0,0
BRDA:69,6,1,0
BRDA:69,7,0,0
BRDA:69,7,1,0
BRDA:80,8,0,0
BRDA:80,8,1,0
BRDA:89,9,0,0
BRDA:89,9,1,0
BRDA:91,10,0,0
BRDA:91,10,1,0
BRDA:107,11,0,0
BRDA:107,11,1,0
BRDA:117,12,0,0
BRDA:117,12,1,0
BRDA:117,13,0,0
BRDA:117,13,1,0
BRDA:129,14,0,0
BRDA:129,14,1,0
BRDA:129,15,0,0
BRDA:129,15,1,0
BRDA:129,15,2,0
BRDA:138,16,0,0
BRDA:138,16,1,0
BRDA:138,17,0,0
BRDA:138,17,1,0
BRDA:148,18,0,0
BRDA:148,18,1,0
BRDA:150,19,0,0
BRDA:150,19,1,0
BRDA:159,20,0,0
BRDA:159,20,1,0
BRDA:195,21,0,0
BRDA:195,21,1,0
BRDA:241,22,0,0
BRDA:241,23,0,0
BRDA:243,24,0,0
BRDA:243,24,1,0
BRDA:243,24,2,0
BRDA:245,25,0,0
BRDA:245,25,1,0
BRDA:248,26,0,0
BRDA:248,26,1,0
BRDA:279,27,0,0
BRDA:282,28,0,0
BRDA:282,28,1,0
BRDA:296,29,0,0
BRDA:296,29,1,0
BRDA:296,30,0,0
BRDA:296,30,1,0
BRDA:354,31,0,0
BRDA:354,31,1,0
BRDA:357,32,0,0
BRDA:357,32,1,0
BRF:59
BRH:0
end_of_record
TN:
SF:utils\sendOtp.js
FN:16,(anonymous_0)
FNF:1
FNH:0
FNDA:0,(anonymous_0)
DA:1,2
DA:3,2
DA:16,2
DA:17,0
DA:24,0
DA:25,0
DA:26,0
DA:28,0
DA:32,2
LF:9
LH:4
BRF:0
BRH:0
end_of_record
TN:
SF:utils\tempUtils.js
FNF:0
FNH:0
LF:0
LH:0
BRF:0
BRH:0
end_of_record
TN:
SF:utils\vendorUtils.js
FN:12,populateVendorWithUniversityItems
FN:26,(anonymous_1)
FN:34,(anonymous_2)
FN:41,(anonymous_3)
FNF:4
FNH:0
FNDA:0,populateVendorWithUniversityItems
FNDA:0,(anonymous_1)
FNDA:0,(anonymous_2)
FNDA:0,(anonymous_3)
DA:2,2
DA:3,2
DA:4,2
DA:13,0
DA:14,0
DA:17,0
DA:23,0
DA:26,0
DA:34,0
DA:41,0
DA:49,0
DA:50,0
DA:51,0
DA:53,0
DA:55,0
DA:57,0
DA:58,0
DA:62,2
LF:18
LH:4
BRDA:45,0,0,0
BRDA:45,0,1,0
BRF:2
BRH:0
end_of_record
